Script started on 2019-09-14 18:18:24-0700
]0;root@ubuntu: /home/bond/git/cs6210Project1_test/memoryroot@ubuntu:/home/bond/git/cs6210Project1_test/memory# ./monitor.py 
firsttest: 512.0 312.79296875
secondtest: 512.0 312.76953125
thirdtest: 512.0 312.7265625
fourthtest: 512.0 313.19921875
--------------------------------------------------------------------------------
total  :              5045012 KiB
free   :              1444924 KiB
buffers:                28236 KiB
cached :               949116 KiB


--------------------------------------------------------------------------------
firsttest: 512.0 313.3515625
secondtest: 512.0 312.76953125
thirdtest: 512.0 312.7265625
fourthtest: 512.0 313.19921875
--------------------------------------------------------------------------------
total  :              5045012 KiB
free   :              1390536 KiB
buffers:                28236 KiB
cached :               949116 KiB


--------------------------------------------------------------------------------
firsttest: 512.0 304.2890625
secondtest: 512.0 304.359375
thirdtest: 512.0 304.19921875
fourthtest: 512.0 304.86328125
--------------------------------------------------------------------------------
total  :              5045012 KiB
free   :              1441468 KiB
buffers:                28244 KiB
cached :               949112 KiB


--------------------------------------------------------------------------------
firsttest: 492.0 304.2890625
secondtest: 492.0 304.359375
thirdtest: 492.0 304.19921875
fourthtest: 492.0 304.86328125
--------------------------------------------------------------------------------
total  :              5045012 KiB
free   :              1392528 KiB
buffers:                28244 KiB
cached :               949132 KiB


--------------------------------------------------------------------------------
firsttest: 472.0 273.7734375
secondtest: 472.0 273.8203125
thirdtest: 472.0 273.65625
fourthtest: 472.0 274.4453125
--------------------------------------------------------------------------------
total  :              5045012 KiB
free   :              1291268 KiB
buffers:                28244 KiB
cached :               949148 KiB


--------------------------------------------------------------------------------
firsttest: 452.0 214.83203125
secondtest: 452.0 214.91015625
thirdtest: 452.0 214.7109375
fourthtest: 452.0 215.53515625
--------------------------------------------------------------------------------
total  :              5045012 KiB
free   :              1192544 KiB
buffers:                28256 KiB
cached :               949156 KiB


--------------------------------------------------------------------------------
firsttest: 432.0 185.04296875
secondtest: 432.0 185.2421875
thirdtest: 432.0 184.94921875
fourthtest: 432.0 185.75390625
--------------------------------------------------------------------------------
total  :              5045012 KiB
free   :              1102300 KiB
buffers:                28256 KiB
cached :               949156 KiB


--------------------------------------------------------------------------------
firsttest: 412.0 155.64453125
secondtest: 412.0 155.84375
thirdtest: 412.0 155.67578125
fourthtest: 412.0 156.359375
--------------------------------------------------------------------------------
total  :              5045012 KiB
free   :               991220 KiB
buffers:                28256 KiB
cached :               949156 KiB


--------------------------------------------------------------------------------
firsttest: 392.0 126.2421875
secondtest: 392.0 126.33203125
thirdtest: 392.0 126.125
fourthtest: 392.0 126.85546875
--------------------------------------------------------------------------------
total  :              5045012 KiB
free   :               885076 KiB
buffers:                28264 KiB
cached :               949156 KiB


--------------------------------------------------------------------------------
firsttest: 372.0 96.53515625
secondtest: 372.0 96.66796875
thirdtest: 372.0 96.453125
fourthtest: 372.0 97.22265625
--------------------------------------------------------------------------------
total  :              5045012 KiB
free   :               790688 KiB
buffers:                28264 KiB
cached :               949164 KiB


--------------------------------------------------------------------------------
firsttest: 392.0 107.1484375
secondtest: 392.0 107.33984375
thirdtest: 392.0 107.02734375
fourthtest: 392.0 107.85546875
--------------------------------------------------------------------------------
total  :              5045012 KiB
free   :               744732 KiB
buffers:                28264 KiB
cached :               949172 KiB


--------------------------------------------------------------------------------
firsttest: 372.0 77.80078125
secondtest: 372.0 78.0234375
thirdtest: 372.0 77.71484375
fourthtest: 372.0 78.56640625
--------------------------------------------------------------------------------
total  :              5045012 KiB
free   :               664312 KiB
buffers:                28272 KiB
cached :               949176 KiB


--------------------------------------------------------------------------------
firsttest: 392.0 88.69921875
secondtest: 392.0 88.9375
thirdtest: 392.0 88.62890625
fourthtest: 392.0 89.3515625
--------------------------------------------------------------------------------
total  :              5045012 KiB
free   :               633156 KiB
buffers:                28272 KiB
cached :               949176 KiB


--------------------------------------------------------------------------------
firsttest: 412.0 99.73046875
secondtest: 412.0 99.796875
thirdtest: 412.0 99.546875
fourthtest: 412.0 100.28515625
--------------------------------------------------------------------------------
total  :              5045012 KiB
free   :               593620 KiB
buffers:                28272 KiB
cached :               949184 KiB


--------------------------------------------------------------------------------
firsttest: 432.0 110.34765625
secondtest: 432.0 110.50390625
thirdtest: 432.0 110.16015625
fourthtest: 392.0 70.9375
--------------------------------------------------------------------------------
total  :              5045012 KiB
free   :               559604 KiB
buffers:                28280 KiB
cached :               949192 KiB


--------------------------------------------------------------------------------
firsttest: 412.0 213.4453125
secondtest: 412.0 213.19921875
thirdtest: 412.0 80.9921875
fourthtest: 412.0 81.74609375
--------------------------------------------------------------------------------
total  :              5045012 KiB
free   :               532168 KiB
buffers:                28280 KiB
cached :               949200 KiB


--------------------------------------------------------------------------------
firsttest: 392.0 193.875
secondtest: 392.0 193.578125
thirdtest: 432.0 92.1484375
fourthtest: 432.0 92.8984375
--------------------------------------------------------------------------------
total  :              5045012 KiB
free   :               561244 KiB
buffers:                28280 KiB
cached :               949200 KiB


--------------------------------------------------------------------------------
firsttest: 372.0 173.8046875
secondtest: 372.0 173.64453125
thirdtest: 452.0 103.37109375
fourthtest: 452.0 104.01953125
--------------------------------------------------------------------------------
total  :              5045012 KiB
free   :               614444 KiB
buffers:                28288 KiB
cached :               949200 KiB


--------------------------------------------------------------------------------
firsttest: 352.0 153.859375
secondtest: 352.0 153.56640625
thirdtest: 432.0 74.0859375
fourthtest: 432.0 74.93359375
--------------------------------------------------------------------------------
total  :              5045012 KiB
free   :               646132 KiB
buffers:                28304 KiB
cached :               949192 KiB


--------------------------------------------------------------------------------
firsttest: 332.0 133.8046875
secondtest: 332.0 133.6328125
thirdtest: 452.0 85.1875
fourthtest: 452.0 85.98046875
--------------------------------------------------------------------------------
total  :              5045012 KiB
free   :               699464 KiB
buffers:                28304 KiB
cached :               949224 KiB


--------------------------------------------------------------------------------
firsttest: 312.0 113.84765625
secondtest: 312.0 113.5546875
thirdtest: 472.0 96.4375
fourthtest: 472.0 97.203125
--------------------------------------------------------------------------------
total  :              5045012 KiB
free   :               721080 KiB
buffers:                28304 KiB
cached :               949228 KiB


--------------------------------------------------------------------------------
firsttest: 292.0 93.89453125
secondtest: 292.0 93.62109375
thirdtest: 492.0 107.5390625
fourthtest: 492.0 108.3515625
--------------------------------------------------------------------------------
total  :              5045012 KiB
free   :               735496 KiB
buffers:                28312 KiB
cached :               949228 KiB


--------------------------------------------------------------------------------
firsttest: 312.0 113.36328125
secondtest: 312.0 113.3125
thirdtest: 472.0 78.44921875
fourthtest: 472.0 79.3203125
--------------------------------------------------------------------------------
total  :              5045012 KiB
free   :               719564 KiB
buffers:                28312 KiB
cached :               949232 KiB


--------------------------------------------------------------------------------
firsttest: 292.0 94.046875
secondtest: 292.0 93.86328125
thirdtest: 492.0 88.8046875
fourthtest: 492.0 89.5625
--------------------------------------------------------------------------------
total  :              5045012 KiB
free   :               700368 KiB
buffers:                28312 KiB
cached :               949240 KiB


--------------------------------------------------------------------------------
firsttest: 312.0 113.39453125
secondtest: 312.0 113.34375
thirdtest: 512.0 99.6484375
fourthtest: 512.0 100.4140625
--------------------------------------------------------------------------------
total  :              5045012 KiB
free   :               683276 KiB
buffers:                28320 KiB
cached :               949248 KiB


--------------------------------------------------------------------------------
firsttest: 292.0 94.0234375
secondtest: 292.0 93.87109375
thirdtest: 512.0 90.68359375
fourthtest: 492.0 71.421875
--------------------------------------------------------------------------------
total  :              5045012 KiB
free   :               666296 KiB
buffers:                28320 KiB
cached :               949248 KiB


--------------------------------------------------------------------------------
firsttest: 312.0 113.39453125
secondtest: 312.0 113.34375
thirdtest: 512.0 81.73046875
fourthtest: 512.0 82.40625
--------------------------------------------------------------------------------
total  :              5045012 KiB
free   :               649712 KiB
buffers:                28328 KiB
cached :               949248 KiB


--------------------------------------------------------------------------------
firsttest: 292.0 94.0234375
secondtest: 292.0 93.89453125
thirdtest: 512.0 72.7578125
fourthtest: 512.0 73.453125
--------------------------------------------------------------------------------
total  :              5045012 KiB
free   :               630496 KiB
buffers:                28328 KiB
cached :               949248 KiB


--------------------------------------------------------------------------------
firsttest: 312.0 113.39453125
secondtest: 312.0 113.34375
thirdtest: 512.0 62.70703125
fourthtest: 512.0 63.4375
--------------------------------------------------------------------------------
total  :              5045012 KiB
free   :               609144 KiB
buffers:                28328 KiB
cached :               949260 KiB


--------------------------------------------------------------------------------
firsttest: 292.0 94.0234375
secondtest: 292.0 93.87109375
thirdtest: 512.0 52.65625
fourthtest: 512.0 53.38671875
--------------------------------------------------------------------------------
total  :              5045012 KiB
free   :               590104 KiB
buffers:                28336 KiB
cached :               949260 KiB


--------------------------------------------------------------------------------
firsttest: 312.0 113.39453125
secondtest: 312.0 113.34375
thirdtest: 512.0 43.57421875
fourthtest: 512.0 44.3046875
--------------------------------------------------------------------------------
total  :              5045012 KiB
free   :               569128 KiB
buffers:                28336 KiB
cached :               949264 KiB


--------------------------------------------------------------------------------
firsttest: 292.0 94.0234375
secondtest: 292.0 93.89453125
thirdtest: 512.0 34.12890625
fourthtest: 512.0 34.859375
--------------------------------------------------------------------------------
total  :              5045012 KiB
free   :               556880 KiB
buffers:                28336 KiB
cached :               949264 KiB


--------------------------------------------------------------------------------
firsttest: 312.0 113.39453125
secondtest: 312.0 113.34375
thirdtest: 512.0 24.68359375
fourthtest: 512.0 25.4140625
--------------------------------------------------------------------------------
total  :              5045012 KiB
free   :               557300 KiB
buffers:                28344 KiB
cached :               949272 KiB


--------------------------------------------------------------------------------
firsttest: 292.0 94.0234375
secondtest: 292.0 93.89453125
thirdtest: 512.0 15.48046875
fourthtest: 512.0 16.2109375
--------------------------------------------------------------------------------
total  :              5045012 KiB
free   :               556564 KiB
buffers:                28344 KiB
cached :               949284 KiB


--------------------------------------------------------------------------------
firsttest: 312.0 113.39453125
secondtest: 312.0 113.34375
thirdtest: 512.0 5.9140625
fourthtest: 512.0 6.5234375
--------------------------------------------------------------------------------
total  :              5045012 KiB
free   :               557360 KiB
buffers:                28344 KiB
cached :               949292 KiB


--------------------------------------------------------------------------------
firsttest: 292.0 94.0234375
secondtest: 292.0 93.87109375
thirdtest: 512.0 6.6171875
fourthtest: 512.0 5.51171875
--------------------------------------------------------------------------------
total  :              5045012 KiB
free   :               561772 KiB
buffers:                28352 KiB
cached :               949292 KiB


--------------------------------------------------------------------------------
firsttest: 312.0 113.39453125
secondtest: 312.0 113.34375
thirdtest: 512.0 6.1875
fourthtest: 512.0 5.3125
--------------------------------------------------------------------------------
total  :              5045012 KiB
free   :               562300 KiB
buffers:                28352 KiB
cached :               949292 KiB


--------------------------------------------------------------------------------
firsttest: 292.0 94.0234375
secondtest: 292.0 93.89453125
thirdtest: 512.0 5.9453125
fourthtest: 512.0 5.3125
--------------------------------------------------------------------------------
total  :              5045012 KiB
free   :               561752 KiB
buffers:                28352 KiB
cached :               949292 KiB


--------------------------------------------------------------------------------
firsttest: 311.0 113.39453125
secondtest: 292.0 113.34375
thirdtest: 512.0 5.703125
fourthtest: 512.0 5.91796875
--------------------------------------------------------------------------------
total  :              5045012 KiB
free   :               561220 KiB
buffers:                28360 KiB
cached :               949304 KiB


--------------------------------------------------------------------------------
firsttest: 312.0 94.0234375
secondtest: 312.0 93.87109375
thirdtest: 512.0 5.9453125
fourthtest: 512.0 6.28125
--------------------------------------------------------------------------------
total  :              5045012 KiB
free   :               560656 KiB
buffers:                28360 KiB
cached :               949308 KiB


--------------------------------------------------------------------------------
firsttest: 292.0 113.39453125
secondtest: 292.0 113.375
thirdtest: 512.0 5.703125
fourthtest: 512.0 5.3125
--------------------------------------------------------------------------------
total  :              5045012 KiB
free   :               560376 KiB
buffers:                28360 KiB
cached :               949312 KiB


--------------------------------------------------------------------------------
firsttest: 312.0 94.0546875
secondtest: 312.0 93.92578125
thirdtest: 512.0 5.82421875
fourthtest: 512.0 5.46484375
--------------------------------------------------------------------------------
total  :              5045012 KiB
free   :               560584 KiB
buffers:                28368 KiB
cached :               949312 KiB


--------------------------------------------------------------------------------
firsttest: 292.0 113.42578125
secondtest: 292.0 113.375
thirdtest: 512.0 5.85546875
fourthtest: 512.0 6.1015625
--------------------------------------------------------------------------------
total  :              5045012 KiB
free   :               560660 KiB
buffers:                28368 KiB
cached :               949320 KiB


--------------------------------------------------------------------------------
firsttest: 312.0 94.0546875
secondtest: 312.0 93.92578125
thirdtest: 512.0 6.96484375
fourthtest: 512.0 6.27734375
--------------------------------------------------------------------------------
total  :              5045012 KiB
free   :               560636 KiB
buffers:                28368 KiB
cached :               949332 KiB


--------------------------------------------------------------------------------
firsttest: 292.0 113.42578125
secondtest: 292.0 113.375
thirdtest: 512.0 5.9609375
fourthtest: 512.0 6.87890625
--------------------------------------------------------------------------------
total  :              5045012 KiB
free   :               561428 KiB
buffers:                28376 KiB
cached :               949332 KiB


--------------------------------------------------------------------------------
firsttest: 312.0 94.0546875
secondtest: 312.0 93.90234375
thirdtest: 512.0 10.96484375
fourthtest: 512.0 11.1640625
--------------------------------------------------------------------------------
total  :              5045012 KiB
free   :               560452 KiB
buffers:                28376 KiB
cached :               949340 KiB


--------------------------------------------------------------------------------
firsttest: 292.0 113.42578125
secondtest: 292.0 113.375
thirdtest: 512.0 5.5703125
fourthtest: 512.0 5.28125
--------------------------------------------------------------------------------
total  :              5045012 KiB
free   :               560260 KiB
buffers:                28376 KiB
cached :               949340 KiB


--------------------------------------------------------------------------------
firsttest: 312.0 94.0546875
secondtest: 312.0 93.92578125
thirdtest: 492.0 417.44140625
fourthtest: 492.0 417.83984375
--------------------------------------------------------------------------------
total  :              5045012 KiB
free   :               562284 KiB
buffers:                28384 KiB
cached :               949464 KiB


--------------------------------------------------------------------------------
firsttest: 292.0 113.42578125
secondtest: 292.0 113.375
thirdtest: 472.0 397.87109375
fourthtest: 472.0 398.24609375
--------------------------------------------------------------------------------
total  :              5045012 KiB
free   :               563372 KiB
buffers:                28384 KiB
cached :               949480 KiB


--------------------------------------------------------------------------------
firsttest: 312.0 94.0546875
secondtest: 312.0 93.90234375
thirdtest: 452.0 377.81640625
fourthtest: 452.0 378.19140625
--------------------------------------------------------------------------------
total  :              5045012 KiB
free   :               562840 KiB
buffers:                28384 KiB
cached :               949556 KiB


--------------------------------------------------------------------------------
firsttest: 292.0 113.42578125
secondtest: 292.0 113.375
thirdtest: 432.0 357.859375
fourthtest: 432.0 358.234375
--------------------------------------------------------------------------------
total  :              5045012 KiB
free   :               566340 KiB
buffers:                28392 KiB
cached :               949564 KiB


--------------------------------------------------------------------------------
firsttest: 312.0 94.0546875
secondtest: 312.0 93.92578125
thirdtest: 412.0 337.8046875
fourthtest: 412.0 338.17578125
--------------------------------------------------------------------------------
total  :              5045012 KiB
free   :               569424 KiB
buffers:                28392 KiB
cached :               949564 KiB


--------------------------------------------------------------------------------
firsttest: 292.0 113.42578125
secondtest: 292.0 113.375
thirdtest: 393.0 317.84765625
fourthtest: 392.0 318.2421875
--------------------------------------------------------------------------------
total  :              5045012 KiB
free   :               579628 KiB
buffers:                28400 KiB
cached :               949580 KiB


--------------------------------------------------------------------------------
firsttest: 312.0 94.0546875
secondtest: 312.0 93.92578125
thirdtest: 374.0 297.79296875
fourthtest: 372.0 298.1640625
--------------------------------------------------------------------------------
total  :              5045012 KiB
free   :               612200 KiB
buffers:                28400 KiB
cached :               949588 KiB


--------------------------------------------------------------------------------
firsttest: 294.0 113.42578125
secondtest: 294.0 113.375
thirdtest: 356.0 277.859375
fourthtest: 352.0 278.23046875
--------------------------------------------------------------------------------
total  :              5045012 KiB
free   :               662156 KiB
buffers:                28400 KiB
cached :               949588 KiB


--------------------------------------------------------------------------------
firsttest: 312.0 94.0546875
secondtest: 311.0 93.90234375
thirdtest: 346.0 257.90234375
fourthtest: 332.0 258.16015625
--------------------------------------------------------------------------------
total  :              5045012 KiB
free   :               705608 KiB
buffers:                28408 KiB
cached :               949580 KiB


--------------------------------------------------------------------------------
firsttest: 292.0 113.42578125
secondtest: 292.0 113.375
thirdtest: 312.0 237.84765625
fourthtest: 312.0 238.21484375
--------------------------------------------------------------------------------
total  :              5045012 KiB
free   :               746828 KiB
buffers:                28408 KiB
cached :               949592 KiB


--------------------------------------------------------------------------------
firsttest: 312.0 94.0546875
secondtest