Script started on 2019-09-14 22:39:59-0700
]0;root@ubuntu: /home/bond/git/cs6210Project1_test/memoryroot@ubuntu:/home/bond/git/cs6210Project1_test/memory# ./monitor.py 
firsttest: 512.0 312.515625
secondtest: 512.0 312.76171875
thirdtest: 512.0 312.3984375
fourthtest: 512.0 312.83984375
--------------------------------------------------------------------------------
total  :              5045012 KiB
free   :              1382212 KiB
buffers:                38384 KiB
cached :              1016976 KiB


--------------------------------------------------------------------------------
firsttest: 512.0 312.546875
secondtest: 512.0 312.76171875
thirdtest: 512.0 312.3984375
fourthtest: 512.0 312.83984375
--------------------------------------------------------------------------------
total  :              5045012 KiB
free   :              1367752 KiB
buffers:                38384 KiB
cached :              1016980 KiB


--------------------------------------------------------------------------------
firsttest: 512.0 302.69140625
secondtest: 512.0 302.96875
thirdtest: 512.0 302.53515625
fourthtest: 512.0 302.62890625
--------------------------------------------------------------------------------
total  :              5045012 KiB
free   :              1378924 KiB
buffers:                38392 KiB
cached :              1016980 KiB


--------------------------------------------------------------------------------
firsttest: 492.0 297.77734375
secondtest: 492.0 298.05859375
thirdtest: 492.0 297.7421875
fourthtest: 492.0 297.8671875
--------------------------------------------------------------------------------
total  :              5045012 KiB
free   :              1343484 KiB
buffers:                38392 KiB
cached :              1017372 KiB


--------------------------------------------------------------------------------
firsttest: 472.0 265.85546875
secondtest: 472.0 266.0078125
thirdtest: 472.0 265.81640625
fourthtest: 472.0 265.81640625
--------------------------------------------------------------------------------
total  :              5045012 KiB
free   :              1252260 KiB
buffers:                38392 KiB
cached :              1017268 KiB


--------------------------------------------------------------------------------
firsttest: 452.0 236.4609375
secondtest: 452.0 236.6328125
thirdtest: 452.0 236.54296875
fourthtest: 452.0 236.41796875
--------------------------------------------------------------------------------
total  :              5045012 KiB
free   :              1147424 KiB
buffers:                38408 KiB
cached :              1017252 KiB


--------------------------------------------------------------------------------
firsttest: 432.0 207.0625
secondtest: 432.0 207.359375
thirdtest: 432.0 207.1484375
fourthtest: 432.0 207.140625
--------------------------------------------------------------------------------
total  :              5045012 KiB
free   :              1061920 KiB
buffers:                38408 KiB
cached :              1017292 KiB


--------------------------------------------------------------------------------
firsttest: 412.0 177.66015625
secondtest: 412.0 177.9609375
thirdtest: 412.0 177.87109375
fourthtest: 412.0 177.59765625
--------------------------------------------------------------------------------
total  :              5045012 KiB
free   :               962220 KiB
buffers:                38408 KiB
cached :              1017292 KiB


--------------------------------------------------------------------------------
firsttest: 392.0 148.3828125
secondtest: 392.0 148.44140625
thirdtest: 392.0 148.4765625
fourthtest: 392.0 148.32421875
--------------------------------------------------------------------------------
total  :              5045012 KiB
free   :               861088 KiB
buffers:                38416 KiB
cached :              1017488 KiB


--------------------------------------------------------------------------------
firsttest: 372.0 118.9921875
secondtest: 372.0 119.17578125
thirdtest: 372.0 119.0859375
fourthtest: 372.0 118.9296875
--------------------------------------------------------------------------------
total  :              5045012 KiB
free   :               760184 KiB
buffers:                38416 KiB
cached :              1017676 KiB


--------------------------------------------------------------------------------
firsttest: 392.0 89.5703125
secondtest: 392.0 89.78125
thirdtest: 392.0 89.72265625
fourthtest: 392.0 89.60546875
--------------------------------------------------------------------------------
total  :              5045012 KiB
free   :               709992 KiB
buffers:                38432 KiB
cached :              1017680 KiB


--------------------------------------------------------------------------------
firsttest: 372.0 100.625
secondtest: 372.0 100.7734375
thirdtest: 372.0 100.6875
fourthtest: 372.0 100.53515625
--------------------------------------------------------------------------------
total  :              5045012 KiB
free   :               640396 KiB
buffers:                38440 KiB
cached :              1018040 KiB


--------------------------------------------------------------------------------
firsttest: 392.0 71.4296875
secondtest: 392.0 71.49609375
thirdtest: 392.0 71.44140625
fourthtest: 392.0 71.3203125
--------------------------------------------------------------------------------
total  :              5045012 KiB
free   :               605480 KiB
buffers:                38440 KiB
cached :              1018040 KiB


--------------------------------------------------------------------------------
firsttest: 412.0 82.45703125
secondtest: 412.0 82.55078125
thirdtest: 412.0 82.49609375
fourthtest: 412.0 82.34375
--------------------------------------------------------------------------------
total  :              5045012 KiB
free   :               562992 KiB
buffers:                38448 KiB
cached :              1018040 KiB


--------------------------------------------------------------------------------
firsttest: 432.0 93.515625
secondtest: 432.0 93.609375
thirdtest: 432.0 93.43359375
fourthtest: 432.0 93.37890625
--------------------------------------------------------------------------------
total  :              5045012 KiB
free   :               520724 KiB
buffers:                38464 KiB
cached :              1018040 KiB


--------------------------------------------------------------------------------
firsttest: 412.0 104.37109375
secondtest: 412.0 104.44140625
thirdtest: 412.0 104.41015625
fourthtest: 412.0 104.2890625
--------------------------------------------------------------------------------
total  :              5045012 KiB
free   :               493704 KiB
buffers:                38464 KiB
cached :              1018040 KiB


--------------------------------------------------------------------------------
firsttest: 432.0 75.30859375
secondtest: 432.0 75.28515625
thirdtest: 432.0 75.2265625
fourthtest: 432.0 74.98046875
--------------------------------------------------------------------------------
total  :              5045012 KiB
free   :               470836 KiB
buffers:                38472 KiB
cached :              1018040 KiB


--------------------------------------------------------------------------------
firsttest: 452.0 86.4765625
secondtest: 452.0 86.5546875
thirdtest: 452.0 86.48046875
fourthtest: 452.0 86.2578125
--------------------------------------------------------------------------------
total  :              5045012 KiB
free   :               406900 KiB
buffers:                38472 KiB
cached :              1018040 KiB


--------------------------------------------------------------------------------
firsttest: 472.0 97.45703125
secondtest: 472.0 97.53125
thirdtest: 472.0 97.4609375
fourthtest: 472.0 97.26171875
--------------------------------------------------------------------------------
total  :              5045012 KiB
free   :               359036 KiB
buffers:                38472 KiB
cached :              1018040 KiB


--------------------------------------------------------------------------------
firsttest: 452.0 108.3125
secondtest: 452.0 108.2578125
thirdtest: 452.0 108.33984375
fourthtest: 452.0 108.1171875
--------------------------------------------------------------------------------
total  :              5045012 KiB
free   :               331764 KiB
buffers:                38472 KiB
cached :              1018044 KiB


--------------------------------------------------------------------------------
firsttest: 472.0 79.4296875
secondtest: 472.0 79.40234375
thirdtest: 472.0 79.34765625
fourthtest: 472.0 79.2265625
--------------------------------------------------------------------------------
total  :              5045012 KiB
free   :               299972 KiB
buffers:                38472 KiB
cached :              1018044 KiB


--------------------------------------------------------------------------------
firsttest: 492.0 90.421875
secondtest: 492.0 90.37890625
thirdtest: 492.0 90.4296875
fourthtest: 492.0 90.19140625
--------------------------------------------------------------------------------
total  :              5045012 KiB
free   :               246148 KiB
buffers:                38480 KiB
cached :              1018044 KiB


--------------------------------------------------------------------------------
firsttest: 472.0 101.42578125
secondtest: 472.0 101.37890625
thirdtest: 472.0 101.31640625
fourthtest: 472.0 101.171875
--------------------------------------------------------------------------------
total  :              5045012 KiB
free   :               226248 KiB
buffers:                38480 KiB
cached :              1018044 KiB


--------------------------------------------------------------------------------
firsttest: 492.0 72.3984375
secondtest: 492.0 72.37890625
thirdtest: 492.0 72.32421875
fourthtest: 492.0 72.08203125
--------------------------------------------------------------------------------
total  :              5045012 KiB
free   :               202864 KiB
buffers:                38480 KiB
cached :              1018044 KiB


--------------------------------------------------------------------------------
firsttest: 512.0 83.4609375
secondtest: 512.0 83.22265625
thirdtest: 512.0 83.16015625
fourthtest: 512.0 83.01953125
--------------------------------------------------------------------------------
total  :              5045012 KiB
free   :               167284 KiB
buffers:                38480 KiB
cached :              1018044 KiB


--------------------------------------------------------------------------------
firsttest: 512.0 94.82421875
secondtest: 512.0 94.796875
thirdtest: 512.0 94.4453125
fourthtest: 512.0 94.3203125
--------------------------------------------------------------------------------
total  :              5045012 KiB
free   :               131176 KiB
buffers:                38488 KiB
cached :              1018044 KiB


--------------------------------------------------------------------------------
firsttest: 512.0 85.9921875
secondtest: 512.0 85.96484375
thirdtest: 512.0 85.640625
fourthtest: 512.0 85.48828125
--------------------------------------------------------------------------------
total  :              5045012 KiB
free   :               112640 KiB
buffers:                38488 KiB
cached :              1001664 KiB


--------------------------------------------------------------------------------
firsttest: 512.0 77.0703125
secondtest: 512.0 77.01171875
thirdtest: 512.0 76.6875
fourthtest: 512.0 76.53515625
--------------------------------------------------------------------------------
total  :              5045012 KiB
free   :               115772 KiB
buffers:                38484 KiB
cached :               966684 KiB


--------------------------------------------------------------------------------
firsttest: 512.0 68.49609375
secondtest: 512.0 68.4375
thirdtest: 512.0 68.25390625
fourthtest: 512.0 68.02734375
--------------------------------------------------------------------------------
total  :              5045012 KiB
free   :               170720 KiB
buffers:                38476 KiB
cached :               879856 KiB


--------------------------------------------------------------------------------
firsttest: 512.0 59.4140625
secondtest: 512.0 59.5078125
thirdtest: 512.0 59.203125
fourthtest: 512.0 58.9453125
--------------------------------------------------------------------------------
total  :              5045012 KiB
free   :               206148 KiB
buffers:                38468 KiB
cached :               813568 KiB


--------------------------------------------------------------------------------
firsttest: 512.0 50.2109375
secondtest: 512.0 50.3046875
thirdtest: 512.0 50.2421875
fourthtest: 512.0 49.7421875
--------------------------------------------------------------------------------
total  :              5045012 KiB
free   :               248756 KiB
buffers:                38476 KiB
cached :               737408 KiB


--------------------------------------------------------------------------------
firsttest: 512.0 41.37109375
secondtest: 512.0 41.46484375
thirdtest: 512.0 41.40234375
fourthtest: 512.0 40.93359375
--------------------------------------------------------------------------------
total  :              5045012 KiB
free   :               258900 KiB
buffers:                38472 KiB
cached :               693024 KiB


--------------------------------------------------------------------------------
firsttest: 512.0 32.16796875
secondtest: 512.0 32.26171875
thirdtest: 512.0 32.44140625
fourthtest: 512.0 31.97265625
--------------------------------------------------------------------------------
total  :              5045012 KiB
free   :               269352 KiB
buffers:                38468 KiB
cached :               666820 KiB


--------------------------------------------------------------------------------
firsttest: 512.0 22.84375
secondtest: 512.0 23.30078125
thirdtest: 512.0 23.359375
fourthtest: 512.0 23.01171875
--------------------------------------------------------------------------------
total  :              5045012 KiB
free   :               268076 KiB
buffers:                38476 KiB
cached :               666632 KiB


--------------------------------------------------------------------------------
firsttest: 512.0 13.76171875
secondtest: 512.0 14.09765625
thirdtest: 512.0 14.15625
fourthtest: 512.0 13.80859375
--------------------------------------------------------------------------------
total  :              5045012 KiB
free   :               268288 KiB
buffers:                38476 KiB
cached :               666632 KiB


--------------------------------------------------------------------------------
firsttest: 512.0 7.6328125
secondtest: 512.0 7.59375
thirdtest: 512.0 7.69921875
fourthtest: 512.0 7.82421875
--------------------------------------------------------------------------------
total  :              5045012 KiB
free   :               267264 KiB
buffers:                38476 KiB
cached :               666700 KiB


--------------------------------------------------------------------------------
firsttest: 512.0 5.40234375
secondtest: 512.0 6.04296875
thirdtest: 512.0 6.25390625
fourthtest: 512.0 6.125
--------------------------------------------------------------------------------
total  :              5045012 KiB
free   :               266320 KiB
buffers:                38484 KiB
cached :               666856 KiB


--------------------------------------------------------------------------------
firsttest: 512.0 5.2265625
secondtest: 512.0 5.5
thirdtest: 512.0 6.04296875
fourthtest: 512.0 5.33203125
--------------------------------------------------------------------------------
total  :              5045012 KiB
free   :               265004 KiB
buffers:                38484 KiB
cached :               666648 KiB


--------------------------------------------------------------------------------
firsttest: 512.0 5.95703125
secondtest: 512.0 5.37890625
thirdtest: 512.0 6.04296875
fourthtest: 512.0 6.1796875
--------------------------------------------------------------------------------
total  :              5045012 KiB
free   :               264464 KiB
buffers:                38484 KiB
cached :               666744 KiB


--------------------------------------------------------------------------------
firsttest: 512.0 6.1953125
secondtest: 512.0 6.2265625
thirdtest: 512.0 6.1640625
fourthtest: 512.0 5.81640625
--------------------------------------------------------------------------------
total  :              5045012 KiB
free   :               263428 KiB
buffers:                38492 KiB
cached :               666640 KiB


--------------------------------------------------------------------------------
firsttest: 512.0 6.07421875
secondtest: 512.0 5.5
thirdtest: 512.0 5.921875
fourthtest: 512.0 5.57421875
--------------------------------------------------------------------------------
total  :              5045012 KiB
free   :               263208 KiB
buffers:                38492 KiB
cached :               666640 KiB


--------------------------------------------------------------------------------
firsttest: 512.0 6.453125
secondtest: 512.0 5.8671875
thirdtest: 512.0 5.1953125
fourthtest: 512.0 5.94140625
--------------------------------------------------------------------------------
total  :              5045012 KiB
free   :               262964 KiB
buffers:                38492 KiB
cached :               666644 KiB


--------------------------------------------------------------------------------
firsttest: 512.0 5.83203125
secondtest: 512.0 5.87890625
thirdtest: 512.0 5.57421875
fourthtest: 512.0 5.6953125
--------------------------------------------------------------------------------
total  :              5045012 KiB
free   :               263168 KiB
buffers:                38500 KiB
cached :               666664 KiB


--------------------------------------------------------------------------------
firsttest: 512.0 6.0625
secondtest: 512.0 5.8359375
thirdtest: 512.0 5.515625
fourthtest: 512.0 6.30859375
--------------------------------------------------------------------------------
total  :              5045012 KiB
free   :               263080 KiB
buffers:                38500 KiB
cached :               666760 KiB


--------------------------------------------------------------------------------
firsttest: 512.0 5.45703125
secondtest: 512.0 5.26171875
thirdtest: 512.0 9.85546875
fourthtest: 512.0 5.19921875
--------------------------------------------------------------------------------
total  :              5045012 KiB
free   :               263048 KiB
buffers:                38504 KiB
cached :               666800 KiB


--------------------------------------------------------------------------------
firsttest: 512.0 6.71875
secondtest: 512.0 6.890625
thirdtest: 512.0 5.42578125
fourthtest: 512.0 6.046875
--------------------------------------------------------------------------------
total  :              5045012 KiB
free   :               262748 KiB
buffers:                38512 KiB
cached :               666956 KiB


--------------------------------------------------------------------------------
firsttest: 512.0 10.73046875
secondtest: 512.0 5.26171875
thirdtest: 512.0 5.91796875
fourthtest: 512.0 10.76171875
--------------------------------------------------------------------------------
total  :              5045012 KiB
free   :               261504 KiB
buffers:                38512 KiB
cached :               666936 KiB


--------------------------------------------------------------------------------
firsttest: 512.0 5.921875
secondtest: 512.0 6.13671875
thirdtest: 512.0 6.234375
fourthtest: 512.0 5.89453125
--------------------------------------------------------------------------------
total  :              5045012 KiB
free   :               251436 KiB
buffers:                38512 KiB
cached :               678936 KiB


--------------------------------------------------------------------------------
firsttest: 492.0 398.12109375
secondtest: 492.0 397.9609375
thirdtest: 492.0 397.8984375
fourthtest: 492.0 398.21484375
--------------------------------------------------------------------------------
total  :              5045012 KiB
free   :               252712 KiB
buffers:                38520 KiB
cached :               679084 KiB


--------------------------------------------------------------------------------
firsttest: 472.0 378.06640625
secondtest: 472.0 378.02734375
thirdtest: 472.0 377.84375
fourthtest: 472.0 378.16015625
--------------------------------------------------------------------------------
total  :              5045012 KiB
free   :               257540 KiB
buffers:                38520 KiB
cached :               679092 KiB


--------------------------------------------------------------------------------
firsttest: 452.0 357.98828125
secondtest: 452.0 357.94921875
thirdtest: 452.0 357.765625
fourthtest: 452.0 358.203125
--------------------------------------------------------------------------------
total  :              5045012 KiB
free   :               263312 KiB
buffers:                38520 KiB
cached :               679244 KiB


--------------------------------------------------------------------------------
firsttest: 432.0 338.0546875
secondtest: 432.0 337.89453125
thirdtest: 432.0 337.83203125
fourthtest: 432.0 338.1484375
--------------------------------------------------------------------------------
total  :              5045012 KiB
free   :               276684 KiB
buffers:                38520 KiB
cached :               679244 KiB


--------------------------------------------------------------------------------
firsttest: 412.0 318.0
secondtest: 412.0 317.9375
thirdtest: 412.0 317.77734375
fourthtest: 412.0 318.09375
--------------------------------------------------------------------------------
total  :              5045012 KiB
free   :               286260 KiB
buffers:                38520 KiB
cached :               679244 KiB


--------------------------------------------------------------------------------
firsttest: 392.0 297.6796875
secondtest: 392.0 297.8828125
thirdtest: 392.0 297.8203125
fourthtest: 392.0 298.13671875
--------------------------------------------------------------------------------
total  :              5045012 KiB
free   :               312952 KiB
buffers:                38528 KiB
cached :               679244 KiB


--------------------------------------------------------------------------------
firsttest: 372.0 277.6015625
secondtest: 372.0 277.94921875
thirdtest: 372.0 277.765625
fourthtest: 372.0 277.9609375
--------------------------------------------------------------------------------
total  :              5045012 KiB
free   :               357224 KiB
buffers:                38528 KiB
cached :               679244 KiB


--------------------------------------------------------------------------------
firsttest: 352.0 257.546875
secondtest: 352.0 257.74609375
thirdtest: 352.0 257.6875
fourthtest: 352.0 257.7578125
--------------------------------------------------------------------------------
total  :              5045012 KiB
free   :               423852 KiB
buffers:                38528 KiB
cached :               679248 KiB


--------------------------------------------------------------------------------
firsttest: 332.0 237.58984375
secondtest: 332.0 237.8125
thirdtest: 332.0 237.3671875
fourthtest: 332.0 237.6796875
--------------------------------------------------------------------------------
total  :              5045012 KiB
free   :               497528 KiB
buffers:                38528 KiB
cached :               679244 KiB


--------------------------------------------------------------------------------
firsttest: 312.0 217.56640625
secondtest: 312.0 217.734375
thirdtest: 312.0 217.3125
fourthtest: 312.0 217.74609375
--------------------------------------------------------------------------------
total  :              5045012 KiB
free   :               564404 KiB
buffers:                38528 KiB
cached :               679244 KiB


--------------------------------------------------------------------------------
firsttest: 292.0 197.6328125
secondtest: 292.0 197.80078125
thirdtest: 292.0 197.37890625
fourthtest: 292.0 197.69140625
--------------------------------------------------------------------------------
total  :              5045012 KiB
free   :               652336 KiB
buffers:                38528 KiB
cached :               679272 KiB


--------------------------------------------------------------------------------
firsttest: 272.0 177.5546875
secondtest: 272.0 177.75390625
thirdtest: 272.0 177.33203125
fourthtest: 272.0 177.734375
--------------------------------------------------------------------------------
total  :              5045012 KiB
free   :               755868 KiB
buffers:                38536 KiB
cached :               679272 KiB


--------------------------------------------------------------------------------
firsttest: 252.0 157.62109375
secondtest: 252.0 157.8203125
thirdtest: 252.0 157.3984375
fourthtest: 252.0 157.6796875
--------------------------------------------------------------------------------
total  :              5045012 KiB
free   :               857984 KiB
buffers:                38536 KiB
cached :               679272 KiB


--------------------------------------------------------------------------------
firsttest: 232.0 137.54296875
secondtest: 232.0 137.765625
thirdtest: 232.0 137.3203125
fourthtest: 232.0 137.72265625
--------------------------------------------------------------------------------
total  :              5045012 KiB
free   :               967628 KiB
buffers:                38536 KiB
cached :               679272 KiB


--------------------------------------------------------------------------------
firsttest: 212.0 117.609375
secondtest: 212.0 117.80859375
thirdtest: 212.0 117.38671875
fourthtest: 212.0 117.69921875
--------------------------------------------------------------------------------
total  :              5045012 KiB
free   :              1069156 KiB
buffers:                38536 KiB
cached :               679320 KiB


--------------------------------------------------------------------------------
firsttest: 192.0 97.5390625
secondtest: 192.0 97.75390625
thirdtest: 192.0 97.33203125
fourthtest: 192.0 97.765625
--------------------------------------------------------------------------------
total  :              5045012 KiB
free   :              1179316 KiB
buffers:                38536 KiB
cached :               679320 KiB


--------------------------------------------------------------------------------
firsttest: 212.0 117.125
secondtest: 212.0 117.4453125
thirdtest: 212.0 117.0234375
fourthtest: 212.0 117.3359375
--------------------------------------------------------------------------------
total  :              5045012 KiB
free   :              1179316 KiB
buffers:                38536 KiB
cached :               679320 KiB


--------------------------------------------------------------------------------
firsttest: 192.0 97.6640625
secondtest: 192.0 97.97265625
thirdtest: 192.0 97.55078125
fourthtest: 192.0 97.86328125
--------------------------------------------------------------------------------
total  :              5045012 KiB
free   :              1179176 KiB
buffers:                38544 KiB
cached :               679384 KiB


--------------------------------------------------------------------------------
firsttest: 212.0 117.1171875
secondtest: 212.0 117.4453125
thirdtest: 212.0 117.0234375
fourthtest: 212.0 117.21484375
--------------------------------------------------------------------------------
total  :              5045012 KiB
free   :              1179032 KiB
buffers:    