firsttest: ([(0, 1, 16760000000L, 3)], [(True, True, True, True)])
secondtest: ([(0, 1, 15960000000L, 1)], [(True, True, True, True)])
thirdtest: ([(0, 1, 17030000000L, 0)], [(True, True, True, True)])
fourthtest: ([(0, 1, 17150000000L, 1)], [(True, True, True, True)])
fifthtest: ([(0, 1, 17450000000L, 1)], [(True, True, True, True)])
sixthtest: ([(0, 1, 17110000000L, 0)], [(True, True, True, True)])
seventhtest: ([(0, 1, 16330000000L, 0)], [(True, True, True, True)])
eighthtest: ([(0, 1, 16250000000L, 2)], [(True, True, True, True)])
--------------------------------------------------------------------------------
0: 0.0 []
1: 0.0 []
2: 0.0 []
3: 0.0 []
--------------------------------------------------------------------------------
firsttest: ([(0, 1, 16760000000L, 0)], [(True, True, True, True)])
secondtest: ([(0, 1, 15960000000L, 1)], [(True, True, True, True)])
thirdtest: ([(0, 1, 17030000000L, 0)], [(True, True, True, True)])
fourthtest: ([(0, 1, 17150000000L, 2)], [(True, True, True, True)])
fifthtest: ([(0, 1, 17450000000L, 3)], [(True, True, True, True)])
sixthtest: ([(0, 1, 17110000000L, 1)], [(True, True, True, True)])
seventhtest: ([(0, 1, 16330000000L, 0)], [(True, True, True, True)])
eighthtest: ([(0, 1, 16260000000L, 2)], [(True, True, True, True)])
--------------------------------------------------------------------------------
0: 0.0 ['firsttest', 'thirdtest', 'seventhtest']
1: 0.0 ['secondtest', 'sixthtest']
2: 1.0 ['fourthtest', 'eighthtest']
3: 0.0 ['fifthtest']
--------------------------------------------------------------------------------
firsttest: ([(0, 1, 16770000000L, 0)], [(True, True, True, True)])
secondtest: ([(0, 1, 15960000000L, 1)], [(True, True, True, True)])
thirdtest: ([(0, 1, 17030000000L, 0)], [(True, True, True, True)])
fourthtest: ([(0, 1, 17160000000L, 2)], [(True, True, True, True)])
fifthtest: ([(0, 1, 17460000000L, 1)], [(True, True, True, True)])
sixthtest: ([(0, 1, 17110000000L, 1)], [(True, True, True, True)])
seventhtest: ([(0, 1, 16330000000L, 0)], [(True, True, True, True)])
eighthtest: ([(0, 1, 16260000000L, 2)], [(True, True, True, True)])
--------------------------------------------------------------------------------
0: 1.0 ['firsttest', 'thirdtest', 'seventhtest']
1: 1.0 ['secondtest', 'fifthtest', 'sixthtest']
2: 1.0 ['fourthtest', 'eighthtest']
3: 0.0 []
--------------------------------------------------------------------------------
firsttest: ([(0, 1, 16770000000L, 0)], [(True, True, True, True)])
secondtest: ([(0, 1, 15960000000L, 1)], [(True, True, True, True)])
thirdtest: ([(0, 1, 17030000000L, 0)], [(True, True, True, True)])
fourthtest: ([(0, 1, 17160000000L, 2)], [(True, True, True, True)])
fifthtest: ([(0, 1, 17460000000L, 1)], [(True, True, True, True)])
sixthtest: ([(0, 1, 17110000000L, 1)], [(True, True, True, True)])
seventhtest: ([(0, 1, 16330000000L, 1)], [(True, True, True, True)])
eighthtest: ([(0, 1, 16260000000L, 2)], [(True, True, True, True)])
--------------------------------------------------------------------------------
0: 0.0 ['firsttest', 'thirdtest']
1: 0.0 ['secondtest', 'fifthtest', 'sixthtest', 'seventhtest']
2: 0.0 ['fourthtest', 'eighthtest']
3: 0.0 []
--------------------------------------------------------------------------------
firsttest: ([(0, 1, 16770000000L, 0)], [(True, False, False, False)])
secondtest: ([(0, 1, 15970000000L, 3)], [(False, False, False, True)])
thirdtest: ([(0, 1, 17030000000L, 0)], [(True, False, False, False)])
fourthtest: ([(0, 1, 17160000000L, 3)], [(False, False, False, True)])
fifthtest: ([(0, 1, 17460000000L, 0)], [(True, False, False, False)])
sixthtest: ([(0, 1, 17110000000L, 3)], [(False, False, False, True)])
seventhtest: ([(0, 1, 16330000000L, 0)], [(True, False, False, False)])
eighthtest: ([(0, 1, 16260000000L, 3)], [(False, False, False, True)])
--------------------------------------------------------------------------------
0: 0.0 ['firsttest', 'thirdtest', 'fifthtest', 'seventhtest']
1: 0.0 []
2: 0.0 []
3: 1.0 ['secondtest', 'fourthtest', 'sixthtest', 'eighthtest']
--------------------------------------------------------------------------------
firsttest: ([(0, 1, 16770000000L, 0)], [(True, False, False, False)])
secondtest: ([(0, 1, 15980000000L, 3)], [(False, False, False, True)])
thirdtest: ([(0, 1, 17030000000L, 0)], [(True, False, False, False)])
fourthtest: ([(0, 1, 17160000000L, 3)], [(False, False, False, True)])
fifthtest: ([(0, 1, 17460000000L, 0)], [(True, False, False, False)])
sixthtest: ([(0, 1, 17120000000L, 3)], [(False, False, False, True)])
seventhtest: ([(0, 1, 16330000000L, 0)], [(True, False, False, False)])
eighthtest: ([(0, 1, 16260000000L, 3)], [(False, False, False, True)])
--------------------------------------------------------------------------------
0: 0.0 ['firsttest', 'thirdtest', 'fifthtest', 'seventhtest']
1: 0.0 []
2: 0.0 []
3: 2.0 ['secondtest', 'fourthtest', 'sixthtest', 'eighthtest']
--------------------------------------------------------------------------------
firsttest: ([(0, 1, 16780000000L, 0)], [(True, False, False, False)])
secondtest: ([(0, 1, 15990000000L, 3)], [(False, False, False, True)])
thirdtest: ([(0, 1, 17050000000L, 0)], [(True, False, False, False)])
fourthtest: ([(0, 1, 17170000000L, 3)], [(False, False, False, True)])
fifthtest: ([(0, 1, 17460000000L, 0)], [(True, False, False, False)])
sixthtest: ([(0, 1, 17120000000L, 3)], [(False, False, False, True)])
seventhtest: ([(0, 1, 16330000000L, 0)], [(True, False, False, False)])
eighthtest: ([(0, 1, 16260000000L, 3)], [(False, False, False, True)])
--------------------------------------------------------------------------------
0: 3.0 ['firsttest', 'thirdtest', 'fifthtest', 'seventhtest']
1: 0.0 []
2: 0.0 []
3: 2.0 ['secondtest', 'fourthtest', 'sixthtest', 'eighthtest']
--------------------------------------------------------------------------------
firsttest: ([(0, 1, 17060000000L, 0)], [(True, False, False, False)])
secondtest: ([(0, 1, 16250000000L, 3)], [(False, False, False, True)])
thirdtest: ([(0, 1, 17280000000L, 0)], [(True, False, False, False)])
fourthtest: ([(0, 1, 17390000000L, 3)], [(False, False, False, True)])
fifthtest: ([(0, 1, 17700000000L, 0)], [(True, False, False, False)])
sixthtest: ([(0, 1, 17360000000L, 3)], [(False, False, False, True)])
seventhtest: ([(0, 1, 16580000000L, 0)], [(True, False, False, False)])
eighthtest: ([(0, 1, 16500000000L, 3)], [(False, False, False, True)])
--------------------------------------------------------------------------------
0: 100.0 ['firsttest', 'thirdtest', 'fifthtest', 'seventhtest']
1: 0.0 []
2: 0.0 []
3: 96.0 ['secondtest', 'fourthtest', 'sixthtest', 'eighthtest']
--------------------------------------------------------------------------------
firsttest: ([(0, 1, 17310000000L, 0)], [(True, False, False, False)])
secondtest: ([(0, 1, 16500000000L, 3)], [(False, False, False, True)])
thirdtest: ([(0, 1, 17540000000L, 0)], [(True, False, False, False)])
fourthtest: ([(0, 1, 17640000000L, 3)], [(False, False, False, True)])
fifthtest: ([(0, 1, 17950000000L, 0)], [(True, False, False, False)])
sixthtest: ([(0, 1, 17610000000L, 3)], [(False, False, False, True)])
seventhtest: ([(0, 1, 16830000000L, 0)], [(True, False, False, False)])
eighthtest: ([(0, 1, 16750000000L, 3)], [(False, False, False, True)])
--------------------------------------------------------------------------------
0: 101.0 ['firsttest', 'thirdtest', 'fifthtest', 'seventhtest']
1: 0.0 []
2: 0.0 []
3: 100.0 ['secondtest', 'fourthtest', 'sixthtest', 'eighthtest']
--------------------------------------------------------------------------------
firsttest: ([(0, 1, 17570000000L, 0)], [(True, False, False, False)])
secondtest: ([(0, 1, 16710000000L, 3)], [(False, False, False, True)])
thirdtest: ([(0, 1, 17790000000L, 0)], [(True, False, False, False)])
fourthtest: ([(0, 1, 17910000000L, 3)], [(False, False, False, True)])
fifthtest: ([(0, 1, 18200000000L, 0)], [(True, False, False, False)])
sixthtest: ([(0, 1, 17870000000L, 3)], [(False, False, False, True)])
seventhtest: ([(0, 1, 17080000000L, 0)], [(True, False, False, False)])
eighthtest: ([(0, 1, 17010000000L, 3)], [(False, False, False, True)])
--------------------------------------------------------------------------------
0: 101.0 ['firsttest', 'thirdtest', 'fifthtest', 'seventhtest']
1: 0.0 []
2: 0.0 []
3: 100.0 ['secondtest', 'fourthtest', 'sixthtest', 'eighthtest']
--------------------------------------------------------------------------------
firsttest: ([(0, 1, 17820000000L, 0)], [(True, False, False, False)])
secondtest: ([(0, 1, 16950000000L, 3)], [(False, False, False, True)])
thirdtest: ([(0, 1, 18040000000L, 0)], [(True, False, False, False)])
fourthtest: ([(0, 1, 18160000000L, 3)], [(False, False, False, True)])
fifthtest: ([(0, 1, 18450000000L, 0)], [(True, False, False, False)])
sixthtest: ([(0, 1, 18120000000L, 3)], [(False, False, False, True)])
seventhtest: ([(0, 1, 17330000000L, 0)], [(True, False, False, False)])
eighthtest: ([(0, 1, 17260000000L, 3)], [(False, False, False, True)])
--------------------------------------------------------------------------------
0: 100.0 ['firsttest', 'thirdtest', 'fifthtest', 'seventhtest']
1: 0.0 []
2: 0.0 []
3: 99.0 ['secondtest', 'fourthtest', 'sixthtest', 'eighthtest']
--------------------------------------------------------------------------------
firsttest: ([(0, 1, 18060000000L, 0)], [(True, False, False, False)])
secondtest: ([(0, 1, 17210000000L, 3)], [(False, False, False, True)])
thirdtest: ([(0, 1, 18290000000L, 0)], [(True, False, False, False)])
fourthtest: ([(0, 1, 18410000000L, 3)], [(False, False, False, True)])
fifthtest: ([(0, 1, 18700000000L, 0)], [(True, False, False, False)])
sixthtest: ([(0, 1, 18380000000L, 3)], [(False, False, False, True)])
seventhtest: ([(0, 1, 17580000000L, 0)], [(True, False, False, False)])
eighthtest: ([(0, 1, 17510000000L, 3)], [(False, False, False, True)])
--------------------------------------------------------------------------------
0: 99.0 ['firsttest', 'thirdtest', 'fifthtest', 'seventhtest']
1: 0.0 []
2: 0.0 []
3: 102.0 ['secondtest', 'fourthtest', 'sixthtest', 'eighthtest']
--------------------------------------------------------------------------------
firsttest: ([(0, 1, 18330000000L, 0)], [(True, False, False, False)])
secondtest: ([(0, 1, 17470000000L, 3)], [(False, False, False, True)])
thirdtest: ([(0, 1, 18550000000L, 0)], [(True, False, False, False)])
fourthtest: ([(0, 1, 18680000000L, 3)], [(False, False, False, True)])
fifthtest: ([(0, 1, 18920000000L, 0)], [(True, False, False, False)])
sixthtest: ([(0, 1, 18590000000L, 3)], [(False, False, False, True)])
seventhtest: ([(0, 1, 17850000000L, 0)], [(True, False, False, False)])
eighthtest: ([(0, 1, 17780000000L, 3)], [(False, False, False, True)])
--------------------------------------------------------------------------------
0: 102.0 ['firsttest', 'thirdtest', 'fifthtest', 'seventhtest']
1: 0.0 []
2: 0.0 []
3: 101.0 ['secondtest', 'fourthtest', 'sixthtest', 'eighthtest']
--------------------------------------------------------------------------------
firsttest: ([(0, 1, 18590000000L, 0)], [(True, False, False, False)])
secondtest: ([(0, 1, 17730000000L, 3)], [(False, False, False, True)])
thirdtest: ([(0, 1, 18820000000L, 0)], [(True, False, False, False)])
fourthtest: ([(0, 1, 18930000000L, 3)], [(False, False, False, True)])
fifthtest: ([(0, 1, 19180000000L, 0)], [(True, False, False, False)])
sixthtest: ([(0, 1, 18850000000L, 3)], [(False, False, False, True)])
seventhtest: ([(0, 1, 18070000000L, 0)], [(True, False, False, False)])
eighthtest: ([(0, 1, 18030000000L, 3)], [(False, False, False, True)])
--------------------------------------------------------------------------------
0: 101.0 ['firsttest', 'thirdtest', 'fifthtest', 'seventhtest']
1: 0.0 []
2: 0.0 []
3: 102.0 ['secondtest', 'fourthtest', 'sixthtest', 'eighthtest']
--------------------------------------------------------------------------------
firsttest: ([(0, 1, 18840000000L, 0)], [(True, False, False, False)])
secondtest: ([(0, 1, 17980000000L, 3)], [(False, False, False, True)])
thirdtest: ([(0, 1, 19070000000L, 0)], [(True, False, False, False)])
fourthtest: ([(0, 1, 19170000000L, 3)], [(False, False, False, True)])
fifthtest: ([(0, 1, 19430000000L, 0)], [(True, False, False, False)])
sixthtest: ([(0, 1, 19100000000L, 3)], [(False, False, False, True)])
seventhtest: ([(0, 1, 18320000000L, 0)], [(True, False, False, False)])
eighthtest: ([(0, 1, 18280000000L, 3)], [(False, False, False, True)])
--------------------------------------------------------------------------------
0: 100.0 ['firsttest', 'thirdtest', 'fifthtest', 'seventhtest']
1: 0.0 []
2: 0.0 []
3: 99.0 ['secondtest', 'fourthtest', 'sixthtest', 'eighthtest']
--------------------------------------------------------------------------------
firsttest: ([(0, 1, 19090000000L, 0)], [(True, False, False, False)])
secondtest: ([(0, 1, 18230000000L, 3)], [(False, False, False, True)])
thirdtest: ([(0, 1, 19320000000L, 0)], [(True, False, False, False)])
fourthtest: ([(0, 1, 19420000000L, 3)], [(False, False, False, True)])
fifthtest: ([(0, 1, 19690000000L, 0)], [(True, False, False, False)])
sixthtest: ([(0, 1, 19350000000L, 3)], [(False, False, False, True)])
seventhtest: ([(0, 1, 18570000000L, 0)], [(True, False, False, False)])
eighthtest: ([(0, 1, 18530000000L, 3)], [(False, False, False, True)])
--------------------------------------------------------------------------------
0: 101.0 ['firsttest', 'thirdtest', 'fifthtest', 'seventhtest']
1: 0.0 []
2: 0.0 []
3: 100.0 ['secondtest', 'fourthtest', 'sixthtest', 'eighthtest']
--------------------------------------------------------------------------------
firsttest: ([(0, 1, 19400000000L, 1)], [(False, True, False, False)])
secondtest: ([(0, 1, 18510000000L, 2)], [(False, False, True, False)])
thirdtest: ([(0, 1, 19620000000L, 2)], [(False, False, True, False)])
fourthtest: ([(0, 1, 19730000000L, 3)], [(False, False, False, True)])
fifthtest: ([(0, 1, 19980000000L, 0)], [(True, False, False, False)])
sixthtest: ([(0, 1, 19640000000L, 3)], [(False, False, False, True)])
seventhtest: ([(0, 1, 18870000000L, 0)], [(True, False, False, False)])
eighthtest: ([(0, 1, 18830000000L, 1)], [(False, True, False, False)])
--------------------------------------------------------------------------------
0: 59.0 ['fifthtest', 'seventhtest']
1: 61.0 ['firsttest', 'eighthtest']
2: 58.0 ['secondtest', 'thirdtest']
3: 60.0 ['fourthtest', 'sixthtest']
--------------------------------------------------------------------------------
firsttest: ([(0, 1, 19710000000L, 1)], [(False, True, False, False)])
secondtest: ([(0, 1, 18840000000L, 2)], [(False, False, True, False)])
thirdtest: ([(0, 1, 19950000000L, 2)], [(False, False, True, False)])
fourthtest: ([(0, 1, 20050000000L, 3)], [(False, False, False, True)])
fifthtest: ([(0, 1, 20320000000L, 0)], [(True, False, False, False)])
sixthtest: ([(0, 1, 19980000000L, 3)], [(False, False, False, True)])
seventhtest: ([(0, 1, 19200000000L, 0)], [(True, False, False, False)])
eighthtest: ([(0, 1, 19150000000L, 1)], [(False, True, False, False)])
--------------------------------------------------------------------------------
0: 67.0 ['fifthtest', 'seventhtest']
1: 63.0 ['firsttest', 'eighthtest']
2: 66.0 ['secondtest', 'thirdtest']
3: 66.0 ['fourthtest', 'sixthtest']
--------------------------------------------------------------------------------
firsttest: ([(0, 1, 20040000000L, 1)], [(False, True, False, False)])
secondtest: ([(0, 1, 19180000000L, 2)], [(False, False, True, False)])
thirdtest: ([(0, 1, 20270000000L, 2)], [(False, False, True, False)])
fourthtest: ([(0, 1, 20390000000L, 3)], [(False, False, False, True)])
fifthtest: ([(0, 1, 20640000000L, 0)], [(True, False, False, False)])
sixthtest: ([(0, 1, 20300000000L, 3)], [(False, False, False, True)])
seventhtest: ([(0, 1, 19530000000L, 0)], [(True, False, False, False)])
eighthtest: ([(0, 1, 19480000000L, 1)], [(False, True, False, False)])
--------------------------------------------------------------------------------
0: 65.0 ['fifthtest', 'seventhtest']
1: 66.0 ['firsttest', 'eighthtest']
2: 66.0 ['secondtest', 'thirdtest']
3: 66.0 ['fourthtest', 'sixthtest']
--------------------------------------------------------------------------------
firsttest: ([(0, 1, 20370000000L, 1)], [(False, True, False, False)])
secondtest: ([(0, 1, 19520000000L, 2)], [(False, False, True, False)])
thirdtest: ([(0, 1, 20580000000L, 2)], [(False, False, True, False)])
fourthtest: ([(0, 1, 20710000000L, 3)], [(False, False, False, True)])
fifthtest: ([(0, 1, 20970000000L, 0)], [(True, False, False, False)])
sixthtest: ([(0, 1, 20630000000L, 3)], [(False, False, False, True)])
seventhtest: ([(0, 1, 19860000000L, 0)], [(True, False, False, False)])
eighthtest: ([(0, 1, 19810000000L, 1)], [(False, True, False, False)])
--------------------------------------------------------------------------------
0: 66.0 ['fifthtest', 'seventhtest']
1: 66.0 ['firsttest', 'eighthtest']
2: 65.0 ['secondtest', 'thirdtest']
3: 65.0 ['fourthtest', 'sixthtest']
--------------------------------------------------------------------------------
firsttest: ([(0, 1, 20690000000L, 1)], [(False, True, False, False)])
secondtest: ([(0, 1, 19840000000L, 2)], [(False, False, True, False)])
thirdtest: ([(0, 1, 20910000000L, 2)], [(False, False, True, False)])
fourthtest: ([(0, 1, 21040000000L, 3)], [(False, False, False, True)])
fifthtest: ([(0, 1, 21300000000L, 0)], [(True, False, False, False)])
sixthtest: ([(0, 1, 20960000000L, 3)], [(False, False, False, True)])
seventhtest: ([(0, 1, 20190000000L, 0)], [(True, False, False, False)])
eighthtest: ([(0, 1, 20130000000L, 1)], [(False, True, False, False)])
--------------------------------------------------------------------------------
0: 66.0 ['fifthtest', 'seventhtest']
1: 64.0 ['firsttest', 'eighthtest']
2: 65.0 ['secondtest', 'thirdtest']
3: 66.0 ['fourthtest', 'sixthtest']
--------------------------------------------------------------------------------
firsttest: ([(0, 1, 21010000000L, 1)], [(False, True, False, False)])
secondtest: ([(0, 1, 20160000000L, 2)], [(False, False, True, False)])
thirdtest: ([(0, 1, 21240000000L, 2)], [(False, False, True, False)])
fourthtest: ([(0, 1, 21360000000L, 3)], [(False, False, False, True)])
fifthtest: ([(0, 1, 21630000000L, 0)], [(True, False, False, False)])
sixthtest: ([(0, 1, 21260000000L, 3)], [(False, False, False, True)])
seventhtest: ([(0, 1, 20500000000L, 0)], [(True, False, False, False)])
eighthtest: ([(0, 1, 20450000000L, 1)], [(False, True, False, False)])
--------------------------------------------------------------------------------
0: 64.0 ['fifthtest', 'seventhtest']
1: 64.0 ['firsttest', 'eighthtest']
2: 65.0 ['secondtest', 'thirdtest']
3: 62.0 ['fourthtest', 'sixthtest']
--------------------------------------------------------------------------------
firsttest: ([(0, 1, 21330000000L, 1)], [(False, True, False, False)])
secondtest: ([(0, 1, 20480000000L, 2)], [(False, False, True, False)])
thirdtest: ([(0, 1, 21560000000L, 2)], [(False, False, True, False)])
fourthtest: ([(0, 1, 21690000000L, 3)], [(False, False, False, True)])
fifthtest: ([(0, 1, 21960000000L, 0)], [(True, False, False, False)])
sixthtest: ([(0, 1, 21590000000L, 3)], [(False, False, False, True)])
seventhtest: ([(0, 1, 20830000000L, 0)], [(True, False, False, False)])
eighthtest: ([(0, 1, 20760000000L, 1)], [(False, True, False, False)])
--------------------------------------------------------------------------------
0: 66.0 ['fifthtest', 'seventhtest']
1: 63.0 ['firsttest', 'eighthtest']
2: 64.0 ['secondtest', 'thirdtest']
3: 66.0 ['fourthtest', 'sixthtest']
--------------------------------------------------------------------------------
firsttest: ([(0, 1, 21650000000L, 1)], [(False, True, False, False)])
secondtest: ([(0, 1, 20810000000L, 2)], [(False, False, True, False)])
thirdtest: ([(0, 1, 21890000000L, 2)], [(False, False, True, False)])
fourthtest: ([(0, 1, 22020000000L, 3)], [(False, False, False, True)])
fifthtest: ([(0, 1, 22290000000L, 0)], [(True, False, False, False)])
sixthtest: ([(0, 1, 21930000000L, 3)], [(False, False, False, True)])
seventhtest: ([(0, 1, 21150000000L, 0)], [(True, False, False, False)])
eighthtest: ([(0, 1, 21090000000L, 1)], [(False, True, False, False)])
--------------------------------------------------------------------------------
0: 65.0 ['fifthtest', 'seventhtest']
1: 65.0 ['firsttest', 'eighthtest']
2: 66.0 ['secondtest', 'thirdtest']
3: 67.0 ['fourthtest', 'sixthtest']
--------------------------------------------------------------------------------
firsttest: ([(0, 1, 21980000000L, 1)], [(False, True, False, False)])
secondtest: ([(0, 1, 21150000000L, 2)], [(False, False, True, False)])
thirdtest: ([(0, 1, 22220000000L, 2)], [(False, False, True, False)])
fourthtest: ([(0, 1, 22350000000L, 3)], [(False, False, False, True)])
fifthtest: ([(0, 1, 22610000000L, 0)], [(True, False, False, False)])
sixthtest: ([(0, 1, 22240000000L, 3)], [(False, False, False, True)])
seventhtest: ([(0, 1, 21490000000L, 0)], [(True, False, False, False)])
eighthtest: ([(0, 1, 21400000000L, 1)], [(False, True, False, False)])
--------------------------------------------------------------------------------
0: 66.0 ['fifthtest', 'seventhtest']
1: 64.0 ['firsttest', 'eighthtest']
2: 67.0 ['secondtest', 'thirdtest']
3: 64.0 ['fourthtest', 'sixthtest']
--------------------------------------------------------------------------------
firsttest: ([(0, 1, 22310000000L, 1)], [(False, True, False, False)])
secondtest: ([(0, 1, 21470000000L, 2)], [(False, False, True, False)])
thirdtest: ([(0, 1, 22550000000L, 2)], [(False, False, True, False)])
fourthtest: ([(0, 1, 22670000000L, 3)], [(False, False, False, True)])
fifthtest: ([(0, 1, 22950000000L, 0)], [(True, False, False, False)])
sixthtest: ([(0, 1, 22580000000L, 3)], [(False, False, False, True)])
seventhtest: ([(0, 1, 21820000000L, 0)], [(True, False, False, False)])
eighthtest: ([(0, 1, 21730000000L, 1)], [(False, True, False, False)])
--------------------------------------------------------------------------------
0: 67.0 ['fifthtest', 'seventhtest']
1: 66.0 ['firsttest', 'eighthtest']
2: 65.0 ['secondtest', 'thirdtest']
3: 66.0 ['fourthtest', 'sixthtest']
--------------------------------------------------------------------------------
firsttest: ([(0, 1, 22640000000L, 1)], [(False, True, False, False)])
secondtest: ([(0, 1, 21800000000L, 2)], [(False, False, True, False)])
thirdtest: ([(0, 1, 22870000000L, 2)], [(False, False, True, False)])
fourthtest: ([(0, 1, 23000000000L, 3)], [(False, False, False, True)])
fifthtest: ([(0, 1, 23280000000L, 0)], [(True, False, False, False)])
sixthtest: ([(0, 1, 22900000000L, 3)], [(False, False, False, True)])
seventhtest: ([(0, 1, 22140000000L, 0)], [(True, False, False, False)])
eighthtest: ([(0, 1, 22060000000L, 1)], [(False, True, False, False)])
--------------------------------------------------------------------------------
0: 65.0 ['fifthtest', 'seventhtest']
1: 66.0 ['firsttest', 'eighthtest']
2: 65.0 ['secondtest', 'thirdtest']
3: 65.0 ['fourthtest', 'sixthtest']
--------------------------------------------------------------------------------
firsttest: ([(0, 1, 22970000000L, 1)], [(False, True, False, False)])
secondtest: ([(0, 1, 22130000000L, 2)], [(False, False, True, False)])
thirdtest: ([(0, 1, 23200000000L, 2)], [(False, False, True, False)])
fourthtest: ([(0, 1, 23330000000L, 3)], [(False, False, False, True)])
fifthtest: ([(0, 1, 23610000000L, 0)], [(True, False, False, False)])
sixthtest: ([(0, 1, 23230000000L, 3)], [(False, False, False, True)])
seventhtest: ([(0, 1, 22480000000L, 0)], [(True, False, False, False)])
eighthtest: ([(0, 1, 22390000000L, 1)], [(False, True, False, False)])
--------------------------------------------------------------------------------
0: 67.0 ['fifthtest', 'seventhtest']
1: 66.0 ['firsttest', 'eighthtest']
2: 66.0 ['secondtest', 'thirdtest']
3: 66.0 ['fourthtest', 'sixthtest']
--------------------------------------------------------------------------------
firsttest: ([(0, 1, 23290000000L, 1)], [(False, True, False, False)])
secondtest: ([(0, 1, 22460000000L, 2)], [(False, False, True, False)])
thirdtest: ([(0, 1, 23530000000L, 2)], [(False, False, True, False)])
fourthtest: ([(0, 1, 23660000000L, 3)], [(False, False, False, True)])
fifthtest: ([(0, 1, 23940000000L, 0)], [(True, False, False, False)])
sixthtest: ([(0, 1, 23560000000L, 3)], [(False, False, False, True)])
seventhtest: ([(0, 1, 22810000000L, 0)], [(True, False, False, False)])
eighthtest: ([(0, 1, 22720000000L, 1)], [(False, True, False, False)])
--------------------------------------------------------------------------------
0: 66.0 ['fifthtest', 'seventhtest']
1: 65.0 ['firsttest', 'eighthtest']
2: 66.0 ['secondtest', 'thirdtest']
3: 66.0 ['fourthtest', 'sixthtest']
--------------------------------------------------------------------------------
firsttest: ([(0, 1, 23630000000L, 1)], [(False, True, False, False)])
secondtest: ([(0, 1, 22790000000L, 2)], [(False, False, True, False)])
thirdtest: ([(0, 1, 23860000000L, 2)], [(False, False, True, False)])
fourthtest: ([(0, 1, 23980000000L, 3)], [(False, False, False, True)])
fifthtest: ([(0, 1, 24270000000L, 0)], [(True, False, False, False)])
sixthtest: ([(0, 1, 23890000000L, 3)], [(False, False, False, True)])
seventhtest: ([(0, 1, 23140000000L, 0)], [(True, False, False, False)])
eighthtest: ([(0, 1, 23050000000L, 1)], [(False, True, False, False)])
--------------------------------------------------------------------------------
0: 66.0 ['fifthtest', 'seventhtest']
1: 67.0 ['firsttest', 'eighthtest']
2: 66.0 ['secondtest', 'thirdtest']
3: 65.0 ['fourthtest', 'sixthtest']
--------------------------------------------------------------------------------
firsttest: ([(0, 1, 23940000000L, 1)], [(False, True, False, False)])
secondtest: ([(0, 1, 23110000000L, 2)], [(False, False, True, False)])
thirdtest: ([(0, 1, 24180000000L, 2)], [(False, False, True, False)])
fourthtest: ([(0, 1, 24300000000L, 3)], [(False, False, False, True)])
fifthtest: ([(0, 1, 24600000000L, 0)], [(True, False, False, False)])
sixthtest: ([(0, 1, 24210000000L, 3)], [(False, False, False, True)])
seventhtest: ([(0, 1, 23470000000L, 0)], [(True, False, False, False)])
eighthtest: ([(0, 1, 23360000000L, 1)], [(False, True, False, False)])
--------------------------------------------------------------------------------
0: 66.0 ['fifthtest', 'seventhtest']
1: 62.0 ['firsttest', 'eighthtest']
2: 64.0 ['secondtest', 'thirdtest']
3: 64.0 ['fourthtest', 'sixthtest']
--------------------------------------------------------------------------------
firsttest: ([(0, 1, 24270000000L, 1)], [(False, True, False, False)])
secondtest: ([(0, 1, 23430000000L, 2)], [(False, False, True, False)])
thirdtest: ([(0, 1, 24500000000L, 2)], [(False, False, True, False)])
fourthtest: ([(0, 1, 24630000000L, 3)], [(False, False, False, True)])
fifthtest: ([(0, 1, 24930000000L, 0)], [(True, False, False, False)])
sixthtest: ([(0, 1, 24530000000L, 3)], [(False, False, False, True)])
seventhtest: ([(0, 1, 23800000000L, 0)], [(True, False, False, False)])
eighthtest: ([(0, 1, 23700000000L, 1)], [(False, True, False, False)])
--------------------------------------------------------------------------------
0: 66.0 ['fifthtest', 'seventhtest']
1: 67.0 ['firsttest', 'eighthtest']
2: 64.0 ['secondtest', 'thirdtest']
3: 65.0 ['fourthtest', 'sixthtest']
--------------------------------------------------------------------------------
firsttest: ([(0, 1, 24590000000L, 1)], [(False, True, False, False)])
secondtest: ([(0, 1, 23750000000L, 2)], [(False, False, True, False)])
thirdtest: ([(0, 1, 24830000000L, 2)], [(False, False, True, False)])
fourthtest: ([(0, 1, 24960000000L, 3)], [(False, False, False, True)])
fifthtest: ([(0, 1, 25270000000L, 0)], [(True, False, False, False)])
sixthtest: ([(0, 1, 24860000000L, 3)], [(False, False, False, True)])
seventhtest: ([(0, 1, 24140000000L, 0)], [(True, False, False, False)])
eighthtest: ([(0, 1, 24020000000L, 1)], [(False, True, False, False)])
--------------------------------------------------------------------------------
0: 68.0 ['fifthtest', 'seventhtest']
1: 64.0 ['firsttest', 'eighthtest']
2: 65.0 ['secondtest', 'thirdtest']
3: 66.0 ['fourthtest', 'sixthtest']
--------------------------------------------------------------------------------
firsttest: ([(0, 1, 24910000000L, 1)], [(False, True, False, False)])
secondtest: ([(0, 1, 24100000000L, 2)], [(False, False, True, False)])
thirdtest: ([(0, 1, 25170000000L, 2)], [(False, False, True, False)])
fourthtest: ([(0, 1, 25300000000L, 3)], [(False, False, False, True)])
fifthtest: ([(0, 1, 25620000000L, 0)], [(True, False, False, False)])
sixthtest: ([(0, 1, 25190000000L, 3)], [(False, False, False, True)])
seventhtest: ([(0, 1, 24480000000L, 0)], [(True, False, False, False)])
eighthtest: ([(0, 1, 24340000000L, 1)], [(False, True, False, False)])
--------------------------------------------------------------------------------
0: 69.0 ['fifthtest', 'seventhtest']
1: 64.0 ['firsttest', 'eighthtest']
2: 69.0 ['secondtest', 'thirdtest']
3: 67.0 ['fourthtest', 'sixthtest']
--------------------------------------------------------------------------------
firsttest: ([(0, 1, 25240000000L, 1)], [(False, True, False, False)])
secondtest: ([(0, 1, 24430000000L, 2)], [(False, False, True, False)])
thirdtest: ([(0, 1, 25500000000L, 2)], [(False, False, True, False)])
fourthtest: ([(0, 1, 25630000000L, 3)], [(False, False, False, True)])
fifthtest: ([(0, 1, 25950000000L, 0)], [(True, False, False, False)])
sixthtest: ([(0, 1, 25530000000L, 3)], [(False, False, False, True)])
seventhtest: ([(0, 1, 24810000000L, 0)], [(True, False, False, False)])
eighthtest: ([(0, 1, 24660000000L, 1)], [(False, True, False, False)])
--------------------------------------------------------------------------------
0: 66.0 ['fifthtest', 'seventhtest']
1: 65.0 ['firsttest', 'eighthtest']
2: 66.0 ['secondtest', 'thirdtest']
3: 67.0 ['fourthtest', 'sixthtest']
--------------------------------------------------------------------------------
