firsttest: ([(0, 1, 19840000000L, 1)], [(True, True, True, True)])
secondtest: ([(0, 1, 19720000000L, 3)], [(True, True, True, True)])
thirdtest: ([(0, 1, 21250000000L, 2)], [(True, True, True, True)])
fourthtest: ([(0, 1, 21490000000L, 1)], [(True, True, True, True)])
fifthtest: ([(0, 1, 21520000000L, 1)], [(True, True, True, True)])
sixthtest: ([(0, 1, 21540000000L, 0)], [(True, True, True, True)])
seventhtest: ([(0, 1, 21750000000L, 2)], [(True, True, True, True)])
eighthtest: ([(0, 1, 21680000000L, 0)], [(True, True, True, True)])
--------------------------------------------------------------------------------
0: 0.0 []
1: 0.0 []
2: 0.0 []
3: 0.0 []
--------------------------------------------------------------------------------
firsttest: ([(0, 1, 19840000000L, 1)], [(True, True, True, True)])
secondtest: ([(0, 1, 19720000000L, 3)], [(True, True, True, True)])
thirdtest: ([(0, 1, 21250000000L, 2)], [(True, True, True, True)])
fourthtest: ([(0, 1, 21490000000L, 1)], [(True, True, True, True)])
fifthtest: ([(0, 1, 21520000000L, 1)], [(True, True, True, True)])
sixthtest: ([(0, 1, 21540000000L, 0)], [(True, True, True, True)])
seventhtest: ([(0, 1, 21750000000L, 2)], [(True, True, True, True)])
eighthtest: ([(0, 1, 21680000000L, 0)], [(True, True, True, True)])
--------------------------------------------------------------------------------
0: 0.0 ['sixthtest', 'eighthtest']
1: 0.0 ['firsttest', 'fourthtest', 'fifthtest']
2: 0.0 ['thirdtest', 'seventhtest']
3: 0.0 ['secondtest']
--------------------------------------------------------------------------------
firsttest: ([(0, 1, 19850000000L, 1)], [(True, True, True, True)])
secondtest: ([(0, 1, 19720000000L, 3)], [(True, True, True, True)])
thirdtest: ([(0, 1, 21250000000L, 2)], [(True, True, True, True)])
fourthtest: ([(0, 1, 21490000000L, 1)], [(True, True, True, True)])
fifthtest: ([(0, 1, 21530000000L, 1)], [(True, True, True, True)])
sixthtest: ([(0, 1, 21540000000L, 0)], [(True, True, True, True)])
seventhtest: ([(0, 1, 21750000000L, 2)], [(True, True, True, True)])
eighthtest: ([(0, 1, 21680000000L, 0)], [(True, True, True, True)])
--------------------------------------------------------------------------------
0: 0.0 ['sixthtest', 'eighthtest']
1: 2.0 ['firsttest', 'fourthtest', 'fifthtest']
2: 0.0 ['thirdtest', 'seventhtest']
3: 0.0 ['secondtest']
--------------------------------------------------------------------------------
firsttest: ([(0, 1, 19850000000L, 1)], [(True, True, True, True)])
secondtest: ([(0, 1, 19720000000L, 3)], [(True, True, True, True)])
thirdtest: ([(0, 1, 21250000000L, 2)], [(True, True, True, True)])
fourthtest: ([(0, 1, 21490000000L, 1)], [(True, True, True, True)])
fifthtest: ([(0, 1, 21530000000L, 1)], [(True, True, True, True)])
sixthtest: ([(0, 1, 21540000000L, 0)], [(True, True, True, True)])
seventhtest: ([(0, 1, 21750000000L, 2)], [(True, True, True, True)])
eighthtest: ([(0, 1, 21680000000L, 0)], [(True, True, True, True)])
--------------------------------------------------------------------------------
0: 0.0 ['sixthtest', 'eighthtest']
1: 0.0 ['firsttest', 'fourthtest', 'fifthtest']
2: 0.0 ['thirdtest', 'seventhtest']
3: 0.0 ['secondtest']
--------------------------------------------------------------------------------
firsttest: ([(0, 1, 19850000000L, 1)], [(True, True, True, True)])
secondtest: ([(0, 1, 19720000000L, 3)], [(True, True, True, True)])
thirdtest: ([(0, 1, 21260000000L, 2)], [(True, True, True, True)])
fourthtest: ([(0, 1, 21490000000L, 1)], [(True, True, True, True)])
fifthtest: ([(0, 1, 21540000000L, 1)], [(True, True, True, True)])
sixthtest: ([(0, 1, 21540000000L, 0)], [(True, True, True, True)])
seventhtest: ([(0, 1, 21750000000L, 2)], [(True, True, True, True)])
eighthtest: ([(0, 1, 21680000000L, 0)], [(True, True, True, True)])
--------------------------------------------------------------------------------
0: 0.0 ['sixthtest', 'eighthtest']
1: 1.0 ['firsttest', 'fourthtest', 'fifthtest']
2: 1.0 ['thirdtest', 'seventhtest']
3: 0.0 ['secondtest']
--------------------------------------------------------------------------------
firsttest: ([(0, 1, 19850000000L, 1)], [(True, True, True, True)])
secondtest: ([(0, 1, 19720000000L, 3)], [(True, True, True, True)])
thirdtest: ([(0, 1, 21260000000L, 2)], [(True, True, True, True)])
fourthtest: ([(0, 1, 21490000000L, 1)], [(True, True, True, True)])
fifthtest: ([(0, 1, 21540000000L, 1)], [(True, True, True, True)])
sixthtest: ([(0, 1, 21540000000L, 0)], [(True, True, True, True)])
seventhtest: ([(0, 1, 21750000000L, 2)], [(True, True, True, True)])
eighthtest: ([(0, 1, 21690000000L, 1)], [(True, True, True, True)])
--------------------------------------------------------------------------------
0: 0.0 ['sixthtest']
1: 1.0 ['firsttest', 'fourthtest', 'fifthtest', 'eighthtest']
2: 0.0 ['thirdtest', 'seventhtest']
3: 0.0 ['secondtest']
--------------------------------------------------------------------------------
firsttest: ([(0, 1, 19860000000L, 2)], [(True, True, True, True)])
secondtest: ([(0, 1, 19720000000L, 3)], [(True, True, True, True)])
thirdtest: ([(0, 1, 21260000000L, 2)], [(True, True, True, True)])
fourthtest: ([(0, 1, 21500000000L, 1)], [(True, True, True, True)])
fifthtest: ([(0, 1, 21540000000L, 1)], [(True, True, True, True)])
sixthtest: ([(0, 1, 21540000000L, 0)], [(True, True, True, True)])
seventhtest: ([(0, 1, 21750000000L, 2)], [(True, True, True, True)])
eighthtest: ([(0, 1, 21690000000L, 3)], [(True, True, True, True)])
--------------------------------------------------------------------------------
0: 0.0 ['sixthtest']
1: 1.0 ['fourthtest', 'fifthtest']
2: 1.0 ['firsttest', 'thirdtest', 'seventhtest']
3: 0.0 ['secondtest', 'eighthtest']
--------------------------------------------------------------------------------
firsttest: ([(0, 1, 19860000000L, 2)], [(True, True, True, True)])
secondtest: ([(0, 1, 19730000000L, 3)], [(True, True, True, True)])
thirdtest: ([(0, 1, 21260000000L, 2)], [(True, True, True, True)])
fourthtest: ([(0, 1, 21500000000L, 1)], [(True, True, True, True)])
fifthtest: ([(0, 1, 21540000000L, 1)], [(True, True, True, True)])
sixthtest: ([(0, 1, 21540000000L, 0)], [(True, True, True, True)])
seventhtest: ([(0, 1, 21750000000L, 2)], [(True, True, True, True)])
eighthtest: ([(0, 1, 21690000000L, 3)], [(True, True, True, True)])
--------------------------------------------------------------------------------
0: 0.0 ['sixthtest']
1: 0.0 ['fourthtest', 'fifthtest']
2: 0.0 ['firsttest', 'thirdtest', 'seventhtest']
3: 1.0 ['secondtest', 'eighthtest']
--------------------------------------------------------------------------------
firsttest: ([(0, 1, 19860000000L, 0)], [(True, True, True, True)])
secondtest: ([(0, 1, 19730000000L, 3)], [(True, True, True, True)])
thirdtest: ([(0, 1, 21260000000L, 2)], [(True, True, True, True)])
fourthtest: ([(0, 1, 21500000000L, 1)], [(True, True, True, True)])
fifthtest: ([(0, 1, 21540000000L, 1)], [(True, True, True, True)])
sixthtest: ([(0, 1, 21540000000L, 2)], [(True, True, True, True)])
seventhtest: ([(0, 1, 21750000000L, 3)], [(True, True, True, True)])
eighthtest: ([(0, 1, 21690000000L, 3)], [(True, True, True, True)])
--------------------------------------------------------------------------------
0: 0.0 ['firsttest']
1: 0.0 ['fourthtest', 'fifthtest']
2: 0.0 ['thirdtest', 'sixthtest']
3: 0.0 ['secondtest', 'seventhtest', 'eighthtest']
--------------------------------------------------------------------------------
firsttest: ([(0, 1, 20110000000L, 2)], [(True, True, True, True)])
secondtest: ([(0, 1, 19980000000L, 0)], [(True, True, True, True)])
thirdtest: ([(0, 1, 21500000000L, 2)], [(True, True, True, True)])
fourthtest: ([(0, 1, 21750000000L, 0)], [(True, True, True, True)])
fifthtest: ([(0, 1, 21800000000L, 1)], [(True, True, True, True)])
sixthtest: ([(0, 1, 21820000000L, 3)], [(True, True, True, True)])
seventhtest: ([(0, 1, 22020000000L, 0)], [(True, True, True, True)])
eighthtest: ([(0, 1, 21940000000L, 1)], [(True, True, True, True)])
--------------------------------------------------------------------------------
0: 77.0 ['secondtest', 'fourthtest', 'seventhtest']
1: 51.0 ['fifthtest', 'eighthtest']
2: 49.0 ['firsttest', 'thirdtest']
3: 28.0 ['sixthtest']
--------------------------------------------------------------------------------
firsttest: ([(0, 1, 20440000000L, 2)], [(True, True, True, True)])
secondtest: ([(0, 1, 20310000000L, 3)], [(True, True, True, True)])
thirdtest: ([(0, 1, 21830000000L, 0)], [(True, True, True, True)])
fourthtest: ([(0, 1, 22070000000L, 1)], [(True, True, True, True)])
fifthtest: ([(0, 1, 22110000000L, 2)], [(True, True, True, True)])
sixthtest: ([(0, 1, 22140000000L, 1)], [(True, True, True, True)])
seventhtest: ([(0, 1, 22340000000L, 3)], [(True, True, True, True)])
eighthtest: ([(0, 1, 22280000000L, 0)], [(True, True, True, True)])
--------------------------------------------------------------------------------
0: 67.0 ['thirdtest', 'eighthtest']
1: 64.0 ['fourthtest', 'sixthtest']
2: 64.0 ['firsttest', 'fifthtest']
3: 65.0 ['secondtest', 'seventhtest']
--------------------------------------------------------------------------------
firsttest: ([(0, 1, 20770000000L, 2)], [(True, True, True, True)])
secondtest: ([(0, 1, 20640000000L, 3)], [(True, True, True, True)])
thirdtest: ([(0, 1, 22170000000L, 0)], [(True, True, True, True)])
fourthtest: ([(0, 1, 22400000000L, 1)], [(True, True, True, True)])
fifthtest: ([(0, 1, 22450000000L, 2)], [(True, True, True, True)])
sixthtest: ([(0, 1, 22460000000L, 1)], [(True, True, True, True)])
seventhtest: ([(0, 1, 22660000000L, 3)], [(True, True, True, True)])
eighthtest: ([(0, 1, 22600000000L, 0)], [(True, True, True, True)])
--------------------------------------------------------------------------------
0: 66.0 ['thirdtest', 'eighthtest']
1: 65.0 ['fourthtest', 'sixthtest']
2: 67.0 ['firsttest', 'fifthtest']
3: 65.0 ['secondtest', 'seventhtest']
--------------------------------------------------------------------------------
firsttest: ([(0, 1, 21100000000L, 2)], [(True, True, True, True)])
secondtest: ([(0, 1, 20970000000L, 3)], [(True, True, True, True)])
thirdtest: ([(0, 1, 22490000000L, 0)], [(True, True, True, True)])
fourthtest: ([(0, 1, 22730000000L, 1)], [(True, True, True, True)])
fifthtest: ([(0, 1, 22780000000L, 2)], [(True, True, True, True)])
sixthtest: ([(0, 1, 22800000000L, 1)], [(True, True, True, True)])
seventhtest: ([(0, 1, 23000000000L, 3)], [(True, True, True, True)])
eighthtest: ([(0, 1, 22940000000L, 0)], [(True, True, True, True)])
--------------------------------------------------------------------------------
0: 66.0 ['thirdtest', 'eighthtest']
1: 67.0 ['fourthtest', 'sixthtest']
2: 66.0 ['firsttest', 'fifthtest']
3: 67.0 ['secondtest', 'seventhtest']
--------------------------------------------------------------------------------
firsttest: ([(0, 1, 21440000000L, 1)], [(True, True, True, True)])
secondtest: ([(0, 1, 21320000000L, 3)], [(True, True, True, True)])
thirdtest: ([(0, 1, 22830000000L, 0)], [(True, True, True, True)])
fourthtest: ([(0, 1, 23060000000L, 1)], [(True, True, True, True)])
fifthtest: ([(0, 1, 23110000000L, 2)], [(True, True, True, True)])
sixthtest: ([(0, 1, 23130000000L, 2)], [(True, True, True, True)])
seventhtest: ([(0, 1, 23340000000L, 3)], [(True, True, True, True)])
eighthtest: ([(0, 1, 23280000000L, 0)], [(True, True, True, True)])
--------------------------------------------------------------------------------
0: 68.0 ['thirdtest', 'eighthtest']
1: 67.0 ['firsttest', 'fourthtest']
2: 66.0 ['fifthtest', 'sixthtest']
3: 69.0 ['secondtest', 'seventhtest']
--------------------------------------------------------------------------------
firsttest: ([(0, 1, 21780000000L, 1)], [(True, True, True, True)])
secondtest: ([(0, 1, 21660000000L, 3)], [(True, True, True, True)])
thirdtest: ([(0, 1, 23170000000L, 0)], [(True, True, True, True)])
fourthtest: ([(0, 1, 23390000000L, 1)], [(True, True, True, True)])
fifthtest: ([(0, 1, 23460000000L, 2)], [(True, True, True, True)])
sixthtest: ([(0, 1, 23490000000L, 2)], [(True, True, True, True)])
seventhtest: ([(0, 1, 23690000000L, 3)], [(True, True, True, True)])
eighthtest: ([(0, 1, 23630000000L, 0)], [(True, True, True, True)])
--------------------------------------------------------------------------------
0: 69.0 ['thirdtest', 'eighthtest']
1: 67.0 ['firsttest', 'fourthtest']
2: 71.0 ['fifthtest', 'sixthtest']
3: 69.0 ['secondtest', 'seventhtest']
--------------------------------------------------------------------------------
firsttest: ([(0, 1, 22120000000L, 1)], [(True, True, True, True)])
secondtest: ([(0, 1, 22010000000L, 3)], [(True, True, True, True)])
thirdtest: ([(0, 1, 23510000000L, 0)], [(True, True, True, True)])
fourthtest: ([(0, 1, 23740000000L, 1)], [(True, True, True, True)])
fifthtest: ([(0, 1, 23810000000L, 2)], [(True, True, True, True)])
sixthtest: ([(0, 1, 23830000000L, 2)], [(True, True, True, True)])
seventhtest: ([(0, 1, 24030000000L, 3)], [(True, True, True, True)])
eighthtest: ([(0, 1, 23970000000L, 0)], [(True, True, True, True)])
--------------------------------------------------------------------------------
0: 68.0 ['thirdtest', 'eighthtest']
1: 69.0 ['firsttest', 'fourthtest']
2: 69.0 ['fifthtest', 'sixthtest']
3: 69.0 ['secondtest', 'seventhtest']
--------------------------------------------------------------------------------
firsttest: ([(0, 1, 22450000000L, 2)], [(True, True, True, True)])
secondtest: ([(0, 1, 22330000000L, 1)], [(True, True, True, True)])
thirdtest: ([(0, 1, 23830000000L, 1)], [(True, True, True, True)])
fourthtest: ([(0, 1, 24070000000L, 0)], [(True, True, True, True)])
fifthtest: ([(0, 1, 24130000000L, 3)], [(True, True, True, True)])
sixthtest: ([(0, 1, 24150000000L, 1)], [(True, True, True, True)])
seventhtest: ([(0, 1, 24350000000L, 0)], [(True, True, True, True)])
eighthtest: ([(0, 1, 24300000000L, 3)], [(True, True, True, True)])
--------------------------------------------------------------------------------
0: 65.0 ['fourthtest', 'seventhtest']
1: 96.0 ['secondtest', 'thirdtest', 'sixthtest']
2: 33.0 ['firsttest']
3: 65.0 ['fifthtest', 'eighthtest']
--------------------------------------------------------------------------------
firsttest: ([(0, 1, 22790000000L, 2)], [(True, True, True, True)])
secondtest: ([(0, 1, 22690000000L, 1)], [(True, True, True, True)])
thirdtest: ([(0, 1, 24190000000L, 2)], [(True, True, True, True)])
fourthtest: ([(0, 1, 24430000000L, 0)], [(True, True, True, True)])
fifthtest: ([(0, 1, 24480000000L, 3)], [(True, True, True, True)])
sixthtest: ([(0, 1, 24500000000L, 3)], [(True, True, True, True)])
seventhtest: ([(0, 1, 24690000000L, 0)], [(True, True, True, True)])
eighthtest: ([(0, 1, 24640000000L, 1)], [(True, True, True, True)])
--------------------------------------------------------------------------------
0: 70.0 ['fourthtest', 'seventhtest']
1: 70.0 ['secondtest', 'eighthtest']
2: 70.0 ['firsttest', 'thirdtest']
3: 70.0 ['fifthtest', 'sixthtest']
--------------------------------------------------------------------------------
firsttest: ([(0, 1, 23160000000L, 2)], [(True, True, True, True)])
secondtest: ([(0, 1, 23060000000L, 1)], [(True, True, True, True)])
thirdtest: ([(0, 1, 24560000000L, 2)], [(True, True, True, True)])
fourthtest: ([(0, 1, 24800000000L, 0)], [(True, True, True, True)])
fifthtest: ([(0, 1, 24840000000L, 3)], [(True, True, True, True)])
sixthtest: ([(0, 1, 24870000000L, 3)], [(True, True, True, True)])
seventhtest: ([(0, 1, 25060000000L, 0)], [(True, True, True, True)])
eighthtest: ([(0, 1, 25010000000L, 1)], [(True, True, True, True)])
--------------------------------------------------------------------------------
0: 74.0 ['fourthtest', 'seventhtest']
1: 74.0 ['secondtest', 'eighthtest']
2: 74.0 ['firsttest', 'thirdtest']
3: 73.0 ['fifthtest', 'sixthtest']
--------------------------------------------------------------------------------
firsttest: ([(0, 1, 23520000000L, 2)], [(True, True, True, True)])
secondtest: ([(0, 1, 23430000000L, 1)], [(True, True, True, True)])
thirdtest: ([(0, 1, 24920000000L, 2)], [(True, True, True, True)])
fourthtest: ([(0, 1, 25160000000L, 0)], [(True, True, True, True)])
fifthtest: ([(0, 1, 25210000000L, 3)], [(True, True, True, True)])
sixthtest: ([(0, 1, 25220000000L, 3)], [(True, True, True, True)])
seventhtest: ([(0, 1, 25420000000L, 0)], [(True, True, True, True)])
eighthtest: ([(0, 1, 25370000000L, 1)], [(True, True, True, True)])
--------------------------------------------------------------------------------
0: 72.0 ['fourthtest', 'seventhtest']
1: 73.0 ['secondtest', 'eighthtest']
2: 72.0 ['firsttest', 'thirdtest']
3: 72.0 ['fifthtest', 'sixthtest']
--------------------------------------------------------------------------------
firsttest: ([(0, 1, 23890000000L, 3)], [(True, True, True, True)])
secondtest: ([(0, 1, 23790000000L, 1)], [(True, True, True, True)])
thirdtest: ([(0, 1, 25290000000L, 2)], [(True, True, True, True)])
fourthtest: ([(0, 1, 25530000000L, 0)], [(True, True, True, True)])
fifthtest: ([(0, 1, 25570000000L, 3)], [(True, True, True, True)])
sixthtest: ([(0, 1, 25600000000L, 0)], [(True, True, True, True)])
seventhtest: ([(0, 1, 25780000000L, 1)], [(True, True, True, True)])
eighthtest: ([(0, 1, 25740000000L, 2)], [(True, True, True, True)])
--------------------------------------------------------------------------------
0: 75.0 ['fourthtest', 'sixthtest']
1: 72.0 ['secondtest', 'seventhtest']
2: 74.0 ['thirdtest', 'eighthtest']
3: 73.0 ['firsttest', 'fifthtest']
--------------------------------------------------------------------------------
firsttest: ([(0, 1, 24270000000L, 3)], [(True, True, True, True)])
secondtest: ([(0, 1, 24170000000L, 1)], [(True, True, True, True)])
thirdtest: ([(0, 1, 25660000000L, 2)], [(True, True, True, True)])
fourthtest: ([(0, 1, 25900000000L, 0)], [(True, True, True, True)])
fifthtest: ([(0, 1, 25940000000L, 3)], [(True, True, True, True)])
sixthtest: ([(0, 1, 25970000000L, 0)], [(True, True, True, True)])
seventhtest: ([(0, 1, 26150000000L, 1)], [(True, True, True, True)])
eighthtest: ([(0, 1, 26120000000L, 2)], [(True, True, True, True)])
--------------------------------------------------------------------------------
0: 74.0 ['fourthtest', 'sixthtest']
1: 75.0 ['secondtest', 'seventhtest']
2: 75.0 ['thirdtest', 'eighthtest']
3: 75.0 ['firsttest', 'fifthtest']
--------------------------------------------------------------------------------
firsttest: ([(0, 1, 24640000000L, 1)], [(True, True, True, True)])
secondtest: ([(0, 1, 24540000000L, 2)], [(True, True, True, True)])
thirdtest: ([(0, 1, 26020000000L, 2)], [(True, True, True, True)])
fourthtest: ([(0, 1, 26270000000L, 0)], [(True, True, True, True)])
fifthtest: ([(0, 1, 26320000000L, 3)], [(True, True, True, True)])
sixthtest: ([(0, 1, 26340000000L, 0)], [(True, True, True, True)])
seventhtest: ([(0, 1, 26530000000L, 3)], [(True, True, True, True)])
eighthtest: ([(0, 1, 26490000000L, 1)], [(True, True, True, True)])
--------------------------------------------------------------------------------
0: 74.0 ['fourthtest', 'sixthtest']
1: 74.0 ['firsttest', 'eighthtest']
2: 73.0 ['secondtest', 'thirdtest']
3: 76.0 ['fifthtest', 'seventhtest']
--------------------------------------------------------------------------------
firsttest: ([(0, 1, 25010000000L, 1)], [(True, True, True, True)])
secondtest: ([(0, 1, 24910000000L, 2)], [(True, True, True, True)])
thirdtest: ([(0, 1, 26390000000L, 2)], [(True, True, True, True)])
fourthtest: ([(0, 1, 26650000000L, 0)], [(True, True, True, True)])
fifthtest: ([(0, 1, 26690000000L, 3)], [(True, True, True, True)])
sixthtest: ([(0, 1, 26720000000L, 0)], [(True, True, True, True)])
seventhtest: ([(0, 1, 26900000000L, 3)], [(True, True, True, True)])
eighthtest: ([(0, 1, 26860000000L, 1)], [(True, True, True, True)])
--------------------------------------------------------------------------------
0: 76.0 ['fourthtest', 'sixthtest']
1: 74.0 ['firsttest', 'eighthtest']
2: 74.0 ['secondtest', 'thirdtest']
3: 74.0 ['fifthtest', 'seventhtest']
--------------------------------------------------------------------------------
firsttest: ([(0, 1, 25390000000L, 1)], [(True, True, True, True)])
secondtest: ([(0, 1, 25280000000L, 2)], [(True, True, True, True)])
thirdtest: ([(0, 1, 26770000000L, 2)], [(True, True, True, True)])
fourthtest: ([(0, 1, 27020000000L, 0)], [(True, True, True, True)])
fifthtest: ([(0, 1, 27070000000L, 3)], [(True, True, True, True)])
sixthtest: ([(0, 1, 27080000000L, 0)], [(True, True, True, True)])
seventhtest: ([(0, 1, 27270000000L, 3)], [(True, True, True, True)])
eighthtest: ([(0, 1, 27230000000L, 1)], [(True, True, True, True)])
--------------------------------------------------------------------------------
0: 73.0 ['fourthtest', 'sixthtest']
1: 75.0 ['firsttest', 'eighthtest']
2: 75.0 ['secondtest', 'thirdtest']
3: 75.0 ['fifthtest', 'seventhtest']
--------------------------------------------------------------------------------
firsttest: ([(0, 1, 25760000000L, 1)], [(True, True, True, True)])
secondtest: ([(0, 1, 25660000000L, 2)], [(True, True, True, True)])
thirdtest: ([(0, 1, 27150000000L, 2)], [(True, True, True, True)])
fourthtest: ([(0, 1, 27380000000L, 0)], [(True, True, True, True)])
fifthtest: ([(0, 1, 27440000000L, 3)], [(True, True, True, True)])
sixthtest: ([(0, 1, 27450000000L, 0)], [(True, True, True, True)])
seventhtest: ([(0, 1, 27640000000L, 3)], [(True, True, True, True)])
eighthtest: ([(0, 1, 27600000000L, 1)], [(True, True, True, True)])
--------------------------------------------------------------------------------
0: 73.0 ['fourthtest', 'sixthtest']
1: 74.0 ['firsttest', 'eighthtest']
2: 76.0 ['secondtest', 'thirdtest']
3: 74.0 ['fifthtest', 'seventhtest']
--------------------------------------------------------------------------------
firsttest: ([(0, 1, 26120000000L, 1)], [(True, True, True, True)])
secondtest: ([(0, 1, 26030000000L, 2)], [(True, True, True, True)])
thirdtest: ([(0, 1, 27520000000L, 2)], [(True, True, True, True)])
fourthtest: ([(0, 1, 27750000000L, 0)], [(True, True, True, True)])
fifthtest: ([(0, 1, 27810000000L, 3)], [(True, True, True, True)])
sixthtest: ([(0, 1, 27830000000L, 0)], [(True, True, True, True)])
seventhtest: ([(0, 1, 28010000000L, 3)], [(True, True, True, True)])
eighthtest: ([(0, 1, 27970000000L, 1)], [(True, True, True, True)])
--------------------------------------------------------------------------------
0: 75.0 ['fourthtest', 'sixthtest']
1: 73.0 ['firsttest', 'eighthtest']
2: 74.0 ['secondtest', 'thirdtest']
3: 74.0 ['fifthtest', 'seventhtest']
--------------------------------------------------------------------------------
firsttest: ([(0, 1, 26500000000L, 0)], [(True, True, True, True)])
secondtest: ([(0, 1, 26410000000L, 3)], [(True, True, True, True)])
thirdtest: ([(0, 1, 27890000000L, 2)], [(True, True, True, True)])
fourthtest: ([(0, 1, 28130000000L, 2)], [(True, True, True, True)])
fifthtest: ([(0, 1, 28180000000L, 0)], [(True, True, True, True)])
sixthtest: ([(0, 1, 28200000000L, 3)], [(True, True, True, True)])
seventhtest: ([(0, 1, 28390000000L, 1)], [(True, True, True, True)])
eighthtest: ([(0, 1, 28350000000L, 1)], [(True, True, True, True)])
--------------------------------------------------------------------------------
0: 75.0 ['firsttest', 'fifthtest']
1: 76.0 ['seventhtest', 'eighthtest']
2: 75.0 ['thirdtest', 'fourthtest']
3: 75.0 ['secondtest', 'sixthtest']
--------------------------------------------------------------------------------
firsttest: ([(0, 1, 26880000000L, 0)], [(True, True, True, True)])
secondtest: ([(0, 1, 26790000000L, 3)], [(True, True, True, True)])
thirdtest: ([(0, 1, 28260000000L, 2)], [(True, True, True, True)])
fourthtest: ([(0, 1, 28510000000L, 2)], [(True, True, True, True)])
fifthtest: ([(0, 1, 28560000000L, 0)], [(True, True, True, True)])
sixthtest: ([(0, 1, 28580000000L, 3)], [(True, True, True, True)])
seventhtest: ([(0, 1, 28750000000L, 1)], [(True, True, True, True)])
eighthtest: ([(0, 1, 28730000000L, 1)], [(True, True, True, True)])
--------------------------------------------------------------------------------
0: 76.0 ['firsttest', 'fifthtest']
1: 74.0 ['seventhtest', 'eighthtest']
2: 75.0 ['thirdtest', 'fourthtest']
3: 76.0 ['secondtest', 'sixthtest']
--------------------------------------------------------------------------------
firsttest: ([(0, 1, 27250000000L, 0)], [(True, True, True, True)])
secondtest: ([(0, 1, 27160000000L, 2)], [(True, True, True, True)])
thirdtest: ([(0, 1, 28630000000L, 2)], [(True, True, True, True)])
fourthtest: ([(0, 1, 28880000000L, 3)], [(True, True, True, True)])
fifthtest: ([(0, 1, 28930000000L, 0)], [(True, True, True, True)])
sixthtest: ([(0, 1, 28950000000L, 1)], [(True, True, True, True)])
seventhtest: ([(0, 1, 29110000000L, 1)], [(True, True, True, True)])
eighthtest: ([(0, 1, 29100000000L, 3)], [(True, True, True, True)])
--------------------------------------------------------------------------------
0: 74.0 ['firsttest', 'fifthtest']
1: 73.0 ['sixthtest', 'seventhtest']
2: 74.0 ['secondtest', 'thirdtest']
3: 74.0 ['fourthtest', 'eighthtest']
--------------------------------------------------------------------------------
firsttest: ([(0, 1, 27620000000L, 0)], [(True, True, True, True)])
secondtest: ([(0, 1, 27530000000L, 2)], [(True, True, True, True)])
thirdtest: ([(0, 1, 29000000000L, 2)], [(True, True, True, True)])
fourthtest: ([(0, 1, 29250000000L, 3)], [(True, True, True, True)])
fifthtest: ([(0, 1, 29300000000L, 0)], [(True, True, True, True)])
sixthtest: ([(0, 1, 29320000000L, 1)], [(True, True, True, True)])
seventhtest: ([(0, 1, 29490000000L, 1)], [(True, True, True, True)])
eighthtest: ([(0, 1, 29460000000L, 3)], [(True, True, True, True)])
--------------------------------------------------------------------------------
0: 74.0 ['firsttest', 'fifthtest']
1: 75.0 ['sixthtest', 'seventhtest']
2: 74.0 ['secondtest', 'thirdtest']
3: 73.0 ['fourthtest', 'eighthtest']
--------------------------------------------------------------------------------
firsttest: ([(0, 1, 27960000000L, 1)], [(True, True, True, True)])
secondtest: ([(0, 1, 27870000000L, 0)], [(True, True, True, True)])
thirdtest: ([(0, 1, 29380000000L, 2)], [(True, True, True, True)])
fourthtest: ([(0, 1, 29600000000L, 0)], [(True, True, True, True)])
fifthtest: ([(0, 1, 29660000000L, 3)], [(True, True, True, True)])
sixthtest: ([(0, 1, 29710000000L, 3)], [(True, True, True, True)])
seventhtest: ([(0, 1, 29830000000L, 2)], [(True, True, True, True)])
eighthtest: ([(0, 1, 29820000000L, 1)], [(True, True, True, True)])
--------------------------------------------------------------------------------
0: 69.0 ['secondtest', 'fourthtest']
1: 70.0 ['firsttest', 'eighthtest']
2: 72.0 ['thirdtest', 'seventhtest']
3: 75.0 ['fifthtest', 'sixthtest']
--------------------------------------------------------------------------------
firsttest: ([(0, 1, 28350000000L, 0)], [(True, True, True, True)])
secondtest: ([(0, 1, 28240000000L, 1)], [(True, True, True, True)])
thirdtest: ([(0, 1, 29760000000L, 2)], [(True, True, True, True)])
fourthtest: ([(0, 1, 29980000000L, 1)], [(True, True, True, True)])
fifthtest: ([(0, 1, 30040000000L, 3)], [(True, True, True, True)])
sixthtest: ([(0, 1, 30090000000L, 3)], [(True, True, True, True)])
seventhtest: ([(0, 1, 30200000000L, 2)], [(True, True, True, True)])
eighthtest: ([(0, 1, 30200000000L, 0)], [(True, True, True, True)])
--------------------------------------------------------------------------------
0: 77.0 ['firsttest', 'eighthtest']
1: 75.0 ['secondtest', 'fourthtest']
2: 75.0 ['thirdtest', 'seventhtest']
3: 76.0 ['fifthtest', 'sixthtest']
--------------------------------------------------------------------------------
firsttest: ([(0, 1, 28720000000L, 0)], [(True, True, True, True)])
secondtest: ([(0, 1, 28620000000L, 0)], [(True, True, True, True)])
thirdtest: ([(0, 1, 30140000000L, 3)], [(True, True, True, True)])
fourthtest: ([(0, 1, 30360000000L, 1)], [(True, True, True, True)])
fifthtest: ([(0, 1, 30410000000L, 1)], [(True, True, True, True)])
sixthtest: ([(0, 1, 30470000000L, 2)], [(True, True, True, True)])
seventhtest: ([(0, 1, 30580000000L, 2)], [(True, True, True, True)])
eighthtest: ([(0, 1, 30570000000L, 3)], [(True, True, True, True)])
--------------------------------------------------------------------------------
0: 75.0 ['firsttest', 'secondtest']
1: 75.0 ['fourthtest', 'fifthtest']
2: 76.0 ['sixthtest', 'seventhtest']
3: 75.0 ['thirdtest', 'eighthtest']
--------------------------------------------------------------------------------
firsttest: ([(0, 1, 29110000000L, 0)], [(True, True, True, True)])
secondtest: ([(0, 1, 29010000000L, 0)], [(True, True, True, True)])
thirdtest: ([(0, 1, 30530000000L, 3)], [(True, True, True, True)])
fourthtest: ([(0, 1, 30740000000L, 1)], [(True, True, True, True)])
fifthtest: ([(0, 1, 30790000000L, 1)], [(True, True, True, True)])
sixthtest: ([(0, 1, 30850000000L, 2)], [(True, True, True, True)])
seventhtest: ([(0, 1, 30970000000L, 2)], [(True, True, True, True)])
eighthtest: ([(0, 1, 30960000000L, 3)], [(True, True, True, True)])
--------------------------------------------------------------------------------
0: 78.0 ['firsttest', 'secondtest']
1: 76.0 ['fourthtest', 'fifthtest']
2: 77.0 ['sixthtest', 'seventhtest']
3: 78.0 ['thirdtest', 'eighthtest']
--------------------------------------------------------------------------------
firsttest: ([(0, 1, 29490000000L, 0)], [(True, True, True, True)])
secondtest: ([(0, 1, 29380000000L, 0)], [(True, True, True, True)])
thirdtest: ([(0, 1, 30900000000L, 3)], [(True, True, True, True)])
fourthtest: ([(0, 1, 31120000000L, 1)], [(True, True, True, True)])
fifthtest: ([(0, 1, 31170000000L, 1)], [(True, True, True, True)])
sixthtest: ([(0, 1, 31230000000L, 2)], [(True, True, True, True)])
seventhtest: ([(0, 1, 31340000000L, 2)], [(True, True, True, True)])
eighthtest: ([(0, 1, 31340000000L, 3)], [(True, True, True, True)])
--------------------------------------------------------------------------------
0: 75.0 ['firsttest', 'secondtest']
1: 76.0 ['fourthtest', 'fifthtest']
2: 75.0 ['sixthtest', 'seventhtest']
3: 75.0 ['thirdtest', 'eighthtest']
--------------------------------------------------------------------------------
firsttest: ([(0, 1, 29870000000L, 2)], [(True, True, True, True)])
secondtest: ([(0, 1, 29760000000L, 0)], [(True, True, True, True)])
thirdtest: ([(0, 1, 31290000000L, 3)], [(True, True, True, True)])
fourthtest: ([(0, 1, 31490000000L, 1)], [(True, True, True, True)])
fifthtest: ([(0, 1, 31550000000L, 0)], [(True, True, True, True)])
sixthtest: ([(0, 1, 31610000000L, 1)], [(True, True, True, True)])
seventhtest: ([(0, 1, 31710000000L, 2)], [(True, True, True, True)])
eighthtest: ([(0, 1, 31720000000L, 3)], [(True, True, True, True)])
--------------------------------------------------------------------------------
0: 76.0 ['secondtest', 'fifthtest']
1: 75.0 ['fourthtest', 'sixthtest']
2: 75.0 ['firsttest', 'seventhtest']
3: 77.0 ['thirdtest', 'eighthtest']
--------------------------------------------------------------------------------
firsttest: ([(0, 1, 30260000000L, 2)], [(True, True, True, True)])
secondtest: ([(0, 1, 30150000000L, 1)], [(True, True, True, True)])
thirdtest: ([(0, 1, 31670000000L, 3)], [(True, True, True, True)])
fourthtest: ([(0, 1, 31870000000L, 1)], [(True, True, True, True)])
fifthtest: ([(0, 1, 31920000000L, 0)], [(True, True, True, True)])
sixthtest: ([(0, 1, 31980000000L, 0)], [(True, True, True, True)])
seventhtest: ([(0, 1, 32100000000L, 2)], [(True, True, True, True)])
eighthtest: ([(0, 1, 32100000000L, 3)], [(True, True, True, True)])
--------------------------------------------------------------------------------
0: 74.0 ['fifthtest', 'sixthtest']
1: 77.0 ['secondtest', 'fourthtest']
2: 78.0 ['firsttest', 'seventhtest']
3: 76.0 ['thirdtest', 'eighthtest']
--------------------------------------------------------------------------------
firsttest: ([(0, 1, 30640000000L, 2)], [(True, True, True, True)])
secondtest: ([(0, 1, 30530000000L, 1)], [(True, True, True, True)])
thirdtest: ([(0, 1, 32040000000L, 3)], [(True, True, True, True)])
fourthtest: ([(0, 1, 32240000000L, 1)], [(True, True, True, True)])
fifthtest: ([(0, 1, 32310000000L, 0)], [(True, True, True, True)])
sixthtest: ([(0, 1, 32360000000L, 0)], [(True, True, True, True)])
seventhtest: ([(0, 1, 32480000000L, 2)], [(True, True, True, True)])
eighthtest: ([(0, 1, 32480000000L, 3)], [(True, True, True, True)])
--------------------------------------------------------------------------------
0: 77.0 ['fifthtest', 'sixthtest']
1: 75.0 ['secondtest', 'fourthtest']
2: 76.0 ['firsttest', 'seventhtest']
3: 75.0 ['thirdtest', 'eighthtest']
--------------------------------------------------------------------------------
firsttest: ([(0, 1, 31010000000L, 2)], [(True, True, True, True)])
secondtest: ([(0, 1, 30900000000L, 1)], [(True, True, True, True)])
thirdtest: ([(0, 1, 32430000000L, 3)], [(True, True, True, True)])
fourthtest: ([(0, 1, 32610000000L, 1)], [(True, True, True, True)])
fifthtest: ([(0, 1, 32680000000L, 0)], [(True, True, True, True)])
sixthtest: ([(0, 1, 32740000000L, 0)], [(True, True, True, True)])
seventhtest: ([(0, 1, 32860000000L, 2)], [(True, True, True, True)])
eighthtest: ([(0, 1, 32860000000L, 3)], [(True, True, True, True)])
--------------------------------------------------------------------------------
0: 75.0 ['fifthtest', 'sixthtest']
1: 74.0 ['secondtest', 'fourthtest']
2: 75.0 ['firsttest', 'seventhtest']
3: 77.0 ['thirdtest', 'eighthtest']
--------------------------------------------------------------------------------
firsttest: ([(0, 1, 31390000000L, 2)], [(True, True, True, True)])
secondtest: ([(0, 1, 31280000000L, 1)], [(True, True, True, True)])
thirdtest: ([(0, 1, 32800000000L, 3)], [(True, True, True, True)])
fourthtest: ([(0, 1, 32990000000L, 1)], [(True, True, True, True)])
fifthtest: ([(0, 1, 33060000000L, 0)], [(True, True, True, True)])
sixthtest: ([(0, 1, 33130000000L, 0)], [(True, True, True, True)])
seventhtest: ([(0, 1, 33250000000L, 2)], [(True, True, True, True)])
eighthtest: ([(0, 1, 33240000000L, 3)], [(True, True, True, True)])
--------------------------------------------------------------------------------
0: 77.0 ['fifthtest', 'sixthtest']
1: 76.0 ['secondtest', 'fourthtest']
2: 77.0 ['firsttest', 'seventhtest']
3: 75.0 ['thirdtest', 'eighthtest']
--------------------------------------------------------------------------------
firsttest: ([(0, 1, 31780000000L, 0)], [(True, True, True, True)])
secondtest: ([(0, 1, 31650000000L, 2)], [(True, True, True, True)])
thirdtest: ([(0, 1, 33180000000L, 1)], [(True, True, True, True)])
fourthtest: ([(0, 1, 33360000000L, 0)], [(True, True, True, True)])
fifthtest: ([(0, 1, 33440000000L, 3)], [(True, True, True, True)])
sixthtest: ([(0, 1, 33500000000L, 2)], [(True, True, True, True)])
seventhtest: ([(0, 1, 33610000000L, 1)], [(True, True, True, True)])
eighthtest: ([(0, 1, 33620000000L, 3)], [(True, True, True, True)])
--------------------------------------------------------------------------------
0: 76.0 ['firsttest', 'fourthtest']
1: 74.0 ['thirdtest', 'seventhtest']
2: 74.0 ['secondtest', 'sixthtest']
3: 76.0 ['fifthtest', 'eighthtest']
--------------------------------------------------------------------------------
firsttest: ([(0, 1, 32150000000L, 0)], [(True, True, True, True)])
secondtest: ([(0, 1, 32030000000L, 2)], [(True, True, True, True)])
thirdtest: ([(0, 1, 33540000000L, 1)], [(True, True, True, True)])
fourthtest: ([(0, 1, 33730000000L, 1)], [(True, True, True, True)])
fifthtest: ([(0, 1, 33830000000L, 3)], [(True, True, True, True)])
sixthtest: ([(0, 1, 33880000000L, 2)], [(True, True, True, True)])
seventhtest: ([(0, 1, 34000000000L, 0)], [(True, True, True, True)])
eighthtest: ([(0, 1, 34000000000L, 3)], [(True, True, True, True)])
--------------------------------------------------------------------------------
0: 76.0 ['firsttest', 'seventhtest']
1: 73.0 ['thirdtest', 'fourthtest']
2: 76.0 ['secondtest', 'sixthtest']
3: 77.0 ['fifthtest', 'eighthtest']
--------------------------------------------------------------------------------
firsttest: ([(0, 1, 32530000000L, 0)], [(True, True, True, True)])
secondtest: ([(0, 1, 32410000000L, 2)], [(True, True, True, True)])
thirdtest: ([(0, 1, 33910000000L, 1)], [(True, True, True, True)])
fourthtest: ([(0, 1, 34120000000L, 0)], [(True, True, True, True)])
fifthtest: ([(0, 1, 34210000000L, 1)], [(True, True, True, True)])
sixthtest: ([(0, 1, 34270000000L, 2)], [(True, True, True, True)])
seventhtest: ([(0, 1, 34370000000L, 3)], [(True, True, True, True)])
eighthtest: ([(0, 1, 34370000000L, 3)], [(True, True, True, True)])
--------------------------------------------------------------------------------
0: 77.0 ['firsttest', 'fourthtest']
1: 75.0 ['thirdtest', 'fifthtest']
2: 77.0 ['secondtest', 'sixthtest']
3: 74.0 ['seventhtest', 'eighthtest']
--------------------------------------------------------------------------------
firsttest: ([(0, 1, 32890000000L, 1)], [(True, True, True, True)])
secondtest: ([(0, 1, 32780000000L, 2)], [(True, True, True, True)])
thirdtest: ([(0, 1, 34270000000L, 2)], [(True, True, True, True)])
fourthtest: ([(0, 1, 34490000000L, 3)], [(True, True, True, True)])
fifthtest: ([(0, 1, 34570000000L, 3)], [(True, True, True, True)])
sixthtest: ([(0, 1, 34640000000L, 0)], [(True, True, True, True)])
seventhtest: ([(0, 1, 34740000000L, 0)], [(True, True, True, True)])
eighthtest: ([(0, 1, 34750000000L, 1)], [(True, True, True, True)])
--------------------------------------------------------------------------------
0: 74.0 ['sixthtest', 'seventhtest']
1: 74.0 ['firsttest', 'eighthtest']
2: 73.0 ['secondtest', 'thirdtest']
3: 73.0 ['fourthtest', 'fifthtest']
--------------------------------------------------------------------------------
firsttest: ([(0, 1, 33260000000L, 3)], [(True, True, True, True)])
secondtest: ([(0, 1, 33140000000L, 3)], [(True, True, True, True)])
thirdtest: ([(0, 1, 34620000000L, 0)], [(True, True, True, True)])
fourthtest: ([(0, 1, 34860000000L, 1)], [(True, True, True, True)])
fifthtest: ([(0, 1, 34940000000L, 2)], [(True, True, True, True)])
sixthtest: ([(0, 1, 35010000000L, 1)], [(True, True, True, True)])
seventhtest: ([(0, 1, 35110000000L, 0)], [(True, True, True, True)])
eighthtest: ([(0, 1, 35130000000L, 2)], [(True, True, True, True)])
--------------------------------------------------------------------------------
0: 72.0 ['thirdtest', 'seventhtest']
1: 74.0 ['fourthtest', 'sixthtest']
2: 75.0 ['fifthtest', 'eighthtest']
3: 73.0 ['firsttest', 'secondtest']
--------------------------------------------------------------------------------
firsttest: ([(0, 1, 33620000000L, 2)], [(True, True, True, True)])
secondtest: ([(0, 1, 33520000000L, 1)], [(True, True, True, True)])
thirdtest: ([(0, 1, 34970000000L, 2)], [(True, True, True, True)])
fourthtest: ([(0, 1, 35220000000L, 0)], [(True, True, True, True)])
fifthtest: ([(0, 1, 35320000000L, 0)], [(True, True, True, True)])
sixthtest: ([(0, 1, 35360000000L, 3)], [(True, True, True, True)])
seventhtest: ([(0, 1, 35470000000L, 3)], [(True, True, True, True)])
eighthtest: ([(0, 1, 35470000000L, 1)], [(True, True, True, True)])
--------------------------------------------------------------------------------
0: 74.0 ['fourthtest', 'fifthtest']
1: 72.0 ['secondtest', 'eighthtest']
2: 71.0 ['firsttest', 'thirdtest']
3: 71.0 ['sixthtest', 'seventhtest']
--------------------------------------------------------------------------------
firsttest: ([(0, 1, 34010000000L, 0)], [(True, True, True, True)])
secondtest: ([(0, 1, 33910000000L, 3)], [(True, True, True, True)])
thirdtest: ([(0, 1, 35330000000L, 2)], [(True, True, True, True)])
fourthtest: ([(0, 1, 35620000000L, 1)], [(True, True, True, True)])
fifthtest: ([(0, 1, 35700000000L, 1)], [(True, True, True, True)])
sixthtest: ([(0, 1, 35740000000L, 3)], [(True, True, True, True)])
seventhtest: ([(0, 1, 35870000000L, 0)], [(True, True, True, True)])
eighthtest: ([(0, 1, 35850000000L, 2)], [(True, True, True, True)])
--------------------------------------------------------------------------------
0: 79.0 ['firsttest', 'seventhtest']
1: 78.0 ['fourthtest', 'fifthtest']
2: 74.0 ['thirdtest', 'eighthtest']
3: 77.0 ['secondtest', 'sixthtest']
--------------------------------------------------------------------------------
firsttest: ([(0, 1, 34400000000L, 0)], [(True, True, True, True)])
secondtest: ([(0, 1, 34300000000L, 3)], [(True, True, True, True)])
thirdtest: ([(0, 1, 35710000000L, 2)], [(True, True, True, True)])
fourthtest: ([(0, 1, 36000000000L, 3)], [(True, True, True, True)])
fifthtest: ([(0, 1, 36100000000L, 1)], [(True, True, True, True)])
sixthtest: ([(0, 1, 36130000000L, 3)], [(True, True, True, True)])
seventhtest: ([(0, 1, 36260000000L, 0)], [(True, True, True, True)])
eighthtest: ([(0, 1, 36220000000L, 2)], [(True, True, True, True)])
--------------------------------------------------------------------------------
0: 78.0 ['firsttest', 'seventhtest']
1: 40.0 ['fifthtest']
2: 75.0 ['thirdtest', 'eighthtest']
3: 116.0 ['secondtest', 'fourthtest', 'sixthtest']
--------------------------------------------------------------------------------
firsttest: ([(0, 1, 34790000000L, 2)], [(True, True, True, True)])
secondtest: ([(0, 1, 34680000000L, 1)], [(True, True, True, True)])
thirdtest: ([(0, 1, 36090000000L, 3)], [(True, True, True, True)])
fourthtest: ([(0, 1, 36390000000L, 3)], [(True, True, True, True)])
fifthtest: ([(0, 1, 36460000000L, 1)], [(True, True, True, True)])
sixthtest: ([(0, 1, 36510000000L, 0)], [(True, True, True, True)])
seventhtest: ([(0, 1, 36650000000L, 2)], [(True, True, True, True)])
eighthtest: ([(0, 1, 36620000000L, 0)], [(True, True, True, True)])
--------------------------------------------------------------------------------
0: 78.0 ['sixthtest', 'eighthtest']
1: 74.0 ['secondtest', 'fifthtest']
2: 78.0 ['firsttest', 'seventhtest']
3: 77.0 ['thirdtest', 'fourthtest']
--------------------------------------------------------------------------------
firsttest: ([(0, 1, 35180000000L, 3)], [(True, True, True, True)])
secondtest: ([(0, 1, 35050000000L, 2)], [(True, True, True, True)])
thirdtest: ([(0, 1, 36480000000L, 1)], [(True, True, True, True)])
fourthtest: ([(0, 1, 36780000000L, 0)], [(True, True, True, True)])
fifthtest: ([(0, 1, 36860000000L, 0)], [(True, True, True, True)])
sixthtest: ([(0, 1, 36920000000L, 1)], [(True, True, True, True)])
seventhtest: ([(0, 1, 37040000000L, 0)], [(True, True, True, True)])
eighthtest: ([(0, 1, 37010000000L, 3)], [(True, True, True, True)])
--------------------------------------------------------------------------------
0: 118.0 ['fourthtest', 'fifthtest', 'seventhtest']
1: 80.0 ['thirdtest', 'sixthtest']
2: 37.0 ['secondtest']
3: 78.0 ['firsttest', 'eighthtest']
--------------------------------------------------------------------------------
firsttest: ([(0, 1, 35560000000L, 3)], [(True, True, True, True)])
secondtest: ([(0, 1, 35430000000L, 0)], [(True, True, True, True)])
thirdtest: ([(0, 1, 36870000000L, 1)], [(True, True, True, True)])
fourthtest: ([(0, 1, 37170000000L, 2)], [(True, True, True, True)])
fifthtest: ([(0, 1, 37240000000L, 2)], [(True, True, True, True)])
sixthtest: ([(0, 1, 37310000000L, 1)], [(True, True, True, True)])
seventhtest: ([(0, 1, 37430000000L, 3)], [(True, True, True, True)])
eighthtest: ([(0, 1, 37400000000L, 0)], [(True, True, True, True)])
--------------------------------------------------------------------------------
0: 77.0 ['secondtest', 'eighthtest']
1: 78.0 ['thirdtest', 'sixthtest']
2: 77.0 ['fourthtest', 'fifthtest']
3: 77.0 ['firsttest', 'seventhtest']
--------------------------------------------------------------------------------
firsttest: ([(0, 1, 35950000000L, 2)], [(True, True, True, True)])
secondtest: ([(0, 1, 35830000000L, 0)], [(True, True, True, True)])
thirdtest: ([(0, 1, 37260000000L, 1)], [(True, True, True, True)])
fourthtest: ([(0, 1, 37570000000L, 1)], [(True, True, True, True)])
fifthtest: ([(0, 1, 37630000000L, 2)], [(True, True, True, True)])
sixthtest: ([(0, 1, 37700000000L, 3)], [(True, True, True, True)])
seventhtest: ([(0, 1, 37820000000L, 0)], [(True, True, True, True)])
eighthtest: ([(0, 1, 37790000000L, 3)], [(True, True, True, True)])
--------------------------------------------------------------------------------
0: 79.0 ['secondtest', 'seventhtest']
1: 79.0 ['thirdtest', 'fourthtest']
2: 78.0 ['firsttest', 'fifthtest']
3: 78.0 ['sixthtest', 'eighthtest']
--------------------------------------------------------------------------------
firsttest: ([(0, 1, 36330000000L, 2)], [(True, True, True, True)])
secondtest: ([(0, 1, 36210000000L, 1)], [(True, True, True, True)])
thirdtest: ([(0, 1, 37630000000L, 0)], [(True, True, True, True)])
fourthtest: ([(0, 1, 37970000000L, 3)], [(True, True, True, True)])
fifthtest: ([(0, 1, 38020000000L, 3)], [(True, True, True, True)])
sixthtest: ([(0, 1, 38080000000L, 1)], [(True, True, True, True)])
seventhtest: ([(0, 1, 38220000000L, 2)], [(True, True, True, True)])
eighthtest: ([(0, 1, 38190000000L, 0)], [(True, True, True, True)])
--------------------------------------------------------------------------------
0: 77.0 ['thirdtest', 'eighthtest']
1: 76.0 ['secondtest', 'sixthtest']
2: 78.0 ['firsttest', 'seventhtest']
3: 79.0 ['fourthtest', 'fifthtest']
--------------------------------------------------------------------------------
firsttest: ([(0, 1, 36730000000L, 1)], [(True, True, True, True)])
secondtest: ([(0, 1, 36610000000L, 2)], [(True, True, True, True)])
thirdtest: ([(0, 1, 38030000000L, 3)], [(True, True, True, True)])
fourthtest: ([(0, 1, 38360000000L, 3)], [(True, True, True, True)])
fifthtest: ([(0, 1, 38410000000L, 1)], [(True, True, True, True)])
sixthtest: ([(0, 1, 38470000000L, 0)], [(True, True, True, True)])
seventhtest: ([(0, 1, 38580000000L, 2)], [(True, True, True, True)])
eighthtest: ([(0, 1, 38580000000L, 0)], [(True, True, True, True)])
--------------------------------------------------------------------------------
0: 78.0 ['sixthtest', 'eighthtest']
1: 79.0 ['firsttest', 'fifthtest']
2: 76.0 ['secondtest', 'seventhtest']
3: 79.0 ['thirdtest', 'fourthtest']
--------------------------------------------------------------------------------
firsttest: ([(0, 1, 37120000000L, 1)], [(True, True, True, True)])
secondtest: ([(0, 1, 36980000000L, 2)], [(True, True, True, True)])
thirdtest: ([(0, 1, 38420000000L, 2)], [(True, True, True, True)])
fourthtest: ([(0, 1, 38740000000L, 0)], [(True, True, True, True)])
fifthtest: ([(0, 1, 38800000000L, 0)], [(True, True, True, True)])
sixthtest: ([(0, 1, 38870000000L, 3)], [(True, True, True, True)])
seventhtest: ([(0, 1, 38970000000L, 1)], [(True, True, True, True)])
eighthtest: ([(0, 1, 38970000000L, 3)], [(True, True, True, True)])
--------------------------------------------------------------------------------
0: 77.0 ['fourthtest', 'fifthtest']
1: 78.0 ['firsttest', 'seventhtest']
2: 76.0 ['secondtest', 'thirdtest']
3: 79.0 ['sixthtest', 'eighthtest']
--------------------------------------------------------------------------------
firsttest: ([(0, 1, 37510000000L, 1)], [(True, True, True, True)])
secondtest: ([(0, 1, 37380000000L, 2)], [(True, True, True, True)])
thirdtest: ([(0, 1, 38810000000L, 1)], [(True, True, True, True)])
fourthtest: ([(0, 1, 39130000000L, 2)], [(True, True, True, True)])
fifthtest: ([(0, 1, 39190000000L, 0)], [(True, True, True, True)])
sixthtest: ([(0, 1, 39260000000L, 3)], [(True, True, True, True)])
seventhtest: ([(0, 1, 39360000000L, 0)], [(True, True, True, True)])
eighthtest: ([(0, 1, 39360000000L, 3)], [(True, True, True, True)])
--------------------------------------------------------------------------------
0: 78.0 ['fifthtest', 'seventhtest']
1: 78.0 ['firsttest', 'thirdtest']
2: 79.0 ['secondtest', 'fourthtest']
3: 78.0 ['sixthtest', 'eighthtest']
--------------------------------------------------------------------------------
firsttest: ([(0, 1, 37900000000L, 0)], [(True, True, True, True)])
secondtest: ([(0, 1, 37780000000L, 2)], [(True, True, True, True)])
thirdtest: ([(0, 1, 39200000000L, 1)], [(True, True, True, True)])
fourthtest: ([(0, 1, 39500000000L, 3)], [(True, True, True, True)])
fifthtest: ([(0, 1, 39590000000L, 3)], [(True, True, True, True)])
sixthtest: ([(0, 1, 39660000000L, 0)], [(True, True, True, True)])
seventhtest: ([(0, 1, 39750000000L, 2)], [(True, True, True, True)])
eighthtest: ([(0, 1, 39740000000L, 1)], [(True, True, True, True)])
--------------------------------------------------------------------------------
0: 79.0 ['firsttest', 'sixthtest']
1: 77.0 ['thirdtest', 'eighthtest']
2: 79.0 ['secondtest', 'seventhtest']
3: 77.0 ['fourthtest', 'fifthtest']
--------------------------------------------------------------------------------
firsttest: ([(0, 1, 38290000000L, 3)], [(True, True, True, True)])
secondtest: ([(0, 1, 38160000000L, 3)], [(True, True, True, True)])
thirdtest: ([(0, 1, 39580000000L, 0)], [(True, True, True, True)])
fourthtest: ([(0, 1, 39880000000L, 0)], [(True, True, True, True)])
fifthtest: ([(0, 1, 39990000000L, 1)], [(True, True, True, True)])
sixthtest: ([(0, 1, 40040000000L, 1)], [(True, True, True, True)])
seventhtest: ([(0, 1, 40110000000L, 2)], [(True, True, True, True)])
eighthtest: ([(0, 1, 40140000000L, 2)], [(True, True, True, True)])
--------------------------------------------------------------------------------
0: 76.0 ['thirdtest', 'fourthtest']
1: 78.0 ['fifthtest', 'sixthtest']
2: 76.0 ['seventhtest', 'eighthtest']
3: 77.0 ['firsttest', 'secondtest']
--------------------------------------------------------------------------------
firsttest: ([(0, 1, 38670000000L, 0)], [(True, True, True, True)])
secondtest: ([(0, 1, 38540000000L, 1)], [(True, True, True, True)])
thirdtest: ([(0, 1, 39960000000L, 1)], [(True, True, True, True)])
fourthtest: ([(0, 1, 40260000000L, 2)], [(True, True, True, True)])
fifthtest: ([(0, 1, 40370000000L, 3)], [(True, True, True, True)])
sixthtest: ([(0, 1, 40430000000L, 0)], [(True, True, True, True)])
seventhtest: ([(0, 1, 40500000000L, 3)], [(True, True, True, True)])
eighthtest: ([(0, 1, 40500000000L, 0)], [(True, True, True, True)])
--------------------------------------------------------------------------------
0: 113.0 ['firsttest', 'sixthtest', 'eighthtest']
1: 76.0 ['secondtest', 'thirdtest']
2: 38.0 ['fourthtest']
3: 77.0 ['fifthtest', 'seventhtest']
--------------------------------------------------------------------------------
firsttest: ([(0, 1, 39040000000L, 3)], [(True, True, True, True)])
secondtest: ([(0, 1, 38920000000L, 1)], [(True, True, True, True)])
thirdtest: ([(0, 1, 40360000000L, 2)], [(True, True, True, True)])
fourthtest: ([(0, 1, 40640000000L, 1)], [(True, True, True, True)])
fifthtest: ([(0, 1, 40770000000L, 0)], [(True, True, True, True)])
sixthtest: ([(0, 1, 40820000000L, 2)], [(True, True, True, True)])
seventhtest: ([(0, 1, 40880000000L, 3)], [(True, True, True, True)])
eighthtest: ([(0, 1, 40900000000L, 0)], [(True, True, True, True)])
--------------------------------------------------------------------------------
0: 80.0 ['fifthtest', 'eighthtest']
1: 76.0 ['secondtest', 'fourthtest']
2: 79.0 ['thirdtest', 'sixthtest']
3: 75.0 ['firsttest', 'seventhtest']
--------------------------------------------------------------------------------
firsttest: ([(0, 1, 39370000000L, 2)], [(True, True, True, True)])
secondtest: ([(0, 1, 39350000000L, 1)], [(True, True, True, True)])
thirdtest: ([(0, 1, 40670000000L, 0)], [(True, True, True, True)])
fourthtest: ([(0, 1, 41070000000L, 0)], [(True, True, True, True)])
fifthtest: ([(0, 1, 41150000000L, 2)], [(True, True, True, True)])
sixthtest: ([(0, 1, 41160000000L, 1)], [(True, True, True, True)])
seventhtest: ([(0, 1, 41200000000L, 3)], [(True, True, True, True)])
eighthtest: ([(0, 1, 41300000000L, 3)], [(True, True, True, True)])
--------------------------------------------------------------------------------
0: 74.0 ['thirdtest', 'fourthtest']
1: 77.0 ['secondtest', 'sixthtest']
2: 71.0 ['firsttest', 'fifthtest']
3: 72.0 ['seventhtest', 'eighthtest']
--------------------------------------------------------------------------------
firsttest: ([(0, 1, 39760000000L, 2)], [(True, True, True, True)])
secondtest: ([(0, 1, 39750000000L, 1)], [(True, True, True, True)])
thirdtest: ([(0, 1, 41040000000L, 3)], [(True, True, True, True)])
fourthtest: ([(0, 1, 41460000000L, 2)], [(True, True, True, True)])
fifthtest: ([(0, 1, 41540000000L, 3)], [(True, True, True, True)])
sixthtest: ([(0, 1, 41550000000L, 1)], [(True, True, True, True)])
seventhtest: ([(0, 1, 41590000000L, 0)], [(True, True, True, True)])
eighthtest: ([(0, 1, 41690000000L, 0)], [(True, True, True, True)])
--------------------------------------------------------------------------------
0: 78.0 ['seventhtest', 'eighthtest']
1: 79.0 ['secondtest', 'sixthtest']
2: 78.0 ['firsttest', 'fourthtest']
3: 76.0 ['thirdtest', 'fifthtest']
--------------------------------------------------------------------------------
firsttest: ([(0, 1, 40130000000L, 1)], [(True, True, True, True)])
secondtest: ([(0, 1, 40110000000L, 3)], [(True, True, True, True)])
thirdtest: ([(0, 1, 41400000000L, 2)], [(True, True, True, True)])
fourthtest: ([(0, 1, 41830000000L, 0)], [(True, True, True, True)])
fifthtest: ([(0, 1, 41910000000L, 2)], [(True, True, True, True)])
sixthtest: ([(0, 1, 41930000000L, 1)], [(True, True, True, True)])
seventhtest: ([(0, 1, 41970000000L, 3)], [(True, True, True, True)])
eighthtest: ([(0, 1, 42040000000L, 0)], [(True, True, True, True)])
--------------------------------------------------------------------------------
0: 72.0 ['fourthtest', 'eighthtest']
1: 75.0 ['firsttest', 'sixthtest']
2: 73.0 ['thirdtest', 'fifthtest']
3: 74.0 ['secondtest', 'seventhtest']
--------------------------------------------------------------------------------
firsttest: ([(0, 1, 40530000000L, 2)], [(True, True, True, True)])
secondtest: ([(0, 1, 40500000000L, 0)], [(True, True, True, True)])
thirdtest: ([(0, 1, 41800000000L, 1)], [(True, True, True, True)])
fourthtest: ([(0, 1, 42230000000L, 0)], [(True, True, True, True)])
fifthtest: ([(0, 1, 42310000000L, 3)], [(True, True, True, True)])
sixthtest: ([(0, 1, 42340000000L, 2)], [(True, True, True, True)])
seventhtest: ([(0, 1, 42370000000L, 1)], [(True, True, True, True)])
eighthtest: ([(0, 1, 42430000000L, 3)], [(True, True, True, True)])
--------------------------------------------------------------------------------
0: 79.0 ['secondtest', 'fourthtest']
1: 80.0 ['thirdtest', 'seventhtest']
2: 81.0 ['firsttest', 'sixthtest']
3: 79.0 ['fifthtest', 'eighthtest']
--------------------------------------------------------------------------------
firsttest: ([(0, 1, 40940000000L, 1)], [(True, True, True, True)])
secondtest: ([(0, 1, 40910000000L, 0)], [(True, True, True, True)])
thirdtest: ([(0, 1, 42220000000L, 1)], [(True, True, True, True)])
fourthtest: ([(0, 1, 42640000000L, 3)], [(True, True, True, True)])
fifthtest: ([(0, 1, 42710000000L, 3)], [(True, True, True, True)])
sixthtest: ([(0, 1, 42750000000L, 2)], [(True, True, True, True)])
seventhtest: ([(0, 1, 42780000000L, 2)], [(True, True, True, True)])
eighthtest: ([(0, 1, 42840000000L, 0)], [(True, True, True, True)])
--------------------------------------------------------------------------------
0: 82.0 ['secondtest', 'eighthtest']
1: 83.0 ['firsttest', 'thirdtest']
2: 82.0 ['sixthtest', 'seventhtest']
3: 81.0 ['fourthtest', 'fifthtest']
--------------------------------------------------------------------------------
firsttest: ([(0, 1, 41340000000L, 2)], [(True, True, True, True)])
secondtest: ([(0, 1, 41330000000L, 1)], [(True, True, True, True)])
thirdtest: ([(0, 1, 42630000000L, 1)], [(True, True, True, True)])
fourthtest: ([(0, 1, 43040000000L, 3)], [(True, True, True, True)])
fifthtest: ([(0, 1, 43130000000L, 0)], [(True, True, True, True)])
sixthtest: ([(0, 1, 43150000000L, 3)], [(True, True, True, True)])
seventhtest: ([(0, 1, 43170000000L, 2)], [(True, True, True, True)])
eighthtest: ([(0, 1, 43250000000L, 0)], [(True, True, True, True)])
--------------------------------------------------------------------------------
0: 83.0 ['fifthtest', 'eighthtest']
1: 83.0 ['secondtest', 'thirdtest']
2: 79.0 ['firsttest', 'seventhtest']
3: 80.0 ['fourthtest', 'sixthtest']
--------------------------------------------------------------------------------
firsttest: ([(0, 1, 41750000000L, 3)], [(True, True, True, True)])
secondtest: ([(0, 1, 41740000000L, 2)], [(True, True, True, True)])
thirdtest: ([(0, 1, 43030000000L, 0)], [(True, True, True, True)])
fourthtest: ([(0, 1, 43450000000L, 1)], [(True, True, True, True)])
fifthtest: ([(0, 1, 43550000000L, 1)], [(True, True, True, True)])
sixthtest: ([(0, 1, 43550000000L, 2)], [(True, True, True, True)])
seventhtest: ([(0, 1, 43590000000L, 0)], [(True, True, True, True)])
eighthtest: ([(0, 1, 43650000000L, 1)], [(True, True, True, True)])
--------------------------------------------------------------------------------
0: 82.0 ['thirdtest', 'seventhtest']
1: 123.0 ['fourthtest', 'fifthtest', 'eighthtest']
2: 81.0 ['secondtest', 'sixthtest']
3: 41.0 ['firsttest']
--------------------------------------------------------------------------------
firsttest: ([(0, 1, 42160000000L, 3)], [(True, True, True, True)])
secondtest: ([(0, 1, 42160000000L, 2)], [(True, True, True, True)])
thirdtest: ([(0, 1, 43440000000L, 1)], [(True, True, True, True)])
fourthtest: ([(0, 1, 43860000000L, 0)], [(True, True, True, True)])
fifthtest: ([(0, 1, 43960000000L, 1)], [(True, True, True, True)])
sixthtest: ([(0, 1, 43960000000L, 2)], [(True, True, True, True)])
seventhtest: ([(0, 1, 43990000000L, 2)], [(True, True, True, True)])
eighthtest: ([(0, 1, 44060000000L, 3)], [(True, True, True, True)])
--------------------------------------------------------------------------------
0: 41.0 ['fourthtest']
1: 82.0 ['thirdtest', 'fifthtest']
2: 123.0 ['secondtest', 'sixthtest', 'seventhtest']
3: 82.0 ['firsttest', 'eighthtest']
--------------------------------------------------------------------------------
firsttest: ([(0, 1, 42570000000L, 3)], [(True, True, True, True)])
secondtest: ([(0, 1, 42570000000L, 1)], [(True, True, True, True)])
thirdtest: ([(0, 1, 43840000000L, 1)], [(True, True, True, True)])
fourthtest: ([(0, 1, 44260000000L, 3)], [(True, True, True, True)])
fifthtest: ([(0, 1, 44370000000L, 0)], [(True, True, True, True)])
sixthtest: ([(0, 1, 44370000000L, 2)], [(True, True, True, True)])
seventhtest: ([(0, 1, 44410000000L, 2)], [(True, True, True, True)])
eighthtest: ([(0, 1, 44470000000L, 0)], [(True, True, True, True)])
--------------------------------------------------------------------------------
0: 82.0 ['fifthtest', 'eighthtest']
1: 81.0 ['secondtest', 'thirdtest']
2: 83.0 ['sixthtest', 'seventhtest']
3: 81.0 ['firsttest', 'fourthtest']
--------------------------------------------------------------------------------
firsttest: ([(0, 1, 42980000000L, 3)], [(True, True, True, True)])
secondtest: ([(0, 1, 43000000000L, 2)], [(True, True, True, True)])
thirdtest: ([(0, 1, 44240000000L, 0)], [(True, True, True, True)])
fourthtest: ([(0, 1, 44670000000L, 1)], [(True, True, True, True)])
fifthtest: ([(0, 1, 44790000000L, 1)], [(True, True, True, True)])
sixthtest: ([(0, 1, 44790000000L, 3)], [(True, True, True, True)])
seventhtest: ([(0, 1, 44820000000L, 2)], [(True, True, True, True)])
eighthtest: ([(0, 1, 44870000000L, 0)], [(True, True, True, True)])
--------------------------------------------------------------------------------
0: 80.0 ['thirdtest', 'eighthtest']
1: 83.0 ['fourthtest', 'fifthtest']
2: 84.0 ['secondtest', 'seventhtest']
3: 83.0 ['firsttest', 'sixthtest']
--------------------------------------------------------------------------------
firsttest: ([(0, 1, 43410000000L, 3)], [(True, True, True, True)])
secondtest: ([(0, 1, 43420000000L, 2)], [(True, True, True, True)])
thirdtest: ([(0, 1, 44680000000L, 0)], [(True, True, True, True)])
fourthtest: ([(0, 1, 45100000000L, 1)], [(True, True, True, True)])
fifthtest: ([(0, 1, 45210000000L, 1)], [(True, True, True, True)])
sixthtest: ([(0, 1, 45210000000L, 3)], [(True, True, True, True)])
seventhtest: ([(0, 1, 45250000000L, 2)], [(True, True, True, True)])
eighthtest: ([(0, 1, 45290000000L, 0)], [(True, True, True, True)])
--------------------------------------------------------------------------------
0: 86.0 ['thirdtest', 'eighthtest']
1: 85.0 ['fourthtest', 'fifthtest']
2: 85.0 ['secondtest', 'seventhtest']
3: 85.0 ['firsttest', 'sixthtest']
--------------------------------------------------------------------------------
firsttest: ([(0, 1, 43820000000L, 1)], [(True, True, True, True)])
secondtest: ([(0, 1, 43840000000L, 2)], [(True, True, True, True)])
thirdtest: ([(0, 1, 45100000000L, 3)], [(True, True, True, True)])
fourthtest: ([(0, 1, 45500000000L, 0)], [(True, True, True, True)])
fifthtest: ([(0, 1, 45630000000L, 3)], [(True, True, True, True)])
sixthtest: ([(0, 1, 45650000000L, 2)], [(True, True, True, True)])
seventhtest: ([(0, 1, 45670000000L, 0)], [(True, True, True, True)])
eighthtest: ([(0, 1, 45710000000L, 1)], [(True, True, True, True)])
--------------------------------------------------------------------------------
0: 82.0 ['fourthtest', 'seventhtest']
1: 83.0 ['firsttest', 'eighthtest']
2: 86.0 ['secondtest', 'sixthtest']
3: 84.0 ['thirdtest', 'fifthtest']
--------------------------------------------------------------------------------
firsttest: ([(0, 1, 44230000000L, 3)], [(True, True, True, True)])
secondtest: ([(0, 1, 44260000000L, 3)], [(True, True, True, True)])
thirdtest: ([(0, 1, 45510000000L, 2)], [(True, True, True, True)])
fourthtest: ([(0, 1, 45920000000L, 1)], [(True, True, True, True)])
fifthtest: ([(0, 1, 46040000000L, 0)], [(True, True, True, True)])
sixthtest: ([(0, 1, 46060000000L, 0)], [(True, True, True, True)])
seventhtest: ([(0, 1, 46090000000L, 1)], [(True, True, True, True)])
eighthtest: ([(0, 1, 46130000000L, 2)], [(True, True, True, True)])
--------------------------------------------------------------------------------
0: 82.0 ['fifthtest', 'sixthtest']
1: 84.0 ['fourthtest', 'seventhtest']
2: 83.0 ['thirdtest', 'eighthtest']
3: 83.0 ['firsttest', 'secondtest']
--------------------------------------------------------------------------------
firsttest: ([(0, 1, 44650000000L, 0)], [(True, True, True, True)])
secondtest: ([(0, 1, 44680000000L, 3)], [(True, True, True, True)])
thirdtest: ([(0, 1, 45940000000L, 2)], [(True, True, True, True)])
fourthtest: ([(0, 1, 46300000000L, 3)], [(True, True, True, True)])
fifthtest: ([(0, 1, 46420000000L, 0)], [(True, True, True, True)])
sixthtest: ([(0, 1, 46470000000L, 1)], [(True, True, True, True)])
seventhtest: ([(0, 1, 46510000000L, 2)], [(True, True, True, True)])
eighthtest: ([(0, 1, 46560000000L, 3)], [(True, True, True, True)])
--------------------------------------------------------------------------------
0: 80.0 ['firsttest', 'fifthtest']
1: 41.0 ['sixthtest']
2: 85.0 ['thirdtest', 'seventhtest']
3: 123.0 ['secondtest', 'fourthtest', 'eighthtest']
--------------------------------------------------------------------------------
firsttest: ([(0, 1, 45060000000L, 0)], [(True, True, True, True)])
secondtest: ([(0, 1, 45080000000L, 1)], [(True, True, True, True)])
thirdtest: ([(0, 1, 46350000000L, 1)], [(True, True, True, True)])
fourthtest: ([(0, 1, 46710000000L, 0)], [(True, True, True, True)])
fifthtest: ([(0, 1, 46840000000L, 2)], [(True, True, True, True)])
sixthtest: ([(0, 1, 46880000000L, 3)], [(True, True, True, True)])
seventhtest: ([(0, 1, 46920000000L, 2)], [(True, True, True, True)])
eighthtest: ([(0, 1, 46990000000L, 3)], [(True, True, True, True)])
--------------------------------------------------------------------------------
0: 82.0 ['firsttest', 'fourthtest']
1: 81.0 ['secondtest', 'thirdtest']
2: 83.0 ['fifthtest', 'seventhtest']
3: 84.0 ['sixthtest', 'eighthtest']
--------------------------------------------------------------------------------
firsttest: ([(0, 1, 45440000000L, 0)], [(True, True, True, True)])
secondtest: ([(0, 1, 45440000000L, 0)], [(True, True, True, True)])
thirdtest: ([(0, 1, 46730000000L, 2)], [(True, True, True, True)])
fourthtest: ([(0, 1, 47070000000L, 2)], [(True, True, True, True)])
fifthtest: ([(0, 1, 47250000000L, 1)], [(True, True, True, True)])
sixthtest: ([(0, 1, 47260000000L, 3)], [(True, True, True, True)])
seventhtest: ([(0, 1, 47300000000L, 2)], [(True, True, True, True)])
eighthtest: ([(0, 1, 47350000000L, 3)], [(True, True, True, True)])
--------------------------------------------------------------------------------
0: 74.0 ['firsttest', 'secondtest']
1: 41.0 ['fifthtest']
2: 112.0 ['thirdtest', 'fourthtest', 'seventhtest']
3: 74.0 ['sixthtest', 'eighthtest']
--------------------------------------------------------------------------------
firsttest: ([(0, 1, 45880000000L, 3)], [(True, True, True, True)])
secondtest: ([(0, 1, 45880000000L, 0)], [(True, True, True, True)])
thirdtest: ([(0, 1, 47180000000L, 1)], [(True, True, True, True)])
fourthtest: ([(0, 1, 47500000000L, 3)], [(True, True, True, True)])
fifthtest: ([(0, 1, 47670000000L, 2)], [(True, True, True, True)])
sixthtest: ([(0, 1, 47690000000L, 0)], [(True, True, True, True)])
seventhtest: ([(0, 1, 47740000000L, 1)], [(True, True, True, True)])
eighthtest: ([(0, 1, 47780000000L, 2)], [(True, True, True, True)])
--------------------------------------------------------------------------------
0: 87.0 ['secondtest', 'sixthtest']
1: 89.0 ['thirdtest', 'seventhtest']
2: 85.0 ['fifthtest', 'eighthtest']
3: 87.0 ['firsttest', 'fourthtest']
--------------------------------------------------------------------------------
firsttest: ([(0, 1, 46310000000L, 1)], [(True, True, True, True)])
secondtest: ([(0, 1, 46310000000L, 2)], [(True, True, True, True)])
thirdtest: ([(0, 1, 47620000000L, 3)], [(True, True, True, True)])
fourthtest: ([(0, 1, 47920000000L, 0)], [(True, True, True, True)])
fifthtest: ([(0, 1, 48080000000L, 0)], [(True, True, True, True)])
sixthtest: ([(0, 1, 48110000000L, 2)], [(True, True, True, True)])
seventhtest: ([(0, 1, 48170000000L, 1)], [(True, True, True, True)])
eighthtest: ([(0, 1, 48220000000L, 3)], [(True, True, True, True)])
--------------------------------------------------------------------------------
0: 83.0 ['fourthtest', 'fifthtest']
1: 86.0 ['firsttest', 'seventhtest']
2: 85.0 ['secondtest', 'sixthtest']
3: 88.0 ['thirdtest', 'eighthtest']
--------------------------------------------------------------------------------
firsttest: ([(0, 1, 46740000000L, 0)], [(True, True, True, True)])
secondtest: ([(0, 1, 46730000000L, 2)], [(True, True, True, True)])
thirdtest: ([(0, 1, 48030000000L, 3)], [(True, True, True, True)])
fourthtest: ([(0, 1, 48330000000L, 0)], [(True, True, True, True)])
fifthtest: ([(0, 1, 48510000000L, 3)], [(True, True, True, True)])
sixthtest: ([(0, 1, 48540000000L, 1)], [(True, True, True, True)])
seventhtest: ([(0, 1, 48600000000L, 2)], [(True, True, True, True)])
eighthtest: ([(0, 1, 48650000000L, 1)], [(True, True, True, True)])
--------------------------------------------------------------------------------
0: 84.0 ['firsttest', 'fourthtest']
1: 86.0 ['sixthtest', 'eighthtest']
2: 85.0 ['secondtest', 'seventhtest']
3: 84.0 ['thirdtest', 'fifthtest']
--------------------------------------------------------------------------------
firsttest: ([(0, 1, 47150000000L, 2)], [(True, True, True, True)])
secondtest: ([(0, 1, 47120000000L, 0)], [(True, True, True, True)])
thirdtest: ([(0, 1, 48450000000L, 0)], [(True, True, True, True)])
fourthtest: ([(0, 1, 48760000000L, 1)], [(True, True, True, True)])
fifthtest: ([(0, 1, 48930000000L, 3)], [(True, True, True, True)])
sixthtest: ([(0, 1, 48930000000L, 3)], [(True, True, True, True)])
seventhtest: ([(0, 1, 48990000000L, 2)], [(True, True, True, True)])
eighthtest: ([(0, 1, 49050000000L, 1)], [(True, True, True, True)])
--------------------------------------------------------------------------------
0: 81.0 ['secondtest', 'thirdtest']
1: 83.0 ['fourthtest', 'eighthtest']
2: 80.0 ['firsttest', 'seventhtest']
3: 81.0 ['fifthtest', 'sixthtest']
--------------------------------------------------------------------------------
firsttest: ([(0, 1, 47550000000L, 1)], [(True, True, True, True)])
secondtest: ([(0, 1, 47540000000L, 1)], [(True, True, True, True)])
thirdtest: ([(0, 1, 48870000000L, 3)], [(True, True, True, True)])
fourthtest: ([(0, 1, 49180000000L, 2)], [(True, True, True, True)])
fifthtest: ([(0, 1, 49340000000L, 1)], [(True, True, True, True)])
sixthtest: ([(0, 1, 49330000000L, 0)], [(True, True, True, True)])
seventhtest: ([(0, 1, 49390000000L, 2)], [(True, True, True, True)])
eighthtest: ([(0, 1, 49470000000L, 0)], [(True, True, True, True)])
--------------------------------------------------------------------------------
0: 82.0 ['sixthtest', 'eighthtest']
1: 123.0 ['firsttest', 'secondtest', 'fifthtest']
2: 82.0 ['fourthtest', 'seventhtest']
3: 42.0 ['thirdtest']
--------------------------------------------------------------------------------
firsttest: ([(0, 1, 47970000000L, 2)], [(True, True, True, True)])
secondtest: ([(0, 1, 47950000000L, 3)], [(True, True, True, True)])
thirdtest: ([(0, 1, 49280000000L, 1)], [(True, True, True, True)])
fourthtest: ([(0, 1, 49590000000L, 1)], [(True, True, True, True)])
fifthtest: ([(0, 1, 49730000000L, 0)], [(True, True, True, True)])
sixthtest: ([(0, 1, 49720000000L, 2)], [(True, True, True, True)])
seventhtest: ([(0, 1, 49820000000L, 3)], [(True, True, True, True)])
eighthtest: ([(0, 1, 49910000000L, 0)], [(True, True, True, True)])
--------------------------------------------------------------------------------
0: 83.0 ['fifthtest', 'eighthtest']
1: 82.0 ['thirdtest', 'fourthtest']
2: 81.0 ['firsttest', 'sixthtest']
3: 84.0 ['secondtest', 'seventhtest']
--------------------------------------------------------------------------------
firsttest: ([(0, 1, 48400000000L, 2)], [(True, True, True, True)])
secondtest: ([(0, 1, 48370000000L, 0)], [(True, True, True, True)])
thirdtest: ([(0, 1, 49710000000L, 3)], [(True, True, True, True)])
fourthtest: ([(0, 1, 50030000000L, 3)], [(True, True, True, True)])
fifthtest: ([(0, 1, 50160000000L, 1)], [(True, True, True, True)])
sixthtest: ([(0, 1, 50160000000L, 2)], [(True, True, True, True)])
seventhtest: ([(0, 1, 50250000000L, 1)], [(True, True, True, True)])
eighthtest: ([(0, 1, 50330000000L, 0)], [(True, True, True, True)])
--------------------------------------------------------------------------------
0: 84.0 ['secondtest', 'eighthtest']
1: 86.0 ['fifthtest', 'seventhtest']
2: 87.0 ['firsttest', 'sixthtest']
3: 87.0 ['thirdtest', 'fourthtest']
--------------------------------------------------------------------------------
firsttest: ([(0, 1, 48820000000L, 3)], [(True, True, True, True)])
secondtest: ([(0, 1, 48790000000L, 3)], [(True, True, True, True)])
thirdtest: ([(0, 1, 50110000000L, 0)], [(True, True, True, True)])
fourthtest: ([(0, 1, 50460000000L, 1)], [(True, True, True, True)])
fifthtest: ([(0, 1, 50590000000L, 2)], [(True, True, True, True)])
sixthtest: ([(0, 1, 50570000000L, 0)], [(True, True, True, True)])
seventhtest: ([(0, 1, 50680000000L, 1)], [(True, True, True, True)])
eighthtest: ([(0, 1, 50760000000L, 2)], [(True, True, True, True)])
--------------------------------------------------------------------------------
0: 81.0 ['thirdtest', 'sixthtest']
1: 86.0 ['fourthtest', 'seventhtest']
2: 86.0 ['fifthtest', 'eighthtest']
3: 84.0 ['firsttest', 'secondtest']
--------------------------------------------------------------------------------
firsttest: ([(0, 1, 49260000000L, 3)], [(True, True, True, True)])
secondtest: ([(0, 1, 49210000000L, 0)], [(True, True, True, True)])
thirdtest: ([(0, 1, 50530000000L, 1)], [(True, True, True, True)])
fourthtest: ([(0, 1, 50880000000L, 0)], [(True, True, True, True)])
fifthtest: ([(0, 1, 51020000000L, 2)], [(True, True, True, True)])
sixthtest: ([(0, 1, 50980000000L, 3)], [(True, True, True, True)])
seventhtest: ([(0, 1, 51100000000L, 1)], [(True, True, True, True)])
eighthtest: ([(0, 1, 51190000000L, 2)], [(True, True, True, True)])
--------------------------------------------------------------------------------
0: 84.0 ['secondtest', 'fourthtest']
1: 84.0 ['thirdtest', 'seventhtest']
2: 86.0 ['fifthtest', 'eighthtest']
3: 85.0 ['firsttest', 'sixthtest']
--------------------------------------------------------------------------------
firsttest: ([(0, 1, 49670000000L, 1)], [(True, True, True, True)])
secondtest: ([(0, 1, 49630000000L, 2)], [(True, True, True, True)])
thirdtest: ([(0, 1, 50960000000L, 3)], [(True, True, True, True)])
fourthtest: ([(0, 1, 51310000000L, 3)], [(True, True, True, True)])
fifthtest: ([(0, 1, 51430000000L, 0)], [(True, True, True, True)])
sixthtest: ([(0, 1, 51400000000L, 0)], [(True, True, True, True)])
seventhtest: ([(0, 1, 51510000000L, 2)], [(True, True, True, True)])
eighthtest: ([(0, 1, 51600000000L, 1)], [(True, True, True, True)])
--------------------------------------------------------------------------------
0: 83.0 ['fifthtest', 'sixthtest']
1: 82.0 ['firsttest', 'eighthtest']
2: 83.0 ['secondtest', 'seventhtest']
3: 86.0 ['thirdtest', 'fourthtest']
--------------------------------------------------------------------------------
firsttest: ([(0, 1, 50100000000L, 3)], [(True, True, True, True)])
secondtest: ([(0, 1, 50060000000L, 2)], [(True, True, True, True)])
thirdtest: ([(0, 1, 51380000000L, 2)], [(True, True, True, True)])
fourthtest: ([(0, 1, 51730000000L, 0)], [(True, True, True, True)])
fifthtest: ([(0, 1, 51860000000L, 1)], [(True, True, True, True)])
sixthtest: ([(0, 1, 51810000000L, 0)], [(True, True, True, True)])
seventhtest: ([(0, 1, 51940000000L, 3)], [(True, True, True, True)])
eighthtest: ([(0, 1, 52020000000L, 1)], [(True, True, True, True)])
--------------------------------------------------------------------------------
0: 83.0 ['fourthtest', 'sixthtest']
1: 85.0 ['fifthtest', 'eighthtest']
2: 85.0 ['secondtest', 'thirdtest']
3: 86.0 ['firsttest', 'seventhtest']
--------------------------------------------------------------------------------
firsttest: ([(0, 1, 50520000000L, 2)], [(True, True, True, True)])
secondtest: ([(0, 1, 50490000000L, 2)], [(True, True, True, True)])
thirdtest: ([(0, 1, 51790000000L, 3)], [(True, True, True, True)])
fourthtest: ([(0, 1, 52140000000L, 0)], [(True, True, True, True)])
fifthtest: ([(0, 1, 52280000000L, 0)], [(True, True, True, True)])
sixthtest: ([(0, 1, 52230000000L, 1)], [(True, True, True, True)])
seventhtest: ([(0, 1, 52350000000L, 3)], [(True, True, True, True)])
eighthtest: ([(0, 1, 52430000000L, 1)], [(True, True, True, True)])
--------------------------------------------------------------------------------
0: 83.0 ['fourthtest', 'fifthtest']
1: 83.0 ['sixthtest', 'eighthtest']
2: 85.0 ['firsttest', 'secondtest']
3: 82.0 ['thirdtest', 'seventhtest']
--------------------------------------------------------------------------------
firsttest: ([(0, 1, 50900000000L, 0)], [(True, True, True, True)])
secondtest: ([(0, 1, 50870000000L, 3)], [(True, True, True, True)])
thirdtest: ([(0, 1, 52190000000L, 0)], [(True, True, True, True)])
fourthtest: ([(0, 1, 52530000000L, 2)], [(True, True, True, True)])
fifthtest: ([(0, 1, 52660000000L, 1)], [(True, True, True, True)])
sixthtest: ([(0, 1, 52630000000L, 2)], [(True, True, True, True)])
seventhtest: ([(0, 1, 52740000000L, 3)], [(True, True, True, True)])
eighthtest: ([(0, 1, 52810000000L, 1)], [(True, True, True, True)])
--------------------------------------------------------------------------------
0: 78.0 ['firsttest', 'thirdtest']
1: 76.0 ['fifthtest', 'eighthtest']
2: 79.0 ['fourthtest', 'sixthtest']
3: 77.0 ['secondtest', 'seventhtest']
--------------------------------------------------------------------------------
firsttest: ([(0, 1, 51280000000L, 3)], [(True, True, True, True)])
secondtest: ([(0, 1, 51240000000L, 0)], [(True, True, True, True)])
thirdtest: ([(0, 1, 52570000000L, 0)], [(True, True, True, True)])
fourthtest: ([(0, 1, 52900000000L, 1)], [(True, True, True, True)])
fifthtest: ([(0, 1, 53050000000L, 1)], [(True, True, True, True)])
sixthtest: ([(0, 1, 53000000000L, 2)], [(True, True, True, True)])
seventhtest: ([(0, 1, 53150000000L, 2)], [(True, True, True, True)])
eighthtest: ([(0, 1, 53190000000L, 2)], [(True, True, True, True)])
--------------------------------------------------------------------------------
0: 75.0 ['secondtest', 'thirdtest']
1: 76.0 ['fourthtest', 'fifthtest']
2: 116.0 ['sixthtest', 'seventhtest', 'eighthtest']
3: 38.0 ['firsttest']
--------------------------------------------------------------------------------
firsttest: ([(0, 1, 51640000000L, 2)], [(True, True, True, True)])
secondtest: ([(0, 1, 51600000000L, 0)], [(True, True, True, True)])
thirdtest: ([(0, 1, 52920000000L, 2)], [(True, True, True, True)])
fourthtest: ([(0, 1, 53260000000L, 1)], [(True, True, True, True)])
fifthtest: ([(0, 1, 53410000000L, 3)], [(True, True, True, True)])
sixthtest: ([(0, 1, 53370000000L, 1)], [(True, True, True, True)])
seventhtest: ([(0, 1, 53500000000L, 0)], [(True, True, True, True)])
eighthtest: ([(0, 1, 53580000000L, 3)], [(True, True, True, True)])
--------------------------------------------------------------------------------
0: 71.0 ['secondtest', 'seventhtest']
1: 73.0 ['fourthtest', 'sixthtest']
2: 71.0 ['firsttest', 'thirdtest']
3: 75.0 ['fifthtest', 'eighthtest']
--------------------------------------------------------------------------------
firsttest: ([(0, 1, 52040000000L, 2)], [(False, False, True, False)])
secondtest: ([(0, 1, 51980000000L, 1)], [(False, True, False, False)])
thirdtest: ([(0, 1, 53320000000L, 3)], [(False, False, False, True)])
fourthtest: ([(0, 1, 53660000000L, 3)], [(False, False, False, True)])
fifthtest: ([(0, 1, 53810000000L, 2)], [(False, False, True, False)])
sixthtest: ([(0, 1, 53760000000L, 1)], [(False, True, False, False)])
seventhtest: ([(0, 1, 53870000000L, 0)], [(True, False, False, False)])
eighthtest: ([(0, 1, 53960000000L, 0)], [(True, False, False, False)])
--------------------------------------------------------------------------------
0: 75.0 ['seventhtest', 'eighthtest']
1: 77.0 ['secondtest', 'sixthtest']
2: 80.0 ['firsttest', 'fifthtest']
3: 80.0 ['thirdtest', 'fourthtest']
--------------------------------------------------------------------------------
firsttest: ([(0, 1, 52450000000L, 2)], [(False, False, True, False)])
secondtest: ([(0, 1, 52370000000L, 1)], [(False, True, False, False)])
thirdtest: ([(0, 1, 53710000000L, 3)], [(False, False, False, True)])
fourthtest: ([(0, 1, 54060000000L, 3)], [(False, False, False, True)])
fifthtest: ([(0, 1, 54220000000L, 2)], [(False, False, True, False)])
sixthtest: ([(0, 1, 54160000000L, 1)], [(False, True, False, False)])
seventhtest: ([(0, 1, 54260000000L, 0)], [(True, False, False, False)])
eighthtest: ([(0, 1, 54350000000L, 0)], [(True, False, False, False)])
--------------------------------------------------------------------------------
0: 78.0 ['seventhtest', 'eighthtest']
1: 79.0 ['secondtest', 'sixthtest']
2: 82.0 ['firsttest', 'fifthtest']
3: 79.0 ['thirdtest', 'fourthtest']
--------------------------------------------------------------------------------
firsttest: ([(0, 1, 52850000000L, 2)], [(False, False, True, False)])
secondtest: ([(0, 1, 52780000000L, 1)], [(False, True, False, False)])
thirdtest: ([(0, 1, 54120000000L, 3)], [(False, False, False, True)])
fourthtest: ([(0, 1, 54470000000L, 3)], [(False, False, False, True)])
fifthtest: ([(0, 1, 54620000000L, 2)], [(False, False, True, False)])
sixthtest: ([(0, 1, 54560000000L, 1)], [(False, True, False, False)])
seventhtest: ([(0, 1, 54650000000L, 0)], [(True, False, False, False)])
eighthtest: ([(0, 1, 54740000000L, 0)], [(True, False, False, False)])
--------------------------------------------------------------------------------
0: 78.0 ['seventhtest', 'eighthtest']
1: 81.0 ['secondtest', 'sixthtest']
2: 80.0 ['firsttest', 'fifthtest']
3: 82.0 ['thirdtest', 'fourthtest']
--------------------------------------------------------------------------------
firsttest: ([(0, 1, 53250000000L, 2)], [(False, False, True, False)])
secondtest: ([(0, 1, 53170000000L, 1)], [(False, True, False, False)])
thirdtest: ([(0, 1, 54510000000L, 3)], [(False, False, False, True)])
fourthtest: ([(0, 1, 54860000000L, 3)], [(False, False, False, True)])
fifthtest: ([(0, 1, 55020000000L, 2)], [(False, False, True, False)])
sixthtest: ([(0, 1, 54950000000L, 1)], [(False, True, False, False)])
seventhtest: ([(0, 1, 55040000000L, 0)], [(True, False, False, False)])
eighthtest: ([(0, 1, 55130000000L, 0)], [(True, False, False, False)])
--------------------------------------------------------------------------------
0: 78.0 ['seventhtest', 'eighthtest']
1: 78.0 ['secondtest', 'sixthtest']
2: 80.0 ['firsttest', 'fifthtest']
3: 78.0 ['thirdtest', 'fourthtest']
--------------------------------------------------------------------------------
firsttest: ([(0, 1, 53640000000L, 2)], [(False, False, True, False)])
secondtest: ([(0, 1, 53560000000L, 1)], [(False, True, False, False)])
thirdtest: ([(0, 1, 54900000000L, 3)], [(False, False, False, True)])
fourthtest: ([(0, 1, 55260000000L, 3)], [(False, False, False, True)])
fifthtest: ([(0, 1, 55420000000L, 2)], [(False, False, True, False)])
sixthtest: ([(0, 1, 55350000000L, 1)], [(False, True, False, False)])
seventhtest: ([(0, 1, 55430000000L, 0)], [(True, False, False, False)])
eighthtest: ([(0, 1, 55510000000L, 0)], [(True, False, False, False)])
--------------------------------------------------------------------------------
0: 77.0 ['seventhtest', 'eighthtest']
1: 79.0 ['secondtest', 'sixthtest']
2: 79.0 ['firsttest', 'fifthtest']
3: 79.0 ['thirdtest', 'fourthtest']
--------------------------------------------------------------------------------
firsttest: ([(0, 1, 54040000000L, 2)], [(False, False, True, False)])
secondtest: ([(0, 1, 53950000000L, 1)], [(False, True, False, False)])
thirdtest: ([(0, 1, 55300000000L, 3)], [(False, False, False, True)])
fourthtest: ([(0, 1, 55640000000L, 3)], [(False, False, False, True)])
fifthtest: ([(0, 1, 55810000000L, 2)], [(False, False, True, False)])
sixthtest: ([(0, 1, 55730000000L, 1)], [(False, True, False, False)])
seventhtest: ([(0, 1, 55810000000L, 0)], [(True, False, False, False)])
eighthtest: ([(0, 1, 55900000000L, 0)], [(True, False, False, False)])
--------------------------------------------------------------------------------
0: 77.0 ['seventhtest', 'eighthtest']
1: 77.0 ['secondtest', 'sixthtest']
2: 79.0 ['firsttest', 'fifthtest']
3: 78.0 ['thirdtest', 'fourthtest']
--------------------------------------------------------------------------------
firsttest: ([(0, 1, 54420000000L, 2)], [(False, False, True, False)])
secondtest: ([(0, 1, 54320000000L, 1)], [(False, True, False, False)])
thirdtest: ([(0, 1, 55670000000L, 3)], [(False, False, False, True)])
fourthtest: ([(0, 1, 56020000000L, 3)], [(False, False, False, True)])
fifthtest: ([(0, 1, 56200000000L, 2)], [(False, False, True, False)])
sixthtest: ([(0, 1, 56110000000L, 1)], [(False, True, False, False)])
seventhtest: ([(0, 1, 56180000000L, 0)], [(True, False, False, False)])
eighthtest: ([(0, 1, 56260000000L, 0)], [(True, False, False, False)])
--------------------------------------------------------------------------------
0: 73.0 ['seventhtest', 'eighthtest']
1: 75.0 ['secondtest', 'sixthtest']
2: 77.0 ['firsttest', 'fifthtest']
3: 75.0 ['thirdtest', 'fourthtest']
--------------------------------------------------------------------------------
firsttest: ([(0, 1, 54810000000L, 2)], [(False, False, True, False)])
secondtest: ([(0, 1, 54700000000L, 1)], [(False, True, False, False)])
thirdtest: ([(0, 1, 56050000000L, 3)], [(False, False, False, True)])
fourthtest: ([(0, 1, 56400000000L, 3)], [(False, False, False, True)])
fifthtest: ([(0, 1, 56580000000L, 2)], [(False, False, True, False)])
sixthtest: ([(0, 1, 56490000000L, 1)], [(False, True, False, False)])
seventhtest: ([(0, 1, 56560000000L, 0)], [(True, False, False, False)])
eighthtest: ([(0, 1, 56640000000L, 0)], [(True, False, False, False)])
--------------------------------------------------------------------------------
0: 76.0 ['seventhtest', 'eighthtest']
1: 76.0 ['secondtest', 'sixthtest']
2: 77.0 ['firsttest', 'fifthtest']
3: 76.0 ['thirdtest', 'fourthtest']
--------------------------------------------------------------------------------
firsttest: ([(0, 1, 55180000000L, 2)], [(False, False, True, False)])
secondtest: ([(0, 1, 55070000000L, 1)], [(False, True, False, False)])
thirdtest: ([(0, 1, 56370000000L, 3)], [(False, False, False, True)])
fourthtest: ([(0, 1, 56710000000L, 3)], [(False, False, False, True)])
fifthtest: ([(0, 1, 56950000000L, 2)], [(False, False, True, False)])
sixthtest: ([(0, 1, 56860000000L, 1)], [(False, True, False, False)])
seventhtest: ([(0, 1, 56940000000L, 0)], [(True, False, False, False)])
eighthtest: ([(0, 1, 57030000000L, 0)], [(True, False, False, False)])
--------------------------------------------------------------------------------
0: 77.0 ['seventhtest', 'eighthtest']
1: 74.0 ['secondtest', 'sixthtest']
2: 74.0 ['firsttest', 'fifthtest']
3: 63.0 ['thirdtest', 'fourthtest']
--------------------------------------------------------------------------------
firsttest: ([(0, 1, 55550000000L, 2)], [(False, False, True, False)])
secondtest: ([(0, 1, 55440000000L, 1)], [(False, True, False, False)])
thirdtest: ([(0, 1, 56690000000L, 3)], [(False, False, False, True)])
fourthtest: ([(0, 1, 57050000000L, 3)], [(False, False, False, True)])
fifthtest: ([(0, 1, 57330000000L, 2)], [(False, False, True, False)])
sixthtest: ([(0, 1, 57220000000L, 1)], [(False, True, False, False)])
seventhtest: ([(0, 1, 57320000000L, 0)], [(True, False, False, False)])
eighthtest: ([(0, 1, 57410000000L, 0)], [(True, False, False, False)])
--------------------------------------------------------------------------------
0: 76.0 ['seventhtest', 'eighthtest']
1: 73.0 ['secondtest', 'sixthtest']
2: 75.0 ['firsttest', 'fifthtest']
3: 66.0 ['thirdtest', 'fourthtest']
--------------------------------------------------------------------------------
firsttest: ([(0, 1, 55860000000L, 2)], [(False, False, True, False)])
secondtest: ([(0, 1, 55820000000L, 1)], [(False, True, False, False)])
thirdtest: ([(0, 1, 57070000000L, 3)], [(False, False, False, True)])
fourthtest: ([(0, 1, 57420000000L, 3)], [(False, False, False, True)])
fifthtest: ([(0, 1, 57630000000L, 2)], [(False, False, True, False)])
sixthtest: ([(0, 1, 57600000000L, 1)], [(False, True, False, False)])
seventhtest: ([(0, 1, 57680000000L, 0)], [(True, False, False, False)])
eighthtest: ([(0, 1, 57760000000L, 0)], [(True, False, False, False)])
--------------------------------------------------------------------------------
0: 71.0 ['seventhtest', 'eighthtest']
1: 76.0 ['secondtest', 'sixthtest']
2: 61.0 ['firsttest', 'fifthtest']
3: 75.0 ['thirdtest', 'fourthtest']
--------------------------------------------------------------------------------
firsttest: ([(0, 1, 56170000000L, 2)], [(False, False, True, False)])
secondtest: ([(0, 1, 56170000000L, 1)], [(False, True, False, False)])
thirdtest: ([(0, 1, 57430000000L, 3)], [(False, False, False, True)])
fourthtest: ([(0, 1, 57780000000L, 3)], [(False, False, False, True)])
fifthtest: ([(0, 1, 57950000000L, 2)], [(False, False, True, False)])
sixthtest: ([(0, 1, 57950000000L, 1)], [(False, True, False, False)])
seventhtest: ([(0, 1, 58050000000L, 0)], [(True, False, False, False)])
eighthtest: ([(0, 1, 58140000000L, 0)], [(True, False, False, False)])
--------------------------------------------------------------------------------
0: 75.0 ['seventhtest', 'eighthtest']
1: 70.0 ['secondtest', 'sixthtest']
2: 63.0 ['firsttest', 'fifthtest']
3: 72.0 ['thirdtest', 'fourthtest']
--------------------------------------------------------------------------------
firsttest: ([(0, 1, 56570000000L, 2)], [(False, False, True, False)])
secondtest: ([(0, 1, 56540000000L, 1)], [(False, True, False, False)])
thirdtest: ([(0, 1, 57810000000L, 3)], [(False, False, False, True)])
fourthtest: ([(0, 1, 58170000000L, 3)], [(False, False, False, True)])
fifthtest: ([(0, 1, 58330000000L, 2)], [(False, False, True, False)])
sixthtest: ([(0, 1, 58320000000L, 1)], [(False, True, False, False)])
seventhtest: ([(0, 1, 58430000000L, 0)], [(True, False, False, False)])
eighthtest: ([(0, 1, 58520000000L, 0)], [(True, False, False, False)])
--------------------------------------------------------------------------------
0: 76.0 ['seventhtest', 'eighthtest']
1: 74.0 ['secondtest', 'sixthtest']
2: 78.0 ['firsttest', 'fifthtest']
3: 77.0 ['thirdtest', 'fourthtest']
--------------------------------------------------------------------------------
firsttest: ([(0, 1, 56950000000L, 2)], [(False, False, True, False)])
secondtest: ([(0, 1, 56920000000L, 1)], [(False, True, False, False)])
thirdtest: ([(0, 1, 58190000000L, 3)], [(False, False, False, True)])
fourthtest: ([(0, 1, 58540000000L, 3)], [(False, False, False, True)])
fifthtest: ([(0, 1, 58730000000L, 2)], [(False, False, True, False)])
sixthtest: ([(0, 1, 58700000000L, 1)], [(False, True, False, False)])
seventhtest: ([(0, 1, 58810000000L, 0)], [(True, False, False, False)])
eighthtest: ([(0, 1, 58890000000L, 0)], [(True, False, False, False)])
--------------------------------------------------------------------------------
0: 75.0 ['seventhtest', 'eighthtest']
1: 76.0 ['secondtest', 'sixthtest']
2: 78.0 ['firsttest', 'fifthtest']
3: 75.0 ['thirdtest', 'fourthtest']
--------------------------------------------------------------------------------
firsttest: ([(0, 1, 57260000000L, 2)], [(False, False, True, False)])
secondtest: ([(0, 1, 57200000000L, 1)], [(False, True, False, False)])
thirdtest: ([(0, 1, 58480000000L, 3)], [(False, False, False, True)])
fourthtest: ([(0, 1, 58830000000L, 3)], [(False, False, False, True)])
fifthtest: ([(0, 1, 59030000000L, 2)], [(False, False, True, False)])
sixthtest: ([(0, 1, 58980000000L, 1)], [(False, True, False, False)])
seventhtest: ([(0, 1, 59110000000L, 0)], [(True, False, False, False)])
eighthtest: ([(0, 1, 59200000000L, 0)], [(True, False, False, False)])
--------------------------------------------------------------------------------
0: 61.0 ['seventhtest', 'eighthtest']
1: 56.0 ['secondtest', 'sixthtest']
2: 61.0 ['firsttest', 'fifthtest']
3: 58.0 ['thirdtest', 'fourthtest']
--------------------------------------------------------------------------------
firsttest: ([(0, 1, 57660000000L, 2)], [(False, False, True, False)])
secondtest: ([(0, 1, 57590000000L, 1)], [(False, True, False, False)])
thirdtest: ([(0, 1, 58870000000L, 3)], [(False, False, False, True)])
fourthtest: ([(0, 1, 59210000000L, 3)], [(False, False, False, True)])
fifthtest: ([(0, 1, 59420000000L, 2)], [(False, False, True, False)])
sixthtest: ([(0, 1, 59380000000L, 1)], [(False, True, False, False)])
seventhtest: ([(0, 1, 59490000000L, 0)], [(True, False, False, False)])
eighthtest: ([(0, 1, 59580000000L, 0)], [(True, False, False, False)])
--------------------------------------------------------------------------------
0: 76.0 ['seventhtest', 'eighthtest']
1: 79.0 ['secondtest', 'sixthtest']
2: 79.0 ['firsttest', 'fifthtest']
3: 77.0 ['thirdtest', 'fourthtest']
--------------------------------------------------------------------------------
firsttest: ([(0, 1, 58040000000L, 2)], [(False, False, True, False)])
secondtest: ([(0, 1, 57970000000L, 1)], [(False, True, False, False)])
thirdtest: ([(0, 1, 59240000000L, 3)], [(False, False, False, True)])
fourthtest: ([(0, 1, 59590000000L, 3)], [(False, False, False, True)])
fifthtest: ([(0, 1, 59810000000L, 2)], [(False, False, True, False)])
sixthtest: ([(0, 1, 59760000000L, 1)], [(False, True, False, False)])
seventhtest: ([(0, 1, 59860000000L, 0)], [(True, False, False, False)])
eighthtest: ([(0, 1, 59950000000L, 0)], [(True, False, False, False)])
--------------------------------------------------------------------------------
0: 74.0 ['seventhtest', 'eighthtest']
1: 76.0 ['secondtest', 'sixthtest']
2: 77.0 ['firsttest', 'fifthtest']
3: 75.0 ['thirdtest', 'fourthtest']
--------------------------------------------------------------------------------
firsttest: ([(0, 1, 58430000000L, 2)], [(False, False, True, False)])
secondtest: ([(0, 1, 58340000000L, 1)], [(False, True, False, False)])
thirdtest: ([(0, 1, 59630000000L, 3)], [(False, False, False, True)])
fourthtest: ([(0, 1, 59980000000L, 3)], [(False, False, False, True)])
fifthtest: ([(0, 1, 60200000000L, 2)], [(False, False, True, False)])
sixthtest: ([(0, 1, 60150000000L, 1)], [(False, True, False, False)])
seventhtest: ([(0, 1, 60250000000L, 0)], [(True, False, False, False)])
eighthtest: ([(0, 1, 60340000000L, 0)], [(True, False, False, False)])
--------------------------------------------------------------------------------
0: 78.0 ['seventhtest', 'eighthtest']
1: 76.0 ['secondtest', 'sixthtest']
2: 78.0 ['firsttest', 'fifthtest']
3: 78.0 ['thirdtest', 'fourthtest']
--------------------------------------------------------------------------------
firsttest: ([(0, 1, 58810000000L, 2)], [(False, False, True, False)])
secondtest: ([(0, 1, 58720000000L, 1)], [(False, True, False, False)])
thirdtest: ([(0, 1, 60010000000L, 3)], [(False, False, False, True)])
fourthtest: ([(0, 1, 60360000000L, 3)], [(False, False, False, True)])
fifthtest: ([(0, 1, 60580000000L, 2)], [(False, False, True, False)])
sixthtest: ([(0, 1, 60530000000L, 1)], [(False, True, False, False)])
seventhtest: ([(0, 1, 60620000000L, 0)], [(True, False, False, False)])
eighthtest: ([(0, 1, 60710000000L, 0)], [(True, False, False, False)])
--------------------------------------------------------------------------------
0: 74.0 ['seventhtest', 'eighthtest']
1: 76.0 ['secondtest', 'sixthtest']
2: 76.0 ['firsttest', 'fifthtest']
3: 76.0 ['thirdtest', 'fourthtest']
--------------------------------------------------------------------------------
