Script started on 2019-09-14 19:52:14-0700
]0;root@ubuntu: /home/bond/git/cs6210Project1_test/cpuroot@ubuntu:/home/bond/git/cs6210Project1_test/cpu# ./monitor.py 
firsttest: ([(0, 1, 14400000000L, 2)], [(True, True, True, True)])
secondtest: ([(0, 1, 15930000000L, 0)], [(True, True, True, True)])
thirdtest: ([(0, 1, 15370000000L, 1)], [(True, True, True, True)])
fourthtest: ([(0, 1, 15760000000L, 1)], [(True, True, True, True)])
fifthtest: ([(0, 1, 15360000000L, 3)], [(True, True, True, True)])
sixthtest: ([(0, 1, 15330000000L, 2)], [(True, True, True, True)])
seventhtest: ([(0, 1, 15160000000L, 3)], [(True, True, True, True)])
eighthtest: ([(0, 1, 14800000000L, 1)], [(True, True, True, True)])
--------------------------------------------------------------------------------
0: 0.0 []
1: 0.0 []
2: 0.0 []
3: 0.0 []
--------------------------------------------------------------------------------
firsttest: ([(0, 1, 14400000000L, 1)], [(True, True, True, True)])
secondtest: ([(0, 1, 15930000000L, 0)], [(True, True, True, True)])
thirdtest: ([(0, 1, 15370000000L, 1)], [(True, True, True, True)])
fourthtest: ([(0, 1, 15760000000L, 0)], [(True, True, True, True)])
fifthtest: ([(0, 1, 15360000000L, 3)], [(True, True, True, True)])
sixthtest: ([(0, 1, 15330000000L, 2)], [(True, True, True, True)])
seventhtest: ([(0, 1, 15170000000L, 3)], [(True, True, True, True)])
eighthtest: ([(0, 1, 14800000000L, 0)], [(True, True, True, True)])
--------------------------------------------------------------------------------
0: 0.0 ['secondtest', 'fourthtest', 'eighthtest']
1: 0.0 ['firsttest', 'thirdtest']
2: 0.0 ['sixthtest']
3: 1.0 ['fifthtest', 'seventhtest']
--------------------------------------------------------------------------------
firsttest: ([(0, 1, 14410000000L, 1)], [(True, True, True, True)])
secondtest: ([(0, 1, 15930000000L, 0)], [(True, True, True, True)])
thirdtest: ([(0, 1, 15370000000L, 1)], [(True, True, True, True)])
fourthtest: ([(0, 1, 15760000000L, 0)], [(True, True, True, True)])
fifthtest: ([(0, 1, 15360000000L, 3)], [(True, True, True, True)])
sixthtest: ([(0, 1, 15330000000L, 2)], [(True, True, True, True)])
seventhtest: ([(0, 1, 15180000000L, 3)], [(True, True, True, True)])
eighthtest: ([(0, 1, 14810000000L, 0)], [(True, True, True, True)])
--------------------------------------------------------------------------------
0: 1.0 ['secondtest', 'fourthtest', 'eighthtest']
1: 1.0 ['firsttest', 'thirdtest']
2: 0.0 ['sixthtest']
3: 1.0 ['fifthtest', 'seventhtest']
--------------------------------------------------------------------------------
firsttest: ([(0, 1, 14410000000L, 1)], [(True, True, True, True)])
secondtest: ([(0, 1, 15930000000L, 0)], [(True, True, True, True)])
thirdtest: ([(0, 1, 15370000000L, 2)], [(True, True, True, True)])
fourthtest: ([(0, 1, 15770000000L, 0)], [(True, True, True, True)])
fifthtest: ([(0, 1, 15360000000L, 3)], [(True, True, True, True)])
sixthtest: ([(0, 1, 15330000000L, 1)], [(True, True, True, True)])
seventhtest: ([(0, 1, 15180000000L, 1)], [(True, True, True, True)])
eighthtest: ([(0, 1, 14810000000L, 1)], [(True, True, True, True)])
--------------------------------------------------------------------------------
0: 1.0 ['secondtest', 'fourthtest']
1: 0.0 ['firsttest', 'sixthtest', 'seventhtest', 'eighthtest']
2: 0.0 ['thirdtest']
3: 0.0 ['fifthtest']
--------------------------------------------------------------------------------
firsttest: ([(0, 1, 14410000000L, 1)], [(True, True, True, True)])
secondtest: ([(0, 1, 15930000000L, 0)], [(True, True, True, True)])
thirdtest: ([(0, 1, 15370000000L, 2)], [(True, True, True, True)])
fourthtest: ([(0, 1, 15770000000L, 0)], [(True, True, True, True)])
fifthtest: ([(0, 1, 15370000000L, 3)], [(True, True, True, True)])
sixthtest: ([(0, 1, 15330000000L, 1)], [(True, True, True, True)])
seventhtest: ([(0, 1, 15180000000L, 1)], [(True, True, True, True)])
eighthtest: ([(0, 1, 14810000000L, 1)], [(True, True, True, True)])
--------------------------------------------------------------------------------
0: 0.0 ['secondtest', 'fourthtest']
1: 0.0 ['firsttest', 'sixthtest', 'seventhtest', 'eighthtest']
2: 0.0 ['thirdtest']
3: 1.0 ['fifthtest']
--------------------------------------------------------------------------------
firsttest: ([(0, 1, 14410000000L, 2)], [(True, True, True, True)])
secondtest: ([(0, 1, 15930000000L, 0)], [(True, True, True, True)])
thirdtest: ([(0, 1, 15370000000L, 3)], [(True, True, True, True)])
fourthtest: ([(0, 1, 15770000000L, 2)], [(True, True, True, True)])
fifthtest: ([(0, 1, 15370000000L, 3)], [(True, True, True, True)])
sixthtest: ([(0, 1, 15330000000L, 1)], [(True, True, True, True)])
seventhtest: ([(0, 1, 15180000000L, 0)], [(True, True, True, True)])
eighthtest: ([(0, 1, 14820000000L, 2)], [(True, True, True, True)])
--------------------------------------------------------------------------------
0: 0.0 ['secondtest', 'seventhtest']
1: 0.0 ['sixthtest']
2: 1.0 ['firsttest', 'fourthtest', 'eighthtest']
3: 0.0 ['thirdtest', 'fifthtest']
--------------------------------------------------------------------------------
firsttest: ([(0, 1, 14410000000L, 1)], [(True, True, True, True)])
secondtest: ([(0, 1, 15930000000L, 0)], [(True, True, True, True)])
thirdtest: ([(0, 1, 15380000000L, 3)], [(True, True, True, True)])
fourthtest: ([(0, 1, 15780000000L, 2)], [(True, True, True, True)])
fifthtest: ([(0, 1, 15370000000L, 3)], [(True, True, True, True)])
sixthtest: ([(0, 1, 15330000000L, 1)], [(True, True, True, True)])
seventhtest: ([(0, 1, 15180000000L, 0)], [(True, True, True, True)])
eighthtest: ([(0, 1, 14820000000L, 2)], [(True, True, True, True)])
--------------------------------------------------------------------------------
0: 0.0 ['secondtest', 'seventhtest']
1: 0.0 ['firsttest', 'sixthtest']
2: 1.0 ['fourthtest', 'eighthtest']
3: 1.0 ['thirdtest', 'fifthtest']
--------------------------------------------------------------------------------
firsttest: ([(0, 1, 14410000000L, 2)], [(True, True, True, True)])
secondtest: ([(0, 1, 15930000000L, 0)], [(True, True, True, True)])
thirdtest: ([(0, 1, 15380000000L, 1)], [(True, True, True, True)])
fourthtest: ([(0, 1, 15780000000L, 2)], [(True, True, True, True)])
fifthtest: ([(0, 1, 15370000000L, 3)], [(True, True, True, True)])
sixthtest: ([(0, 1, 15340000000L, 1)], [(True, True, True, True)])
seventhtest: ([(0, 1, 15180000000L, 0)], [(True, True, True, True)])
eighthtest: ([(0, 1, 14820000000L, 3)], [(True, True, True, True)])
--------------------------------------------------------------------------------
0: 0.0 ['secondtest', 'seventhtest']
1: 1.0 ['thirdtest', 'sixthtest']
2: 0.0 ['firsttest', 'fourthtest']
3: 0.0 ['fifthtest', 'eighthtest']
--------------------------------------------------------------------------------
firsttest: ([(0, 1, 14410000000L, 2)], [(True, True, True, True)])
secondtest: ([(0, 1, 15930000000L, 0)], [(True, True, True, True)])
thirdtest: ([(0, 1, 15380000000L, 1)], [(True, True, True, True)])
fourthtest: ([(0, 1, 15780000000L, 2)], [(True, True, True, True)])
fifthtest: ([(0, 1, 15370000000L, 3)], [(True, True, True, True)])
sixthtest: ([(0, 1, 15350000000L, 1)], [(True, True, True, True)])
seventhtest: ([(0, 1, 15180000000L, 0)], [(True, True, True, True)])
eighthtest: ([(0, 1, 14820000000L, 3)], [(True, True, True, True)])
--------------------------------------------------------------------------------
0: 0.0 ['secondtest', 'seventhtest']
1: 1.0 ['thirdtest', 'sixthtest']
2: 0.0 ['firsttest', 'fourthtest']
3: 0.0 ['fifthtest', 'eighthtest']
--------------------------------------------------------------------------------
firsttest: ([(0, 1, 14410000000L, 2)], [(True, True, True, True)])
secondtest: ([(0, 1, 15930000000L, 0)], [(True, True, True, True)])
thirdtest: ([(0, 1, 15380000000L, 1)], [(True, True, True, True)])
fourthtest: ([(0, 1, 15780000000L, 2)], [(True, True, True, True)])
fifthtest: ([(0, 1, 15370000000L, 3)], [(True, True, True, True)])
sixthtest: ([(0, 1, 15350000000L, 2)], [(True, True, True, True)])
seventhtest: ([(0, 1, 15180000000L, 0)], [(True, True, True, True)])
eighthtest: ([(0, 1, 14820000000L, 3)], [(True, True, True, True)])
--------------------------------------------------------------------------------
0: 0.0 ['secondtest', 'seventhtest']
1: 0.0 ['thirdtest']
2: 0.0 ['firsttest', 'fourthtest', 'sixthtest']
3: 0.0 ['fifthtest', 'eighthtest']
--------------------------------------------------------------------------------
firsttest: ([(0, 1, 14690000000L, 0)], [(True, True, True, True)])
secondtest: ([(0, 1, 16260000000L, 0)], [(True, True, True, True)])
thirdtest: ([(0, 1, 15650000000L, 2)], [(True, True, True, True)])
fourthtest: ([(0, 1, 16020000000L, 3)], [(True, True, True, True)])
fifthtest: ([(0, 1, 15600000000L, 2)], [(True, True, True, True)])
sixthtest: ([(0, 1, 15580000000L, 3)], [(True, True, True, True)])
seventhtest: ([(0, 1, 15430000000L, 1)], [(True, True, True, True)])
eighthtest: ([(0, 1, 15050000000L, 1)], [(True, True, True, True)])
--------------------------------------------------------------------------------
0: 61.0 ['firsttest', 'secondtest']
1: 48.0 ['seventhtest', 'eighthtest']
2: 50.0 ['thirdtest', 'fifthtest']
3: 47.0 ['fourthtest', 'sixthtest']
--------------------------------------------------------------------------------
firsttest: ([(0, 1, 15160000000L, 3)], [(True, True, True, True)])
secondtest: ([(0, 1, 16710000000L, 1)], [(True, True, True, True)])
thirdtest: ([(0, 1, 16090000000L, 0)], [(True, True, True, True)])
fourthtest: ([(0, 1, 16470000000L, 2)], [(True, True, True, True)])
fifthtest: ([(0, 1, 15790000000L, 3)], [(True, True, True, True)])
sixthtest: ([(0, 1, 15760000000L, 2)], [(True, True, True, True)])
seventhtest: ([(0, 1, 15610000000L, 1)], [(True, True, True, True)])
eighthtest: ([(0, 1, 15240000000L, 0)], [(True, True, True, True)])
--------------------------------------------------------------------------------
0: 63.0 ['thirdtest', 'eighthtest']
1: 63.0 ['secondtest', 'seventhtest']
2: 63.0 ['fourthtest', 'sixthtest']
3: 66.0 ['firsttest', 'fifthtest']
--------------------------------------------------------------------------------
firsttest: ([(0, 1, 15620000000L, 3)], [(True, True, True, True)])
secondtest: ([(0, 1, 17170000000L, 1)], [(True, True, True, True)])
thirdtest: ([(0, 1, 16570000000L, 0)], [(True, True, True, True)])
fourthtest: ([(0, 1, 16940000000L, 2)], [(True, True, True, True)])
fifthtest: ([(0, 1, 15980000000L, 3)], [(True, True, True, True)])
sixthtest: ([(0, 1, 15950000000L, 2)], [(True, True, True, True)])
seventhtest: ([(0, 1, 15810000000L, 1)], [(True, True, True, True)])
eighthtest: ([(0, 1, 15440000000L, 0)], [(True, True, True, True)])
--------------------------------------------------------------------------------
0: 68.0 ['thirdtest', 'eighthtest']
1: 66.0 ['secondtest', 'seventhtest']
2: 66.0 ['fourthtest', 'sixthtest']
3: 65.0 ['firsttest', 'fifthtest']
--------------------------------------------------------------------------------
firsttest: ([(0, 1, 16080000000L, 3)], [(True, True, True, True)])
secondtest: ([(0, 1, 17620000000L, 2)], [(True, True, True, True)])
thirdtest: ([(0, 1, 17020000000L, 1)], [(True, True, True, True)])
fourthtest: ([(0, 1, 17400000000L, 0)], [(True, True, True, True)])
fifthtest: ([(0, 1, 16170000000L, 3)], [(True, True, True, True)])
sixthtest: ([(0, 1, 16140000000L, 1)], [(True, True, True, True)])
seventhtest: ([(0, 1, 15990000000L, 2)], [(True, True, True, True)])
eighthtest: ([(0, 1, 15620000000L, 0)], [(True, True, True, True)])
--------------------------------------------------------------------------------
0: 64.0 ['fourthtest', 'eighthtest']
1: 64.0 ['thirdtest', 'sixthtest']
2: 63.0 ['secondtest', 'seventhtest']
3: 65.0 ['firsttest', 'fifthtest']
--------------------------------------------------------------------------------
firsttest: ([(0, 1, 16520000000L, 0)], [(True, True, True, True)])
secondtest: ([(0, 1, 18080000000L, 2)], [(True, True, True, True)])
thirdtest: ([(0, 1, 17470000000L, 3)], [(True, True, True, True)])
fourthtest: ([(0, 1, 17850000000L, 2)], [(True, True, True, True)])
fifthtest: ([(0, 1, 16360000000L, 1)], [(True, True, True, True)])
sixthtest: ([(0, 1, 16330000000L, 1)], [(True, True, True, True)])
seventhtest: ([(0, 1, 16170000000L, 3)], [(True, True, True, True)])
eighthtest: ([(0, 1, 15820000000L, 0)], [(True, True, True, True)])
--------------------------------------------------------------------------------
0: 64.0 ['firsttest', 'eighthtest']
1: 38.0 ['fifthtest', 'sixthtest']
2: 91.0 ['secondtest', 'fourthtest']
3: 63.0 ['thirdtest', 'seventhtest']
--------------------------------------------------------------------------------
firsttest: ([(0, 1, 16970000000L, 3)], [(True, True, True, True)])
secondtest: ([(0, 1, 18540000000L, 1)], [(True, True, True, True)])
thirdtest: ([(0, 1, 17930000000L, 0)], [(True, True, True, True)])
fourthtest: ([(0, 1, 18310000000L, 2)], [(True, True, True, True)])
fifthtest: ([(0, 1, 16540000000L, 1)], [(True, True, True, True)])
sixthtest: ([(0, 1, 16510000000L, 2)], [(True, True, True, True)])
seventhtest: ([(0, 1, 16370000000L, 3)], [(True, True, True, True)])
eighthtest: ([(0, 1, 16010000000L, 0)], [(True, True, True, True)])
--------------------------------------------------------------------------------
0: 65.0 ['thirdtest', 'eighthtest']
1: 64.0 ['secondtest', 'fifthtest']
2: 64.0 ['fourthtest', 'sixthtest']
3: 65.0 ['firsttest', 'seventhtest']
--------------------------------------------------------------------------------
firsttest: ([(0, 1, 17430000000L, 3)], [(True, True, True, True)])
secondtest: ([(0, 1, 18990000000L, 1)], [(True, True, True, True)])
thirdtest: ([(0, 1, 18400000000L, 0)], [(True, True, True, True)])
fourthtest: ([(0, 1, 18780000000L, 2)], [(True, True, True, True)])
fifthtest: ([(0, 1, 16730000000L, 1)], [(True, True, True, True)])
sixthtest: ([(0, 1, 16710000000L, 2)], [(True, True, True, True)])
seventhtest: ([(0, 1, 16560000000L, 3)], [(True, True, True, True)])
eighthtest: ([(0, 1, 16200000000L, 0)], [(True, True, True, True)])
--------------------------------------------------------------------------------
0: 66.0 ['thirdtest', 'eighthtest']
1: 64.0 ['secondtest', 'fifthtest']
2: 67.0 ['fourthtest', 'sixthtest']
3: 65.0 ['firsttest', 'seventhtest']
--------------------------------------------------------------------------------
firsttest: ([(0, 1, 17890000000L, 3)], [(True, True, True, True)])
secondtest: ([(0, 1, 19430000000L, 1)], [(True, True, True, True)])
thirdtest: ([(0, 1, 18860000000L, 0)], [(True, True, True, True)])
fourthtest: ([(0, 1, 19250000000L, 2)], [(True, True, True, True)])
fifthtest: ([(0, 1, 16920000000L, 1)], [(True, True, True, True)])
sixthtest: ([(0, 1, 16910000000L, 2)], [(True, True, True, True)])
seventhtest: ([(0, 1, 16750000000L, 0)], [(True, True, True, True)])
eighthtest: ([(0, 1, 16400000000L, 3)], [(True, True, True, True)])
--------------------------------------------------------------------------------
0: 65.0 ['thirdtest', 'seventhtest']
1: 63.0 ['secondtest', 'fifthtest']
2: 67.0 ['fourthtest', 'sixthtest']
3: 66.0 ['firsttest', 'eighthtest']
--------------------------------------------------------------------------------
firsttest: ([(0, 1, 18350000000L, 3)], [(True, True, True, True)])
secondtest: ([(0, 1, 19880000000L, 1)], [(True, True, True, True)])
thirdtest: ([(0, 1, 19330000000L, 0)], [(True, True, True, True)])
fourthtest: ([(0, 1, 19720000000L, 2)], [(True, True, True, True)])
fifthtest: ([(0, 1, 17110000000L, 1)], [(True, True, True, True)])
sixthtest: ([(0, 1, 17100000000L, 2)], [(True, True, True, True)])
seventhtest: ([(0, 1, 16950000000L, 0)], [(True, True, True, True)])
eighthtest: ([(0, 1, 16590000000L, 3)], [(True, True, True, True)])
--------------------------------------------------------------------------------
0: 67.0 ['thirdtest', 'seventhtest']
1: 64.0 ['secondtest', 'fifthtest']
2: 66.0 ['fourthtest', 'sixthtest']
3: 65.0 ['firsttest', 'eighthtest']
--------------------------------------------------------------------------------
firsttest: ([(0, 1, 18810000000L, 2)], [(True, True, True, True)])
secondtest: ([(0, 1, 20320000000L, 1)], [(True, True, True, True)])
thirdtest: ([(0, 1, 19790000000L, 0)], [(True, True, True, True)])
fourthtest: ([(0, 1, 20180000000L, 3)], [(True, True, True, True)])
fifthtest: ([(0, 1, 17300000000L, 0)], [(True, True, True, True)])
sixthtest: ([(0, 1, 17300000000L, 2)], [(True, True, True, True)])
seventhtest: ([(0, 1, 17130000000L, 1)], [(True, True, True, True)])
eighthtest: ([(0, 1, 16780000000L, 3)], [(True, True, True, True)])
--------------------------------------------------------------------------------
0: 65.0 ['thirdtest', 'fifthtest']
1: 62.0 ['secondtest', 'seventhtest']
2: 66.0 ['firsttest', 'sixthtest']
3: 65.0 ['fourthtest', 'eighthtest']
--------------------------------------------------------------------------------
firsttest: ([(0, 1, 19290000000L, 2)], [(True, True, True, True)])
secondtest: ([(0, 1, 20790000000L, 1)], [(True, True, True, True)])
thirdtest: ([(0, 1, 20270000000L, 0)], [(True, True, True, True)])
fourthtest: ([(0, 1, 20650000000L, 3)], [(True, True, True, True)])
fifthtest: ([(0, 1, 17510000000L, 0)], [(True, True, True, True)])
sixthtest: ([(0, 1, 17500000000L, 1)], [(True, True, True, True)])
seventhtest: ([(0, 1, 17330000000L, 2)], [(True, True, True, True)])
eighthtest: ([(0, 1, 16990000000L, 3)], [(True, True, True, True)])
--------------------------------------------------------------------------------
0: 69.0 ['thirdtest', 'fifthtest']
1: 67.0 ['secondtest', 'sixthtest']
2: 68.0 ['firsttest', 'seventhtest']
3: 68.0 ['fourthtest', 'eighthtest']
--------------------------------------------------------------------------------
firsttest: ([(0, 1, 19750000000L, 2)], [(True, True, True, True)])
secondtest: ([(0, 1, 21260000000L, 1)], [(True, True, True, True)])
thirdtest: ([(0, 1, 20740000000L, 0)], [(True, True, True, True)])
fourthtest: ([(0, 1, 21120000000L, 3)], [(True, True, True, True)])
fifthtest: ([(0, 1, 17720000000L, 0)], [(True, True, True, True)])
sixthtest: ([(0, 1, 17710000000L, 1)], [(True, True, True, True)])
seventhtest: ([(0, 1, 17540000000L, 2)], [(True, True, True, True)])
eighthtest: ([(0, 1, 17190000000L, 3)], [(True, True, True, True)])
--------------------------------------------------------------------------------
0: 68.0 ['thirdtest', 'fifthtest']
1: 68.0 ['secondtest', 'sixthtest']
2: 67.0 ['firsttest', 'seventhtest']
3: 67.0 ['fourthtest', 'eighthtest']
--------------------------------------------------------------------------------
firsttest: ([(0, 1, 20230000000L, 2)], [(True, True, True, True)])
secondtest: ([(0, 1, 21720000000L, 1)], [(True, True, True, True)])
thirdtest: ([(0, 1, 21220000000L, 0)], [(True, True, True, True)])
fourthtest: ([(0, 1, 21580000000L, 3)], [(True, True, True, True)])
fifthtest: ([(0, 1, 17910000000L, 0)], [(True, True, True, True)])
sixthtest: ([(0, 1, 17900000000L, 1)], [(True, True, True, True)])
seventhtest: ([(0, 1, 17740000000L, 2)], [(True, True, True, True)])
eighthtest: ([(0, 1, 17380000000L, 3)], [(True, True, True, True)])
--------------------------------------------------------------------------------
0: 67.0 ['thirdtest', 'fifthtest']
1: 65.0 ['secondtest', 'sixthtest']
2: 68.0 ['firsttest', 'seventhtest']
3: 65.0 ['fourthtest', 'eighthtest']
--------------------------------------------------------------------------------
firsttest: ([(0, 1, 20690000000L, 2)], [(True, True, True, True)])
secondtest: ([(0, 1, 22180000000L, 1)], [(True, True, True, True)])
thirdtest: ([(0, 1, 21690000000L, 0)], [(True, True, True, True)])
fourthtest: ([(0, 1, 22050000000L, 3)], [(True, True, True, True)])
fifthtest: ([(0, 1, 18110000000L, 0)], [(True, True, True, True)])
sixthtest: ([(0, 1, 18100000000L, 1)], [(True, True, True, True)])
seventhtest: ([(0, 1, 17940000000L, 2)], [(True, True, True, True)])
eighthtest: ([(0, 1, 17590000000L, 3)], [(True, True, True, True)])
--------------------------------------------------------------------------------
0: 67.0 ['thirdtest', 'fifthtest']
1: 66.0 ['secondtest', 'sixthtest']
2: 66.0 ['firsttest', 'seventhtest']
3: 68.0 ['fourthtest', 'eighthtest']
--------------------------------------------------------------------------------
firsttest: ([(0, 1, 21160000000L, 2)], [(True, True, True, True)])
secondtest: ([(0, 1, 22640000000L, 1)], [(True, True, True, True)])
thirdtest: ([(0, 1, 22150000000L, 0)], [(True, True, True, True)])
fourthtest: ([(0, 1, 22510000000L, 3)], [(True, True, True, True)])
fifthtest: ([(0, 1, 18320000000L, 0)], [(True, True, True, True)])
sixthtest: ([(0, 1, 18290000000L, 1)], [(True, True, True, True)])
seventhtest: ([(0, 1, 18130000000L, 2)], [(True, True, True, True)])
eighthtest: ([(0, 1, 17780000000L, 3)], [(True, True, True, True)])
--------------------------------------------------------------------------------
0: 67.0 ['thirdtest', 'fifthtest']
1: 65.0 ['secondtest', 'sixthtest']
2: 66.0 ['firsttest', 'seventhtest']
3: 65.0 ['fourthtest', 'eighthtest']
--------------------------------------------------------------------------------
firsttest: ([(0, 1, 21630000000L, 2)], [(True, True, True, True)])
secondtest: ([(0, 1, 23100000000L, 1)], [(True, True, True, True)])
thirdtest: ([(0, 1, 22630000000L, 0)], [(True, True, True, True)])
fourthtest: ([(0, 1, 22980000000L, 3)], [(True, True, True, True)])
fifthtest: ([(0, 1, 18510000000L, 0)], [(True, True, True, True)])
sixthtest: ([(0, 1, 18490000000L, 1)], [(True, True, True, True)])
seventhtest: ([(0, 1, 18330000000L, 2)], [(True, True, True, True)])
eighthtest: ([(0, 1, 17970000000L, 3)], [(True, True, True, True)])
--------------------------------------------------------------------------------
0: 67.0 ['thirdtest', 'fifthtest']
1: 66.0 ['secondtest', 'sixthtest']
2: 67.0 ['firsttest', 'seventhtest']
3: 66.0 ['fourthtest', 'eighthtest']
--------------------------------------------------------------------------------
firsttest: ([(0, 1, 22090000000L, 2)], [(True, True, True, True)])
secondtest: ([(0, 1, 23560000000L, 1)], [(True, True, True, True)])
thirdtest: ([(0, 1, 23090000000L, 0)], [(True, True, True, True)])
fourthtest: ([(0, 1, 23440000000L, 3)], [(True, True, True, True)])
fifthtest: ([(0, 1, 18710000000L, 0)], [(True, True, True, True)])
sixthtest: ([(0, 1, 18670000000L, 1)], [(True, True, True, True)])
seventhtest: ([(0, 1, 18530000000L, 2)], [(True, True, True, True)])
eighthtest: ([(0, 1, 18170000000L, 3)], [(True, True, True, True)])
--------------------------------------------------------------------------------
0: 66.0 ['thirdtest', 'fifthtest']
1: 64.0 ['secondtest', 'sixthtest']
2: 66.0 ['firsttest', 'seventhtest']
3: 66.0 ['fourthtest', 'eighthtest']
--------------------------------------------------------------------------------
firsttest: ([(0, 1, 22550000000L, 2)], [(True, True, True, True)])
secondtest: ([(0, 1, 24010000000L, 1)], [(True, True, True, True)])
thirdtest: ([(0, 1, 23550000000L, 0)], [(True, True, True, True)])
fourthtest: ([(0, 1, 23900000000L, 3)], [(True, True, True, True)])
fifthtest: ([(0, 1, 18900000000L, 0)], [(True, True, True, True)])
sixthtest: ([(0, 1, 18860000000L, 1)], [(True, True, True, True)])
seventhtest: ([(0, 1, 18720000000L, 2)], [(True, True, True, True)])
eighthtest: ([(0, 1, 18360000000L, 3)], [(True, True, True, True)])
--------------------------------------------------------------------------------
0: 65.0 ['thirdtest', 'fifthtest']
1: 64.0 ['secondtest', 'sixthtest']
2: 65.0 ['firsttest', 'seventhtest']
3: 65.0 ['fourthtest', 'eighthtest']
--------------------------------------------------------------------------------
firsttest: ([(0, 1, 23020000000L, 2)], [(True, True, True, True)])
secondtest: ([(0, 1, 24470000000L, 1)], [(True, True, True, True)])
thirdtest: ([(0, 1, 24020000000L, 0)], [(True, True, True, True)])
fourthtest: ([(0, 1, 24370000000L, 3)], [(True, True, True, True)])
fifthtest: ([(0, 1, 19100000000L, 0)], [(True, True, True, True)])
sixthtest: ([(0, 1, 19050000000L, 1)], [(True, True, True, True)])
seventhtest: ([(0, 1, 18920000000L, 2)], [(True, True, True, True)])
eighthtest: ([(0, 1, 18550000000L, 3)], [(True, True, True, True)])
--------------------------------------------------------------------------------
0: 67.0 ['thirdtest', 'fifthtest']
1: 65.0 ['secondtest', 'sixthtest']
2: 67.0 ['firsttest', 'seventhtest']
3: 66.0 ['fourthtest', 'eighthtest']
--------------------------------------------------------------------------------
firsttest: ([(0, 1, 23460000000L, 0)], [(True, True, True, True)])
secondtest: ([(0, 1, 24930000000L, 3)], [(True, True, True, True)])
thirdtest: ([(0, 1, 24470000000L, 2)], [(True, True, True, True)])
fourthtest: ([(0, 1, 24810000000L, 1)], [(True, True, True, True)])
fifthtest: ([(0, 1, 19290000000L, 0)], [(True, True, True, True)])
sixthtest: ([(0, 1, 19230000000L, 1)], [(True, True, True, True)])
seventhtest: ([(0, 1, 19100000000L, 2)], [(True, True, True, True)])
eighthtest: ([(0, 1, 18730000000L, 1)], [(True, True, True, True)])
--------------------------------------------------------------------------------
0: 63.0 ['firsttest', 'fifthtest']
1: 80.0 ['fourthtest', 'sixthtest', 'eighthtest']
2: 63.0 ['thirdtest', 'seventhtest']
3: 46.0 ['secondtest']
--------------------------------------------------------------------------------
firsttest: ([(0, 1, 23920000000L, 2)], [(False, False, True, False)])
secondtest: ([(0, 1, 25340000000L, 3)], [(False, False, False, True)])
thirdtest: ([(0, 1, 24960000000L, 0)], [(True, False, False, False)])
fourthtest: ([(0, 1, 25280000000L, 1)], [(False, True, False, False)])
fifthtest: ([(0, 1, 19480000000L, 3)], [(False, False, False, True)])
sixthtest: ([(0, 1, 19410000000L, 0)], [(True, False, False, False)])
seventhtest: ([(0, 1, 19280000000L, 2)], [(False, False, True, False)])
eighthtest: ([(0, 1, 18920000000L, 1)], [(False, True, False, False)])
--------------------------------------------------------------------------------
0: 67.0 ['thirdtest', 'sixthtest']
1: 66.0 ['fourthtest', 'eighthtest']
2: 64.0 ['firsttest', 'seventhtest']
3: 60.0 ['secondtest', 'fifthtest']
--------------------------------------------------------------------------------
firsttest: ([(0, 1, 24400000000L, 2)], [(False, False, True, False)])
secondtest: ([(0, 1, 25810000000L, 3)], [(False, False, False, True)])
thirdtest: ([(0, 1, 25430000000L, 0)], [(True, False, False, False)])
fourthtest: ([(0, 1, 25750000000L, 1)], [(False, True, False, False)])
fifthtest: ([(0, 1, 19680000000L, 3)], [(False, False, False, True)])
sixthtest: ([(0, 1, 19610000000L, 0)], [(True, False, False, False)])
seventhtest: ([(0, 1, 19480000000L, 2)], [(False, False, True, False)])
eighthtest: ([(0, 1, 19110000000L, 1)], [(False, True, False, False)])
--------------------------------------------------------------------------------
0: 67.0 ['thirdtest', 'sixthtest']
1: 66.0 ['fourthtest', 'eighthtest']
2: 68.0 ['firsttest', 'seventhtest']
3: 67.0 ['secondtest', 'fifthtest']
--------------------------------------------------------------------------------
firsttest: ([(0, 1, 24860000000L, 2)], [(False, False, True, False)])
secondtest: ([(0, 1, 26270000000L, 3)], [(False, False, False, True)])
thirdtest: ([(0, 1, 25900000000L, 0)], [(True, False, False, False)])
fourthtest: ([(0, 1, 26210000000L, 1)], [(False, True, False, False)])
fifthtest: ([(0, 1, 19860000000L, 3)], [(False, False, False, True)])
sixthtest: ([(0, 1, 19800000000L, 0)], [(True, False, False, False)])
seventhtest: ([(0, 1, 19670000000L, 2)], [(False, False, True, False)])
eighthtest: ([(0, 1, 19310000000L, 1)], [(False, True, False, False)])
--------------------------------------------------------------------------------
0: 66.0 ['thirdtest', 'sixthtest']
1: 66.0 ['fourthtest', 'eighthtest']
2: 65.0 ['firsttest', 'seventhtest']
3: 64.0 ['secondtest', 'fifthtest']
--------------------------------------------------------------------------------
firsttest: ([(0, 1, 25320000000L, 2)], [(False, False, True, False)])
secondtest: ([(0, 1, 26730000000L, 3)], [(False, False, False, True)])
thirdtest: ([(0, 1, 26360000000L, 0)], [(True, False, False, False)])
fourthtest: ([(0, 1, 26660000000L, 1)], [(False, True, False, False)])
fifthtest: ([(0, 1, 20070000000L, 3)], [(False, False, False, True)])
sixthtest: ([(0, 1, 20000000000L, 0)], [(True, False, False, False)])
seventhtest: ([(0, 1, 19870000000L, 2)], [(False, False, True, False)])
eighthtest: ([(0, 1, 19490000000L, 1)], [(False, True, False, False)])
--------------------------------------------------------------------------------
0: 66.0 ['thirdtest', 'sixthtest']
1: 63.0 ['fourthtest', 'eighthtest']
2: 66.0 ['firsttest', 'seventhtest']
3: 67.0 ['secondtest', 'fifthtest']
--------------------------------------------------------------------------------
firsttest: ([(0, 1, 25780000000L, 2)], [(False, False, True, False)])
secondtest: ([(0, 1, 27190000000L, 3)], [(False, False, False, True)])
thirdtest: ([(0, 1, 26830000000L, 0)], [(True, False, False, False)])
fourthtest: ([(0, 1, 27120000000L, 1)], [(False, True, False, False)])
fifthtest: ([(0, 1, 20250000000L, 3)], [(False, False, False, True)])
sixthtest: ([(0, 1, 20190000000L, 0)], [(True, False, False, False)])
seventhtest: ([(0, 1, 20060000000L, 2)], [(False, False, True, False)])
eighthtest: ([(0, 1, 19680000000L, 1)], [(False, True, False, False)])
--------------------------------------------------------------------------------
0: 66.0 ['thirdtest', 'sixthtest']
1: 65.0 ['fourthtest', 'eighthtest']
2: 65.0 ['firsttest', 'seventhtest']
3: 64.0 ['secondtest', 'fifthtest']
--------------------------------------------------------------------------------
firsttest: ([(0, 1, 26250000000L, 2)], [(False, False, True, False)])
secondtest: ([(0, 1, 27650000000L, 3)], [(False, False, False, True)])
thirdtest: ([(0, 1, 27310000000L, 0)], [(True, False, False, False)])
fourthtest: ([(0, 1, 27580000000L, 1)], [(False, True, False, False)])
fifthtest: ([(0, 1, 20450000000L, 3)], [(False, False, False, True)])
sixthtest: ([(0, 1, 20380000000L, 0)], [(True, False, False, False)])
seventhtest: ([(0, 1, 20260000000L, 2)], [(False, False, True, False)])
eighthtest: ([(0, 1, 19870000000L, 1)], [(False, True, False, False)])
--------------------------------------------------------------------------------
0: 67.0 ['thirdtest', 'sixthtest']
1: 65.0 ['fourthtest', 'eighthtest']
2: 67.0 ['firsttest', 'seventhtest']
3: 66.0 ['secondtest', 'fifthtest']
--------------------------------------------------------------------------------
firsttest: ([(0, 1, 26710000000L, 2)], [(False, False, True, False)])
secondtest: ([(0, 1, 28110000000L, 3)], [(False, False, False, True)])
thirdtest: ([(0, 1, 27760000000L, 0)], [(True, False, False, False)])
fourthtest: ([(0, 1, 28020000000L, 1)], [(False, True, False, False)])
fifthtest: ([(0, 1, 20640000000L, 3)], [(False, False, False, True)])
sixthtest: ([(0, 1, 20570000000L, 0)], [(True, False, False, False)])
seventhtest: ([(0, 1, 20450000000L, 2)], [(False, False, True, False)])
eighthtest: ([(0, 1, 20060000000L, 1)], [(False, True, False, False)])
--------------------------------------------------------------------------------
0: 64.0 ['thirdtest', 'sixthtest']
1: 63.0 ['fourthtest', 'eighthtest']
2: 65.0 ['firsttest', 'seventhtest']
3: 65.0 ['secondtest', 'fifthtest']
--------------------------------------------------------------------------------
firsttest: ([(0, 1, 27180000000L, 2)], [(False, False, True, False)])
secondtest: ([(0, 1, 28580000000L, 3)], [(False, False, False, True)])
thirdtest: ([(0, 1, 28240000000L, 0)], [(True, False, False, False)])
fourthtest: ([(0, 1, 28480000000L, 1)], [(False, True, False, False)])
fifthtest: ([(0, 1, 20830000000L, 3)], [(False, False, False, True)])
sixthtest: ([(0, 1, 20770000000L, 0)], [(True, False, False, False)])
seventhtest: ([(0, 1, 20640000000L, 2)], [(False, False, True, False)])
eighthtest: ([(0, 1, 20240000000L, 1)], [(False, True, False, False)])
--------------------------------------------------------------------------------
0: 68.0 ['thirdtest', 'sixthtest']
1: 64.0 ['fourthtest', 'eighthtest']
2: 66.0 ['firsttest', 'seventhtest']
3: 66.0 ['secondtest', 'fifthtest']
--------------------------------------------------------------------------------
firsttest: ([(0, 1, 27640000000L, 2)], [(False, False, True, False)])
secondtest: ([(0, 1, 29040000000L, 3)], [(False, False, False, True)])
thirdtest: ([(0, 1, 28700000000L, 0)], [(True, False, False, False)])
fourthtest: ([(0, 1, 28950000000L, 1)], [(False, True, False, False)])
fifthtest: ([(0, 1, 21020000000L, 3)], [(False, False, False, True)])
sixthtest: ([(0, 1, 20960000000L, 0)], [(True, False, False, False)])
seventhtest: ([(0, 1, 20830000000L, 2)], [(False, False, True, False)])
eighthtest: ([(0, 1, 20440000000L, 1)], [(False, True, False, False)])
--------------------------------------------------------------------------------
0: 65.0 ['thirdtest', 'sixthtest']
1: 67.0 ['fourthtest', 'eighthtest']
2: 65.0 ['firsttest', 'seventhtest']
3: 65.0 ['secondtest', 'fifthtest']
--------------------------------------------------------------------------------
firsttest: ([(0, 1, 28100000000L, 2)], [(False, False, True, False)])
secondtest: ([(0, 1, 29510000000L, 3)], [(False, False, False, True)])
thirdtest: ([(0, 1, 29170000000L, 0)], [(True, False, False, False)])
fourthtest: ([(0, 1, 29400000000L, 1)], [(False, True, False, False)])
fifthtest: ([(0, 1, 21220000000L, 3)], [(False, False, False, True)])
sixthtest: ([(0, 1, 21150000000L, 0)], [(True, False, False, False)])
seventhtest: ([(0, 1, 21030000000L, 2)], [(False, False, True, False)])
eighthtest: ([(0, 1, 20630000000L, 1)], [(False, True, False, False)])
--------------------------------------------------------------------------------
0: 66.0 ['thirdtest', 'sixthtest']
1: 64.0 ['fourthtest', 'eighthtest']
2: 66.0 ['firsttest', 'seventhtest']
3: 67.0 ['secondtest', 'fifthtest']
--------------------------------------------------------------------------------
firsttest: ([(0, 1, 28570000000L, 2)], [(False, False, True, False)])
secondtest: ([(0, 1, 29980000000L, 3)], [(False, False, False, True)])
thirdtest: ([(0, 1, 29640000000L, 0)], [(True, False, False, False)])
fourthtest: ([(0, 1, 29850000000L, 1)], [(False, True, False, False)])
fifthtest: ([(0, 1, 21410000000L, 3)], [(False, False, False, True)])
sixthtest: ([(0, 1, 21350000000L, 0)], [(True, False, False, False)])
seventhtest: ([(0, 1, 21220000000L, 2)], [(False, False, True, False)])
eighthtest: ([(0, 1, 20820000000L, 1)], [(False, True, False, False)])
--------------------------------------------------------------------------------
0: 67.0 ['thirdtest', 'sixthtest']
1: 64.0 ['fourthtest', 'eighthtest']
2: 66.0 ['firsttest', 'seventhtest']
3: 66.0 ['secondtest', 'fifthtest']
--------------------------------------------------------------------------------
firsttest: ([(0, 1, 29040000000L, 2)], [(False, False, True, False)])
secondtest: ([(0, 1, 30450000000L, 3)], [(False, False, False, True)])
thirdtest: ([(0, 1, 30110000000L, 0)], [(True, False, False, False)])
fourthtest: ([(0, 1, 30320000000L, 1)], [(False, True, False, False)])
fifthtest: ([(0, 1, 21610000000L, 3)], [(False, False, False, True)])
sixthtest: ([(0, 1, 21540000000L, 0)], [(True, False, False, False)])
seventhtest: ([(0, 1, 21420000000L, 2)], [(False, False, True, False)])
eighthtest: ([(0, 1, 21010000000L, 1)], [(False, True, False, False)])
--------------------------------------------------------------------------------
0: 66.0 ['thirdtest', 'sixthtest']
1: 66.0 ['fourthtest', 'eighthtest']
2: 67.0 ['firsttest', 'seventhtest']
3: 67.0 ['secondtest', 'fifthtest']
--------------------------------------------------------------------------------
firsttest: ([(0, 1, 29500000000L, 2)], [(False, False, True, False)])
secondtest: ([(0, 1, 30920000000L, 3)], [(False, False, False, True)])
thirdtest: ([(0, 1, 30580000000L, 0)], [(True, False, False, False)])
fourthtest: ([(0, 1, 30780000000L, 1)], [(False, True, False, False)])
fifthtest: ([(0, 1, 21800000000L, 3)], [(False, False, False, True)])
sixthtest: ([(0, 1, 21740000000L, 0)], [(True, False, False, False)])
seventhtest: ([(0, 1, 21610000000L, 2)], [(False, False, True, False)])
eighthtest: ([(0, 1, 21210000000L, 1)], [(False, True, False, False)])
--------------------------------------------------------------------------------
0: 67.0 ['thirdtest', 'sixthtest']
1: 66.0 ['fourthtest', 'eighthtest']
2: 65.0 ['firsttest', 'seventhtest']
3: 66.0 ['secondtest', 'fifthtest']
--------------------------------------------------------------------------------
firsttest: ([(0, 1, 29970000000L, 2)], [(False, False, True, False)])
secondtest: ([(0, 1, 31390000000L, 3)], [(False, False, False, True)])
thirdtest: ([(0, 1, 31040000000L, 0)], [(True, False, False, False)])
fourthtest: ([(0, 1, 31240000000L, 1)], [(False, True, False, False)])
fifthtest: ([(0, 1, 22010000000L, 3)], [(False, False, False, True)])
sixthtest: ([(0, 1, 21940000000L, 0)], [(True, False, False, False)])
seventhtest: ([(0, 1, 21810000000L, 2)], [(False, False, True, False)])
eighthtest: ([(0, 1, 21410000000L, 1)], [(False, True, False, False)])
--------------------------------------------------------------------------------
0: 66.0 ['thirdtest', 'sixthtest']
1: 66.0 ['fourthtest', 'eighthtest']
2: 67.0 ['firsttest', 'seventhtest']
3: 68.0 ['secondtest', 'fifthtest']
--------------------------------------------------------------------------------
firsttest: ([(0, 1, 30430000000L, 2)], [(False, False, True, False)])
secondtest: ([(0, 1, 31850000000L, 3)], [(False, False, False, True)])
thirdtest: ([(0, 1, 31490000000L, 0)], [(True, False, False, False)])
fourthtest: ([(0, 1, 31680000000L, 1)], [(False, True, False, False)])
fifthtest: ([(0, 1, 22210000000L, 3)], [(False, False, False, True)])
sixthtest: ([(0, 1, 22150000000L, 0)], [(True, False, False, False)])
seventhtest: ([(0, 1, 22020000000L, 2)], [(False, False, True, False)])
eighthtest: ([(0, 1, 21600000000L, 1)], [(False, True, False, False)])
--------------------------------------------------------------------------------
0: 66.0 ['thirdtest', 'sixthtest']
1: 63.0 ['fourthtest', 'eighthtest']
2: 67.0 ['firsttest', 'seventhtest']
3: 66.0 ['secondtest', 'fifthtest']
--------------------------------------------------------------------------------
firsttest: ([(0, 1, 30890000000L, 2)], [(False, False, True, False)])
secondtest: ([(0, 1, 32320000000L, 3)], [(False, False, False, True)])
thirdtest: ([(0, 1, 31970000000L, 0)], [(True, False, False, False)])
fourthtest: ([(0, 1, 32140000000L, 1)], [(False, True, False, False)])
fifthtest: ([(0, 1, 22410000000L, 3)], [(False, False, False, True)])
sixthtest: ([(0, 1, 22350000000L, 0)], [(True, False, False, False)])
seventhtest: ([(0, 1, 22210000000L, 2)], [(False, False, True, False)])
eighthtest: ([(0, 1, 21790000000L, 1)], [(False, True, False, False)])
--------------------------------------------------------------------------------
0: 68.0 ['thirdtest', 'sixthtest']
1: 65.0 ['fourthtest', 'eighthtest']
2: 65.0 ['firsttest', 'seventhtest']
3: 67.0 ['secondtest', 'fifthtest']
--------------------------------------------------------------------------------
firsttest: ([(0, 1, 31360000000L, 2)], [(False, False, True, False)])
secondtest: ([(0, 1, 32780000000L, 3)], [(False, False, False, True)])
thirdtest: ([(0, 1, 32430000000L, 0)], [(True, False, False, False)])
fourthtest: ([(0, 1, 32590000000L, 1)], [(False, True, False, False)])
fifthtest: ([(0, 1, 22600000000L, 3)], [(False, False, False, True)])
sixthtest: ([(0, 1, 22540000000L, 0)], [(True, False, False, False)])
seventhtest: ([(0, 1, 22410000000L, 2)], [(False, False, True, False)])
eighthtest: ([(0, 1, 21980000000L, 1)], [(False, True, False, False)])
--------------------------------------------------------------------------------
0: 65.0 ['thirdtest', 'sixthtest']
1: 64.0 ['fourthtest', 'eighthtest']
2: 67.0 ['firsttest', 'seventhtest']
3: 65.0 ['secondtest', 'fifthtest']
--------------------------------------------------------------------------------
firsttest: ([