Script started on 2019-09-14 22:14:08-0700
]0;root@ubuntu: /home/bond/git/cs6210Project1_test/cpuroot@ubuntu:/home/bond/git/cs6210Project1_test/cpu# ./monitor.py 
firsttest: ([(0, 1, 15050000000L, 2)], [(True, True, True, True)])
secondtest: ([(0, 1, 15180000000L, 3)], [(True, True, True, True)])
thirdtest: ([(0, 1, 15710000000L, 3)], [(True, True, True, True)])
fourthtest: ([(0, 1, 15160000000L, 1)], [(True, True, True, True)])
fifthtest: ([(0, 1, 15100000000L, 1)], [(True, True, True, True)])
sixthtest: ([(0, 1, 14980000000L, 2)], [(True, True, True, True)])
seventhtest: ([(0, 1, 14620000000L, 1)], [(True, True, True, True)])
eighthtest: ([(0, 1, 14360000000L, 2)], [(True, True, True, True)])
--------------------------------------------------------------------------------
0: 0.0 []
1: 0.0 []
2: 0.0 []
3: 0.0 []
--------------------------------------------------------------------------------
firsttest: ([(0, 1, 15050000000L, 2)], [(True, True, True, True)])
secondtest: ([(0, 1, 15180000000L, 3)], [(True, True, True, True)])
thirdtest: ([(0, 1, 15710000000L, 3)], [(True, True, True, True)])
fourthtest: ([(0, 1, 15160000000L, 1)], [(True, True, True, True)])
fifthtest: ([(0, 1, 15100000000L, 1)], [(True, True, True, True)])
sixthtest: ([(0, 1, 14990000000L, 2)], [(True, True, True, True)])
seventhtest: ([(0, 1, 14620000000L, 1)], [(True, True, True, True)])
eighthtest: ([(0, 1, 14360000000L, 2)], [(True, True, True, True)])
--------------------------------------------------------------------------------
0: 0.0 []
1: 0.0 ['fourthtest', 'fifthtest', 'seventhtest']
2: 1.0 ['firsttest', 'sixthtest', 'eighthtest']
3: 0.0 ['secondtest', 'thirdtest']
--------------------------------------------------------------------------------
firsttest: ([(0, 1, 15070000000L, 2)], [(True, True, True, True)])
secondtest: ([(0, 1, 15190000000L, 0)], [(True, True, True, True)])
thirdtest: ([(0, 1, 15720000000L, 3)], [(True, True, True, True)])
fourthtest: ([(0, 1, 15160000000L, 1)], [(True, True, True, True)])
fifthtest: ([(0, 1, 15100000000L, 1)], [(True, True, True, True)])
sixthtest: ([(0, 1, 14990000000L, 2)], [(True, True, True, True)])
seventhtest: ([(0, 1, 14620000000L, 1)], [(True, True, True, True)])
eighthtest: ([(0, 1, 14360000000L, 0)], [(True, True, True, True)])
--------------------------------------------------------------------------------
0: 1.0 ['secondtest', 'eighthtest']
1: 0.0 ['fourthtest', 'fifthtest', 'seventhtest']
2: 2.0 ['firsttest', 'sixthtest']
3: 1.0 ['thirdtest']
--------------------------------------------------------------------------------
firsttest: ([(0, 1, 15070000000L, 2)], [(True, True, True, True)])
secondtest: ([(0, 1, 15200000000L, 0)], [(True, True, True, True)])
thirdtest: ([(0, 1, 15720000000L, 3)], [(True, True, True, True)])
fourthtest: ([(0, 1, 15170000000L, 1)], [(True, True, True, True)])
fifthtest: ([(0, 1, 15100000000L, 0)], [(True, True, True, True)])
sixthtest: ([(0, 1, 14990000000L, 2)], [(True, True, True, True)])
seventhtest: ([(0, 1, 14630000000L, 1)], [(True, True, True, True)])
eighthtest: ([(0, 1, 14370000000L, 0)], [(True, True, True, True)])
--------------------------------------------------------------------------------
0: 2.0 ['secondtest', 'fifthtest', 'eighthtest']
1: 2.0 ['fourthtest', 'seventhtest']
2: 0.0 ['firsttest', 'sixthtest']
3: 0.0 ['thirdtest']
--------------------------------------------------------------------------------
firsttest: ([(0, 1, 15070000000L, 0)], [(True, False, False, False)])
secondtest: ([(0, 1, 15200000000L, 1)], [(False, True, False, False)])
thirdtest: ([(0, 1, 15720000000L, 2)], [(False, False, True, False)])
fourthtest: ([(0, 1, 15170000000L, 3)], [(False, False, False, True)])
fifthtest: ([(0, 1, 15110000000L, 0)], [(True, False, False, False)])
sixthtest: ([(0, 1, 14990000000L, 1)], [(False, True, False, False)])
seventhtest: ([(0, 1, 14630000000L, 2)], [(False, False, True, False)])
eighthtest: ([(0, 1, 14370000000L, 3)], [(False, False, False, True)])
--------------------------------------------------------------------------------
0: 1.0 ['firsttest', 'fifthtest']
1: 0.0 ['secondtest', 'sixthtest']
2: 0.0 ['thirdtest', 'seventhtest']
3: 0.0 ['fourthtest', 'eighthtest']
--------------------------------------------------------------------------------
firsttest: ([(0, 1, 15070000000L, 0)], [(True, False, False, False)])
secondtest: ([(0, 1, 15200000000L, 1)], [(False, True, False, False)])
thirdtest: ([(0, 1, 15720000000L, 2)], [(False, False, True, False)])
fourthtest: ([(0, 1, 15180000000L, 3)], [(False, False, False, True)])
fifthtest: ([(0, 1, 15110000000L, 0)], [(True, False, False, False)])
sixthtest: ([(0, 1, 14990000000L, 1)], [(False, True, False, False)])
seventhtest: ([(0, 1, 14630000000L, 2)], [(False, False, True, False)])
eighthtest: ([(0, 1, 14370000000L, 3)], [(False, False, False, True)])
--------------------------------------------------------------------------------
0: 0.0 ['firsttest', 'fifthtest']
1: 0.0 ['secondtest', 'sixthtest']
2: 0.0 ['thirdtest', 'seventhtest']
3: 1.0 ['fourthtest', 'eighthtest']
--------------------------------------------------------------------------------
firsttest: ([(0, 1, 15380000000L, 0)], [(True, False, False, False)])
secondtest: ([(0, 1, 15510000000L, 1)], [(False, True, False, False)])
thirdtest: ([(0, 1, 16020000000L, 2)], [(False, False, True, False)])
fourthtest: ([(0, 1, 15480000000L, 3)], [(False, False, False, True)])
fifthtest: ([(0, 1, 15430000000L, 0)], [(True, False, False, False)])
sixthtest: ([(0, 1, 15310000000L, 1)], [(False, True, False, False)])
seventhtest: ([(0, 1, 14920000000L, 2)], [(False, False, True, False)])
eighthtest: ([(0, 1, 14680000000L, 3)], [(False, False, False, True)])
--------------------------------------------------------------------------------
0: 63.0 ['firsttest', 'fifthtest']
1: 63.0 ['secondtest', 'sixthtest']
2: 59.0 ['thirdtest', 'seventhtest']
3: 61.0 ['fourthtest', 'eighthtest']
--------------------------------------------------------------------------------
firsttest: ([(0, 1, 15710000000L, 0)], [(True, False, False, False)])
secondtest: ([(0, 1, 15840000000L, 1)], [(False, True, False, False)])
thirdtest: ([(0, 1, 16350000000L, 2)], [(False, False, True, False)])
fourthtest: ([(0, 1, 15810000000L, 3)], [(False, False, False, True)])
fifthtest: ([(0, 1, 15760000000L, 0)], [(True, False, False, False)])
sixthtest: ([(0, 1, 15640000000L, 1)], [(False, True, False, False)])
seventhtest: ([(0, 1, 15250000000L, 2)], [(False, False, True, False)])
eighthtest: ([(0, 1, 15020000000L, 3)], [(False, False, False, True)])
--------------------------------------------------------------------------------
0: 66.0 ['firsttest', 'fifthtest']
1: 66.0 ['secondtest', 'sixthtest']
2: 66.0 ['thirdtest', 'seventhtest']
3: 67.0 ['fourthtest', 'eighthtest']
--------------------------------------------------------------------------------
firsttest: ([(0, 1, 16040000000L, 0)], [(True, False, False, False)])
secondtest: ([(0, 1, 16150000000L, 1)], [(False, True, False, False)])
thirdtest: ([(0, 1, 16680000000L, 2)], [(False, False, True, False)])
fourthtest: ([(0, 1, 16140000000L, 3)], [(False, False, False, True)])
fifthtest: ([(0, 1, 16090000000L, 0)], [(True, False, False, False)])
sixthtest: ([(0, 1, 15960000000L, 1)], [(False, True, False, False)])
seventhtest: ([(0, 1, 15580000000L, 2)], [(False, False, True, False)])
eighthtest: ([(0, 1, 15350000000L, 3)], [(False, False, False, True)])
--------------------------------------------------------------------------------
0: 66.0 ['firsttest', 'fifthtest']
1: 63.0 ['secondtest', 'sixthtest']
2: 66.0 ['thirdtest', 'seventhtest']
3: 66.0 ['fourthtest', 'eighthtest']
--------------------------------------------------------------------------------
firsttest: ([(0, 1, 16370000000L, 0)], [(True, False, False, False)])
secondtest: ([(0, 1, 16480000000L, 1)], [(False, True, False, False)])
thirdtest: ([(0, 1, 17000000000L, 2)], [(False, False, True, False)])
fourthtest: ([(0, 1, 16470000000L, 3)], [(False, False, False, True)])
fifthtest: ([(0, 1, 16420000000L, 0)], [(True, False, False, False)])
sixthtest: ([(0, 1, 16290000000L, 1)], [(False, True, False, False)])
seventhtest: ([(0, 1, 15900000000L, 2)], [(False, False, True, False)])
eighthtest: ([(0, 1, 15680000000L, 3)], [(False, False, False, True)])
--------------------------------------------------------------------------------
0: 66.0 ['firsttest', 'fifthtest']
1: 66.0 ['secondtest', 'sixthtest']
2: 64.0 ['thirdtest', 'seventhtest']
3: 66.0 ['fourthtest', 'eighthtest']
--------------------------------------------------------------------------------
firsttest: ([(0, 1, 16700000000L, 0)], [(True, False, False, False)])
secondtest: ([(0, 1, 16810000000L, 1)], [(False, True, False, False)])
thirdtest: ([(0, 1, 17340000000L, 2)], [(False, False, True, False)])
fourthtest: ([(0, 1, 16800000000L, 3)], [(False, False, False, True)])
fifthtest: ([(0, 1, 16750000000L, 0)], [(True, False, False, False)])
sixthtest: ([(0, 1, 16600000000L, 1)], [(False, True, False, False)])
seventhtest: ([(0, 1, 16230000000L, 2)], [(False, False, True, False)])
eighthtest: ([(0, 1, 16010000000L, 3)], [(False, False, False, True)])
--------------------------------------------------------------------------------
0: 66.0 ['firsttest', 'fifthtest']
1: 64.0 ['secondtest', 'sixthtest']
2: 67.0 ['thirdtest', 'seventhtest']
3: 66.0 ['fourthtest', 'eighthtest']
--------------------------------------------------------------------------------
firsttest: ([(0, 1, 17020000000L, 0)], [(True, False, False, False)])
secondtest: ([(0, 1, 17120000000L, 1)], [(False, True, False, False)])
thirdtest: ([(0, 1, 17660000000L, 2)], [(False, False, True, False)])
fourthtest: ([(0, 1, 17120000000L, 3)], [(False, False, False, True)])
fifthtest: ([(0, 1, 17070000000L, 0)], [(True, False, False, False)])
sixthtest: ([(0, 1, 16940000000L, 1)], [(False, True, False, False)])
seventhtest: ([(0, 1, 16560000000L, 2)], [(False, False, True, False)])
eighthtest: ([(0, 1, 16340000000L, 3)], [(False, False, False, True)])
--------------------------------------------------------------------------------
0: 64.0 ['firsttest', 'fifthtest']
1: 65.0 ['secondtest', 'sixthtest']
2: 65.0 ['thirdtest', 'seventhtest']
3: 65.0 ['fourthtest', 'eighthtest']
--------------------------------------------------------------------------------
firsttest: ([(0, 1, 17350000000L, 0)], [(True, False, False, False)])
secondtest: ([(0, 1, 17440000000L, 1)], [(False, True, False, False)])
thirdtest: ([(0, 1, 17980000000L, 2)], [(False, False, True, False)])
fourthtest: ([(0, 1, 17430000000L, 3)], [(False, False, False, True)])
fifthtest: ([(0, 1, 17410000000L, 0)], [(True, False, False, False)])
sixthtest: ([(0, 1, 17260000000L, 1)], [(False, True, False, False)])
seventhtest: ([(0, 1, 16890000000L, 2)], [(False, False, True, False)])
eighthtest: ([(0, 1, 16660000000L, 3)], [(False, False, False, True)])
--------------------------------------------------------------------------------
0: 67.0 ['firsttest', 'fifthtest']
1: 64.0 ['secondtest', 'sixthtest']
2: 65.0 ['thirdtest', 'seventhtest']
3: 63.0 ['fourthtest', 'eighthtest']
--------------------------------------------------------------------------------
firsttest: ([(0, 1, 17680000000L, 0)], [(True, False, False, False)])
secondtest: ([(0, 1, 17760000000L, 1)], [(False, True, False, False)])
thirdtest: ([(0, 1, 18310000000L, 2)], [(False, False, True, False)])
fourthtest: ([(0, 1, 17760000000L, 3)], [(False, False, False, True)])
fifthtest: ([(0, 1, 17730000000L, 0)], [(True, False, False, False)])
sixthtest: ([(0, 1, 17580000000L, 1)], [(False, True, False, False)])
seventhtest: ([(0, 1, 17230000000L, 2)], [(False, False, True, False)])
eighthtest: ([(0, 1, 16980000000L, 3)], [(False, False, False, True)])
--------------------------------------------------------------------------------
0: 65.0 ['firsttest', 'fifthtest']
1: 64.0 ['secondtest', 'sixthtest']
2: 67.0 ['thirdtest', 'seventhtest']
3: 65.0 ['fourthtest', 'eighthtest']
--------------------------------------------------------------------------------
firsttest: ([(0, 1, 18010000000L, 0)], [(True, False, False, False)])
secondtest: ([(0, 1, 18080000000L, 1)], [(False, True, False, False)])
thirdtest: ([(0, 1, 18640000000L, 2)], [(False, False, True, False)])
fourthtest: ([(0, 1, 18070000000L, 3)], [(False, False, False, True)])
fifthtest: ([(0, 1, 18060000000L, 0)], [(True, False, False, False)])
sixthtest: ([(0, 1, 17900000000L, 1)], [(False, True, False, False)])
seventhtest: ([(0, 1, 17560000000L, 2)], [(False, False, True, False)])
eighthtest: ([(0, 1, 17300000000L, 3)], [(False, False, False, True)])
--------------------------------------------------------------------------------
0: 66.0 ['firsttest', 'fifthtest']
1: 64.0 ['secondtest', 'sixthtest']
2: 66.0 ['thirdtest', 'seventhtest']
3: 63.0 ['fourthtest', 'eighthtest']
--------------------------------------------------------------------------------
firsttest: ([(0, 1, 18340000000L, 0)], [(True, False, False, False)])
secondtest: ([(0, 1, 18400000000L, 1)], [(False, True, False, False)])
thirdtest: ([(0, 1, 18960000000L, 2)], [(False, False, True, False)])
fourthtest: ([(0, 1, 18390000000L, 3)], [(False, False, False, True)])
fifthtest: ([(0, 1, 18390000000L, 0)], [(True, False, False, False)])
sixthtest: ([(0, 1, 18230000000L, 1)], [(False, True, False, False)])
seventhtest: ([(0, 1, 17880000000L, 2)], [(False, False, True, False)])
eighthtest: ([(0, 1, 17610000000L, 3)], [(False, False, False, True)])
--------------------------------------------------------------------------------
0: 66.0 ['firsttest', 'fifthtest']
1: 65.0 ['secondtest', 'sixthtest']
2: 64.0 ['thirdtest', 'seventhtest']
3: 63.0 ['fourthtest', 'eighthtest']
--------------------------------------------------------------------------------
firsttest: ([(0, 1, 18670000000L, 0)], [(True, False, False, False)])
secondtest: ([(0, 1, 18730000000L, 1)], [(False, True, False, False)])
thirdtest: ([(0, 1, 19300000000L, 2)], [(False, False, True, False)])
fourthtest: ([(0, 1, 18710000000L, 3)], [(False, False, False, True)])
fifthtest: ([(0, 1, 18710000000L, 0)], [(True, False, False, False)])
sixthtest: ([(0, 1, 18560000000L, 1)], [(False, True, False, False)])
seventhtest: ([(0, 1, 18220000000L, 2)], [(False, False, True, False)])
eighthtest: ([(0, 1, 17940000000L, 3)], [(False, False, False, True)])
--------------------------------------------------------------------------------
0: 65.0 ['firsttest', 'fifthtest']
1: 66.0 ['secondtest', 'sixthtest']
2: 68.0 ['thirdtest', 'seventhtest']
3: 65.0 ['fourthtest', 'eighthtest']
--------------------------------------------------------------------------------
firsttest: ([(0, 1, 18980000000L, 0)], [(True, False, False, False)])
secondtest: ([(0, 1, 19050000000L, 1)], [(False, True, False, False)])
thirdtest: ([(0, 1, 19610000000L, 2)], [(False, False, True, False)])
fourthtest: ([(0, 1, 19040000000L, 3)], [(False, False, False, True)])
fifthtest: ([(0, 1, 19040000000L, 0)], [(True, False, False, False)])
sixthtest: ([(0, 1, 18870000000L, 1)], [(False, True, False, False)])
seventhtest: ([(0, 1, 18530000000L, 2)], [(False, False, True, False)])
eighthtest: ([(0, 1, 18260000000L, 3)], [(False, False, False, True)])
--------------------------------------------------------------------------------
0: 64.0 ['firsttest', 'fifthtest']
1: 63.0 ['secondtest', 'sixthtest']
2: 62.0 ['thirdtest', 'seventhtest']
3: 65.0 ['fourthtest', 'eighthtest']
--------------------------------------------------------------------------------
firsttest: ([(0, 1, 19300000000L, 0)], [(True, False, False, False)])
secondtest: ([(0, 1, 19370000000L, 1)], [(False, True, False, False)])
thirdtest: ([(0, 1, 19940000000L, 2)], [(False, False, True, False)])
fourthtest: ([(0, 1, 19360000000L, 3)], [(False, False, False, True)])
fifthtest: ([(0, 1, 19360000000L, 0)], [(True, False, False, False)])
sixthtest: ([(0, 1, 19200000000L, 1)], [(False, True, False, False)])
seventhtest: ([(0, 1, 18860000000L, 2)], [(False, False, True, False)])
eighthtest: ([(0, 1, 18580000000L, 3)], [(False, False, False, True)])
--------------------------------------------------------------------------------
0: 64.0 ['firsttest', 'fifthtest']
1: 65.0 ['secondtest', 'sixthtest']
2: 66.0 ['thirdtest', 'seventhtest']
3: 64.0 ['fourthtest', 'eighthtest']
--------------------------------------------------------------------------------
firsttest: ([(0, 1, 19630000000L, 0)], [(True, False, False, False)])
secondtest: ([(0, 1, 19690000000L, 1)], [(False, True, False, False)])
thirdtest: ([(0, 1, 20270000000L, 2)], [(False, False, True, False)])
fourthtest: ([(0, 1, 19680000000L, 3)], [(False, False, False, True)])
fifthtest: ([(0, 1, 19680000000L, 0)], [(True, False, False, False)])
sixthtest: ([(0, 1, 19520000000L, 1)], [(False, True, False, False)])
seventhtest: ([(0, 1, 19180000000L, 2)], [(False, False, True, False)])
eighthtest: ([(0, 1, 18900000000L, 3)], [(False, False, False, True)])
--------------------------------------------------------------------------------
0: 65.0 ['firsttest', 'fifthtest']
1: 64.0 ['secondtest', 'sixthtest']
2: 65.0 ['thirdtest', 'seventhtest']
3: 64.0 ['fourthtest', 'eighthtest']
--------------------------------------------------------------------------------
firsttest: ([(0, 1, 19970000000L, 0)], [(True, False, False, False)])
secondtest: ([(0, 1, 20020000000L, 1)], [(False, True, False, False)])
thirdtest: ([(0, 1, 20600000000L, 2)], [(False, False, True, False)])
fourthtest: ([(0, 1, 20010000000L, 3)], [(False, False, False, True)])
fifthtest: ([(0, 1, 20010000000L, 0)], [(True, False, False, False)])
sixthtest: ([(0, 1, 19840000000L, 1)], [(False, True, False, False)])
seventhtest: ([(0, 1, 19520000000L, 2)], [(False, False, True, False)])
eighthtest: ([(0, 1, 19230000000L, 3)], [(False, False, False, True)])
--------------------------------------------------------------------------------
0: 67.0 ['firsttest', 'fifthtest']
1: 65.0 ['secondtest', 'sixthtest']
2: 67.0 ['thirdtest', 'seventhtest']
3: 66.0 ['fourthtest', 'eighthtest']
--------------------------------------------------------------------------------
firsttest: ([(0, 1, 20290000000L, 0)], [(True, False, False, False)])
secondtest: ([(0, 1, 20340000000L, 1)], [(False, True, False, False)])
thirdtest: ([(0, 1, 20930000000L, 2)], [(False, False, True, False)])
fourthtest: ([(0, 1, 20340000000L, 3)], [(False, False, False, True)])
fifthtest: ([(0, 1, 20340000000L, 0)], [(True, False, False, False)])
sixthtest: ([(0, 1, 20160000000L, 1)], [(False, True, False, False)])
seventhtest: ([(0, 1, 19850000000L, 2)], [(False, False, True, False)])
eighthtest: ([(0, 1, 19570000000L, 3)], [(False, False, False, True)])
--------------------------------------------------------------------------------
0: 65.0 ['firsttest', 'fifthtest']
1: 64.0 ['secondtest', 'sixthtest']
2: 66.0 ['thirdtest', 'seventhtest']
3: 67.0 ['fourthtest', 'eighthtest']
--------------------------------------------------------------------------------
firsttest: ([(0, 1, 20620000000L, 0)], [(True, False, False, False)])
secondtest: ([(0, 1, 20660000000L, 1)], [(False, True, False, False)])
thirdtest: ([(0, 1, 21260000000L, 2)], [(False, False, True, False)])
fourthtest: ([(0, 1, 20670000000L, 3)], [(False, False, False, True)])
fifthtest: ([(0, 1, 20680000000L, 0)], [(True, False, False, False)])
sixthtest: ([(0, 1, 20490000000L, 1)], [(False, True, False, False)])
seventhtest: ([(0, 1, 20180000000L, 2)], [(False, False, True, False)])
eighthtest: ([(0, 1, 19900000000L, 3)], [(False, False, False, True)])
--------------------------------------------------------------------------------
0: 67.0 ['firsttest', 'fifthtest']
1: 65.0 ['secondtest', 'sixthtest']
2: 66.0 ['thirdtest', 'seventhtest']
3: 66.0 ['fourthtest', 'eighthtest']
--------------------------------------------------------------------------------
firsttest: ([(0, 1, 20950000000L, 0)], [(True, False, False, False)])
secondtest: ([(0, 1, 20980000000L, 1)], [(False, True, False, False)])
thirdtest: ([(0, 1, 21580000000L, 2)], [(False, False, True, False)])
fourthtest: ([(0, 1, 21000000000L, 3)], [(False, False, False, True)])
fifthtest: ([(0, 1, 21000000000L, 0)], [(True, False, False, False)])
sixthtest: ([(0, 1, 20810000000L, 1)], [(False, True, False, False)])
seventhtest: ([(0, 1, 20500000000L, 2)], [(False, False, True, False)])
eighthtest: ([(0, 1, 20220000000L, 3)], [(False, False, False, True)])
--------------------------------------------------------------------------------
0: 65.0 ['firsttest', 'fifthtest']
1: 64.0 ['secondtest', 'sixthtest']
2: 64.0 ['thirdtest', 'seventhtest']
3: 65.0 ['fourthtest', 'eighthtest']
--------------------------------------------------------------------------------
firsttest: ([(0, 1, 21270000000L, 0)], [(True, False, False, False)])
secondtest: ([(0, 1, 21290000000L, 1)], [(False, True, False, False)])
thirdtest: ([(0, 1, 21920000000L, 2)], [(False, False, True, False)])
fourthtest: ([(0, 1, 21330000000L, 3)], [(False, False, False, True)])
fifthtest: ([(0, 1, 21330000000L, 0)], [(True, False, False, False)])
sixthtest: ([(0, 1, 21140000000L, 1)], [(False, True, False, False)])
seventhtest: ([(0, 1, 20830000000L, 2)], [(False, False, True, False)])
eighthtest: ([(0, 1, 20550000000L, 3)], [(False, False, False, True)])
--------------------------------------------------------------------------------
0: 65.0 ['firsttest', 'fifthtest']
1: 64.0 ['secondtest', 'sixthtest']
2: 67.0 ['thirdtest', 'seventhtest']
3: 66.0 ['fourthtest', 'eighthtest']
--------------------------------------------------------------------------------
firsttest: ([(0, 1, 21610000000L, 0)], [(True, False, False, False)])
secondtest: ([(0, 1, 21610000000L, 1)], [(False, True, False, False)])
thirdtest: ([(0, 1, 22240000000L, 2)], [(False, False, True, False)])
fourthtest: ([(0, 1, 21650000000L, 3)], [(False, False, False, True)])
fifthtest: ([(0, 1, 21650000000L, 0)], [(True, False, False, False)])
sixthtest: ([(0, 1, 21450000000L, 1)], [(False, True, False, False)])
seventhtest: ([(0, 1, 21170000000L, 2)], [(False, False, True, False)])
eighthtest: ([(0, 1, 20880000000L, 3)], [(False, False, False, True)])
--------------------------------------------------------------------------------
0: 66.0 ['firsttest', 'fifthtest']
1: 63.0 ['secondtest', 'sixthtest']
2: 66.0 ['thirdtest', 'seventhtest']
3: 65.0 ['fourthtest', 'eighthtest']
--------------------------------------------------------------------------------
firsttest: ([(0, 1, 21930000000L, 0)], [(True, False, False, False)])
secondtest: ([(0, 1, 21930000000L, 1)], [(False, True, False, False)])
thirdtest: ([(0, 1, 22570000000L, 2)], [(False, False, True, False)])
fourthtest: ([(0, 1, 21980000000L, 3)], [(False, False, False, True)])
fifthtest: ([(0, 1, 21980000000L, 0)], [(True, False, False, False)])
sixthtest: ([(0, 1, 21770000000L, 1)], [(False, True, False, False)])
seventhtest: ([(0, 1, 21490000000L, 2)], [(False, False, True, False)])
eighthtest: ([(0, 1, 21210000000L, 3)], [(False, False, False, True)])
--------------------------------------------------------------------------------
0: 65.0 ['firsttest', 'fifthtest']
1: 64.0 ['secondtest', 'sixthtest']
2: 65.0 ['thirdtest', 'seventhtest']
3: 66.0 ['fourthtest', 'eighthtest']
--------------------------------------------------------------------------------
firsttest: ([(0, 1, 22260000000L, 0)], [(True, False, False, False)])
secondtest: ([(0, 1, 22250000000L, 1)], [(False, True, False, False)])
thirdtest: ([(0, 1, 22900000000L, 2)], [(False, False, True, False)])
fourthtest: ([(0, 1, 22300000000L, 3)], [(False, False, False, True)])
fifthtest: ([(0, 1, 22310000000L, 0)], [(True, False, False, False)])
sixthtest: ([(0, 1, 22080000000L, 1)], [(False, True, False, False)])
seventhtest: ([(0, 1, 21810000000L, 2)], [(False, False, True, False)])
eighthtest: ([(0, 1, 21530000000L, 3)], [(False, False, False, True)])
--------------------------------------------------------------------------------
0: 66.0 ['firsttest', 'fifthtest']
1: 63.0 ['secondtest', 'sixthtest']
2: 65.0 ['thirdtest', 'seventhtest']
3: 64.0 ['fourthtest', 'eighthtest']
--------------------------------------------------------------------------------
firsttest: ([(0, 1, 22590000000L, 0)], [(True, False, False, False)])
secondtest: ([(0, 1, 22570000000L, 1)], [(False, True, False, False)])
thirdtest: ([(0, 1, 23230000000L, 2)], [(False, False, True, False)])
fourthtest: ([(0, 1, 22630000000L, 3)], [(False, False, False, True)])
fifthtest: ([(0, 1, 22650000000L, 0)], [(True, False, False, False)])
sixthtest: ([(0, 1, 22410000000L, 1)], [(False, True, False, False)])
seventhtest: ([(0, 1, 22150000000L, 2)], [(False, False, True, False)])
eighthtest: ([(0, 1, 21850000000L, 3)], [(False, False, False, True)])
--------------------------------------------------------------------------------
0: 67.0 ['firsttest', 'fifthtest']
1: 65.0 ['secondtest', 'sixthtest']
2: 67.0 ['thirdtest', 'seventhtest']
3: 65.0 ['fourthtest', 'eighthtest']
--------------------------------------------------------------------------------
firsttest: ([(0, 1, 22920000000L, 0)], [(True, False, False, False)])
secondtest: ([(0, 1, 22870000000L, 1)], [(False, True, False, False)])
thirdtest: ([(0, 1, 23560000000L, 2)], [(False, False, True, False)])
fourthtest: ([(0, 1, 22950000000L, 3)], [(False, False, False, True)])
fifthtest: ([(0, 1, 22970000000L, 0)], [(True, False, False, False)])
sixthtest: ([(0, 1, 22740000000L, 1)], [(False, True, False, False)])
seventhtest: ([(0, 1, 22480000000L, 2)], [(False, False, True, False)])
eighthtest: ([(0, 1, 22170000000L, 3)], [(False, False, False, True)])
--------------------------------------------------------------------------------
0: 65.0 ['firsttest', 'fifthtest']
1: 63.0 ['secondtest', 'sixthtest']
2: 66.0 ['thirdtest', 'seventhtest']
3: 64.0 ['fourthtest', 'eighthtest']
--------------------------------------------------------------------------------
^CTraceback (most recent call last):
  File "./monitor.py", line 72, in <module>
    s.run()
  File "/usr/lib/python2.7/sched.py", line 111, in run
    delayfunc(time - now)
KeyboardInterrupt
]0;root@ubuntu: /home/bond/git/cs6210Project1_test/cpuroot@ubuntu:/home/bond/git/cs6210Project1_test/cpu# exit
